#
# There is insufficient memory for the Java Runtime Environment to continue.
# Native memory allocation (malloc) failed to allocate 893376 bytes. Error detail: Chunk::new
# Possible reasons:
#   The system is out of physical RAM or swap space
#   This process is running with CompressedOops enabled, and the Java Heap may be blocking the growth of the native heap
# Possible solutions:
#   Reduce memory load on the system
#   Increase physical memory or swap space
#   Check if swap backing store is full
#   Decrease Java heap size (-Xmx/-Xms)
#   Decrease number of Java threads
#   Decrease Java thread stack sizes (-Xss)
#   Set larger code cache with -XX:ReservedCodeCacheSize=
#   JVM is running with Unscaled Compressed Oops mode in which the Java heap is
#     placed in the first 4GB address space. The Java Heap base address is the
#     maximum limit for the native heap growth. Please use -XX:HeapBaseMinAddress
#     to set the Java Heap base and to place the Java Heap above 4GB virtual address.
# This output file may be truncated or incomplete.
#
#  Out of Memory Error (arena.cpp:168), pid=1692, tid=12588
#
# JRE version: OpenJDK Runtime Environment Temurin-21.0.9+10 (21.0.9+10) (build 21.0.9+10-LTS)
# Java VM: OpenJDK 64-Bit Server VM Temurin-21.0.9+10 (21.0.9+10-LTS, mixed mode, sharing, tiered, compressed oops, compressed class ptrs, parallel gc, windows-amd64)
# No core dump will be written. Minidumps are not enabled by default on client versions of Windows
#

---------------  S U M M A R Y ------------

Command Line: --add-modules=ALL-SYSTEM --add-opens=java.base/java.util=ALL-UNNAMED --add-opens=java.base/java.lang=ALL-UNNAMED --add-opens=java.base/sun.nio.fs=ALL-UNNAMED -Declipse.application=org.eclipse.jdt.ls.core.id1 -Dosgi.bundles.defaultStartLevel=4 -Declipse.product=org.eclipse.jdt.ls.core.product -Djava.import.generatesMetadataFilesAtProjectRoot=false -DDetectVMInstallationsJob.disabled=true -Dfile.encoding=utf8 -XX:+UseParallelGC -XX:GCTimeRatio=4 -XX:AdaptiveSizePolicyWeight=90 -Dsun.zip.disableMemoryMapping=true -Xmx2G -Xms100m -Xlog:disable -javaagent:c:\Users\Windows\.vscode\extensions\redhat.java-1.52.0-win32-x64\lombok\lombok-1.18.39-4050.jar -XX:+HeapDumpOnOutOfMemoryError -XX:HeapDumpPath=c:\Users\Windows\AppData\Roaming\Code\User\workspaceStorage\dfdc2452a5078a7f15487c969d3a8cff\redhat.java -Daether.dependencyCollector.impl=bf c:\Users\Windows\.vscode\extensions\redhat.java-1.52.0-win32-x64\server\plugins\org.eclipse.equinox.launcher_1.7.100.v20251111-0406.jar -configuration c:\Users\Windows\AppData\Roaming\Code\User\globalStorage\redhat.java\1.52.0\config_win -data c:\Users\Windows\AppData\Roaming\Code\User\workspaceStorage\dfdc2452a5078a7f15487c969d3a8cff\redhat.java\jdt_ws --pipe=\\.\pipe\lsp-ff669edcf535db2839428b232d47ea91-sock

Host: AMD Ryzen 3 5300U with Radeon Graphics         , 8 cores, 3G,  Windows 11 , 64 bit Build 26100 (10.0.26100.7623)
Time: Sun Feb  8 20:33:12 2026 Hora est. Pacífico, Sudamérica elapsed time: 645.975643 seconds (0d 0h 10m 45s)

---------------  T H R E A D  ---------------

Current thread (0x0000024fb8e97220):  JavaThread "C2 CompilerThread0" daemon [_thread_in_native, id=12588, stack(0x0000006a27b00000,0x0000006a27c00000) (1024K)]


Current CompileTask:
C2:645975 17221       4       org.eclipse.jdt.internal.compiler.lookup.LookupEnvironment::getTypeFromTypeSignature (770 bytes)

Stack: [0x0000006a27b00000,0x0000006a27c00000]
Native frames: (J=compiled Java code, j=interpreted, Vv=VM code, C=native code)
V  [jvm.dll+0x6d6e29]
V  [jvm.dll+0x8b4b76]
V  [jvm.dll+0x8b712e]
V  [jvm.dll+0x8b7813]
V  [jvm.dll+0x283d86]
V  [jvm.dll+0xc66ed]
V  [jvm.dll+0xc6c31]
V  [jvm.dll+0x2facee]
V  [jvm.dll+0x5fde44]
V  [jvm.dll+0x255557]
V  [jvm.dll+0x24d994]
V  [jvm.dll+0x24b482]
V  [jvm.dll+0x1cb13e]
V  [jvm.dll+0x25b29d]
V  [jvm.dll+0x25982a]
V  [jvm.dll+0x3f7ea6]
V  [jvm.dll+0x85e9ad]
V  [jvm.dll+0x6d565d]
C  [ucrtbase.dll+0x37b0]
C  [KERNEL32.DLL+0x2e8d7]
C  [ntdll.dll+0x8c53c]


---------------  P R O C E S S  ---------------

Threads class SMR info:
_java_thread_list=0x0000024f87ad24a0, length=65, elements={
0x0000024fa241c5a0, 0x0000024fb8e8c300, 0x0000024fb8e8df90, 0x0000024fb8e90720,
0x0000024fb8e92a90, 0x0000024fb8e959a0, 0x0000024fb8e963f0, 0x0000024fb8e97220,
0x0000024f8404c550, 0x0000024f841b4ce0, 0x0000024f84318dc0, 0x0000024f849e9f20,
0x0000024f84602680, 0x0000024f848cc2f0, 0x0000024f848ccd20, 0x0000024f85060970,
0x0000024f842d35c0, 0x0000024f842d2f30, 0x0000024f842d2210, 0x0000024f842d4970,
0x0000024f842d3c50, 0x0000024f842d1b80, 0x0000024f8733a410, 0x0000024f8733b7c0,
0x0000024f8733aaa0, 0x0000024f873396f0, 0x0000024f87339d80, 0x0000024f8733b130,
0x0000024f8733be50, 0x0000024f8733c4e0, 0x0000024f87339060, 0x0000024f851d9210,
0x0000024f851db2e0, 0x0000024f851d9f30, 0x0000024f851d98a0, 0x0000024f851da5c0,
0x0000024f8674c080, 0x0000024f858da820, 0x0000024f858d8de0, 0x0000024f858dc260,
0x0000024f858dc8f0, 0x0000024f858d9470, 0x0000024f858dcf80, 0x0000024f858d9b00,
0x0000024f858df6e0, 0x0000024f858dfd70, 0x0000024f858dd610, 0x0000024f858de9c0,
0x0000024f858df050, 0x0000024f851db970, 0x0000024f851d84f0, 0x0000024f842d28a0,
0x0000024f842d5000, 0x0000024f86d735e0, 0x0000024f86d73c70, 0x0000024f86d707f0,
0x0000024f86d70e80, 0x0000024f86d72f50, 0x0000024f86d74990, 0x0000024f86d71ba0,
0x0000024f86d71510, 0x0000024f86d75020, 0x0000024f86d72230, 0x0000024f86d756b0,
0x0000024f851d8b80
}

Java Threads: ( => current thread )
  0x0000024fa241c5a0 JavaThread "main"                              [_thread_blocked, id=2380, stack(0x0000006a27100000,0x0000006a27200000) (1024K)]
  0x0000024fb8e8c300 JavaThread "Reference Handler"          daemon [_thread_blocked, id=11032, stack(0x0000006a27500000,0x0000006a27600000) (1024K)]
  0x0000024fb8e8df90 JavaThread "Finalizer"                  daemon [_thread_blocked, id=4640, stack(0x0000006a27600000,0x0000006a27700000) (1024K)]
  0x0000024fb8e90720 JavaThread "Signal Dispatcher"          daemon [_thread_blocked, id=11776, stack(0x0000006a27700000,0x0000006a27800000) (1024K)]
  0x0000024fb8e92a90 JavaThread "Attach Listener"            daemon [_thread_blocked, id=13852, stack(0x0000006a27800000,0x0000006a27900000) (1024K)]
  0x0000024fb8e959a0 JavaThread "Service Thread"             daemon [_thread_blocked, id=11372, stack(0x0000006a27900000,0x0000006a27a00000) (1024K)]
  0x0000024fb8e963f0 JavaThread "Monitor Deflation Thread"   daemon [_thread_blocked, id=7340, stack(0x0000006a27a00000,0x0000006a27b00000) (1024K)]
=>0x0000024fb8e97220 JavaThread "C2 CompilerThread0"         daemon [_thread_in_native, id=12588, stack(0x0000006a27b00000,0x0000006a27c00000) (1024K)]
  0x0000024f8404c550 JavaThread "C1 CompilerThread0"         daemon [_thread_blocked, id=9564, stack(0x0000006a27c00000,0x0000006a27d00000) (1024K)]
  0x0000024f841b4ce0 JavaThread "Common-Cleaner"             daemon [_thread_blocked, id=2092, stack(0x0000006a27d00000,0x0000006a27e00000) (1024K)]
  0x0000024f84318dc0 JavaThread "Notification Thread"        daemon [_thread_blocked, id=11472, stack(0x0000006a27e00000,0x0000006a27f00000) (1024K)]
  0x0000024f849e9f20 JavaThread "Active Thread: Equinox Container: 43d16a94-8444-4555-82b4-6b7a0520bc95"        [_thread_blocked, id=10208, stack(0x0000006a28500000,0x0000006a28600000) (1024K)]
  0x0000024f84602680 JavaThread "Refresh Thread: Equinox Container: 43d16a94-8444-4555-82b4-6b7a0520bc95" daemon [_thread_blocked, id=14748, stack(0x0000006a28700000,0x0000006a28800000) (1024K)]
  0x0000024f848cc2f0 JavaThread "Framework Event Dispatcher: Equinox Container: 43d16a94-8444-4555-82b4-6b7a0520bc95" daemon [_thread_blocked, id=15004, stack(0x0000006a28800000,0x0000006a28900000) (1024K)]
  0x0000024f848ccd20 JavaThread "Start Level: Equinox Container: 43d16a94-8444-4555-82b4-6b7a0520bc95" daemon [_thread_blocked, id=4880, stack(0x0000006a28900000,0x0000006a28a00000) (1024K)]
  0x0000024f85060970 JavaThread "Bundle File Closer"         daemon [_thread_blocked, id=12076, stack(0x0000006a28a00000,0x0000006a28b00000) (1024K)]
  0x0000024f842d35c0 JavaThread "SCR Component Actor"        daemon [_thread_blocked, id=14620, stack(0x0000006a28b00000,0x0000006a28c00000) (1024K)]
  0x0000024f842d2f30 JavaThread "Worker-JM"                         [_thread_blocked, id=11464, stack(0x0000006a28c00000,0x0000006a28d00000) (1024K)]
  0x0000024f842d2210 JavaThread "JNA Cleaner"                daemon [_thread_blocked, id=12044, stack(0x0000006a28d00000,0x0000006a28e00000) (1024K)]
  0x0000024f842d4970 JavaThread "Worker-0"                          [_thread_blocked, id=14308, stack(0x0000006a28e00000,0x0000006a28f00000) (1024K)]
  0x0000024f842d3c50 JavaThread "Java indexing"              daemon [_thread_blocked, id=13572, stack(0x0000006a29100000,0x0000006a29200000) (1024K)]
  0x0000024f842d1b80 JavaThread "Worker-4"                          [_thread_blocked, id=11420, stack(0x0000006a29500000,0x0000006a29600000) (1024K)]
  0x0000024f8733a410 JavaThread "Thread-1"                   daemon [_thread_in_native, id=11508, stack(0x0000006a29600000,0x0000006a29700000) (1024K)]
  0x0000024f8733b7c0 JavaThread "Thread-2"                   daemon [_thread_in_native, id=12448, stack(0x0000006a29700000,0x0000006a29800000) (1024K)]
  0x0000024f8733aaa0 JavaThread "Thread-3"                   daemon [_thread_in_native, id=4912, stack(0x0000006a29800000,0x0000006a29900000) (1024K)]
  0x0000024f873396f0 JavaThread "Thread-4"                   daemon [_thread_in_native, id=5416, stack(0x0000006a29900000,0x0000006a29a00000) (1024K)]
  0x0000024f87339d80 JavaThread "Thread-5"                   daemon [_thread_in_native, id=13928, stack(0x0000006a29a00000,0x0000006a29b00000) (1024K)]
  0x0000024f8733b130 JavaThread "Thread-6"                   daemon [_thread_in_native, id=12756, stack(0x0000006a29b00000,0x0000006a29c00000) (1024K)]
  0x0000024f8733be50 JavaThread "Thread-7"                   daemon [_thread_in_native, id=15000, stack(0x0000006a29c00000,0x0000006a29d00000) (1024K)]
  0x0000024f8733c4e0 JavaThread "Thread-8"                   daemon [_thread_in_native, id=4688, stack(0x0000006a29d00000,0x0000006a29e00000) (1024K)]
  0x0000024f87339060 JavaThread "Thread-9"                   daemon [_thread_in_native, id=1876, stack(0x0000006a29e00000,0x0000006a29f00000) (1024K)]
  0x0000024f851d9210 JavaThread "pool-2-thread-1"                   [_thread_blocked, id=12012, stack(0x0000006a29f00000,0x0000006a2a000000) (1024K)]
  0x0000024f851db2e0 JavaThread "WorkspaceEventsHandler"            [_thread_blocked, id=912, stack(0x0000006a2a000000,0x0000006a2a100000) (1024K)]
  0x0000024f851d9f30 JavaThread "pool-1-thread-1"                   [_thread_blocked, id=7348, stack(0x0000006a2a100000,0x0000006a2a200000) (1024K)]
  0x0000024f851d98a0 JavaThread "ForkJoinPool.commonPool-worker-4" daemon [_thread_blocked, id=15256, stack(0x0000006a2a500000,0x0000006a2a600000) (1024K)]
  0x0000024f851da5c0 JavaThread "ForkJoinPool.commonPool-worker-5" daemon [_thread_blocked, id=11588, stack(0x0000006a2a600000,0x0000006a2a700000) (1024K)]
  0x0000024f8674c080 JavaThread "ForkJoinPool.commonPool-worker-7" daemon [_thread_blocked, id=10192, stack(0x0000006a2a800000,0x0000006a2a900000) (1024K)]
  0x0000024f858da820 JavaThread "Cleaner-0"                  daemon [_thread_blocked, id=5836, stack(0x0000006a26f00000,0x0000006a27000000) (1024K)]
  0x0000024f858d8de0 JavaThread "Worker-5"                          [_thread_blocked, id=11656, stack(0x0000006a27000000,0x0000006a27100000) (1024K)]
  0x0000024f858dc260 JavaThread "Worker-6"                          [_thread_blocked, id=15332, stack(0x0000006a28f00000,0x0000006a29000000) (1024K)]
  0x0000024f858dc8f0 JavaThread "Worker-7"                          [_thread_blocked, id=7284, stack(0x0000006a29000000,0x0000006a29100000) (1024K)]
  0x0000024f858d9470 JavaThread "ForkJoinPool.commonPool-worker-8" daemon [_thread_blocked, id=8820, stack(0x0000006a29200000,0x0000006a29300000) (1024K)]
  0x0000024f858dcf80 JavaThread "ForkJoinPool.commonPool-worker-9" daemon [_thread_blocked, id=11628, stack(0x0000006a29300000,0x0000006a29400000) (1024K)]
  0x0000024f858d9b00 JavaThread "ForkJoinPool.commonPool-worker-10" daemon [_thread_blocked, id=13876, stack(0x0000006a29400000,0x0000006a29500000) (1024K)]
  0x0000024f858df6e0 JavaThread "ForkJoinPool.commonPool-worker-11" daemon [_thread_blocked, id=3760, stack(0x0000006a2a200000,0x0000006a2a300000) (1024K)]
  0x0000024f858dfd70 JavaThread "Compiler Source File Reader" daemon [_thread_blocked, id=11496, stack(0x0000006a2a700000,0x0000006a2a800000) (1024K)]
  0x0000024f858dd610 JavaThread "LocalFile Deleter"          daemon [_thread_blocked, id=6560, stack(0x0000006a2a300000,0x0000006a2a400000) (1024K)]
  0x0000024f858de9c0 JavaThread "LocalFile Deleter"          daemon [_thread_blocked, id=3664, stack(0x0000006a2a400000,0x0000006a2a500000) (1024K)]
  0x0000024f858df050 JavaThread "LocalFile Deleter"          daemon [_thread_blocked, id=10896, stack(0x0000006a2a900000,0x0000006a2aa00000) (1024K)]
  0x0000024f851db970 JavaThread "LocalFile Deleter"          daemon [_thread_blocked, id=8496, stack(0x0000006a2ab00000,0x0000006a2ac00000) (1024K)]
  0x0000024f851d84f0 JavaThread "LocalFile Deleter"          daemon [_thread_blocked, id=11888, stack(0x0000006a2ac00000,0x0000006a2ad00000) (1024K)]
  0x0000024f842d28a0 JavaThread "LocalFile Deleter"          daemon [_thread_blocked, id=2624, stack(0x0000006a2ae00000,0x0000006a2af00000) (1024K)]
  0x0000024f842d5000 JavaThread "Compiler Source File Reader" daemon [_thread_blocked, id=14192, stack(0x0000006a2af00000,0x0000006a2b000000) (1024K)]
  0x0000024f86d735e0 JavaThread "Compiler Source File Reader" daemon [_thread_blocked, id=15204, stack(0x0000006a2b000000,0x0000006a2b100000) (1024K)]
  0x0000024f86d73c70 JavaThread "Compiler Source File Reader" daemon [_thread_blocked, id=3100, stack(0x0000006a2b100000,0x0000006a2b200000) (1024K)]
  0x0000024f86d707f0 JavaThread "Compiler Source File Reader" daemon [_thread_blocked, id=15136, stack(0x0000006a2b200000,0x0000006a2b300000) (1024K)]
  0x0000024f86d70e80 JavaThread "Compiler Source File Reader" daemon [_thread_blocked, id=6636, stack(0x0000006a2b300000,0x0000006a2b400000) (1024K)]
  0x0000024f86d72f50 JavaThread "Worker-8"                          [_thread_blocked, id=13432, stack(0x0000006a2b400000,0x0000006a2b500000) (1024K)]
  0x0000024f86d74990 JavaThread "Compiler Class File Writer" daemon [_thread_blocked, id=7264, stack(0x0000006a2b700000,0x0000006a2b800000) (1024K)]
  0x0000024f86d71ba0 JavaThread "Compiler Class File Writer" daemon [_thread_blocked, id=11932, stack(0x0000006a2b800000,0x0000006a2b900000) (1024K)]
  0x0000024f86d71510 JavaThread "Compiler Class File Writer" daemon [_thread_blocked, id=10368, stack(0x0000006a2b900000,0x0000006a2ba00000) (1024K)]
  0x0000024f86d75020 JavaThread "Compiler Class File Writer" daemon [_thread_blocked, id=6484, stack(0x0000006a2ba00000,0x0000006a2bb00000) (1024K)]
  0x0000024f86d72230 JavaThread "Compiler Class File Writer" daemon [_thread_blocked, id=13796, stack(0x0000006a2bb00000,0x0000006a2bc00000) (1024K)]
  0x0000024f86d756b0 JavaThread "Compiler Class File Writer" daemon [_thread_blocked, id=14256, stack(0x0000006a2bc00000,0x0000006a2bd00000) (1024K)]
  0x0000024f851d8b80 JavaThread "Worker-9"                          [_thread_blocked, id=7964, stack(0x0000006a2ad00000,0x0000006a2ae00000) (1024K)]
Total: 65

Other Threads:
  0x0000024fb8e71d40 VMThread "VM Thread"                           [id=3672, stack(0x0000006a27400000,0x0000006a27500000) (1024K)]
  0x0000024fb8daca00 WatcherThread "VM Periodic Task Thread"        [id=2512, stack(0x0000006a27300000,0x0000006a27400000) (1024K)]
  0x0000024fa243a800 WorkerThread "GC Thread#0"                     [id=11104, stack(0x0000006a27200000,0x0000006a27300000) (1024K)]
  0x0000024f845be860 WorkerThread "GC Thread#1"                     [id=14380, stack(0x0000006a27f00000,0x0000006a28000000) (1024K)]
  0x0000024f843b5740 WorkerThread "GC Thread#2"                     [id=15184, stack(0x0000006a28000000,0x0000006a28100000) (1024K)]
  0x0000024f843b5ae0 WorkerThread "GC Thread#3"                     [id=2940, stack(0x0000006a28100000,0x0000006a28200000) (1024K)]
  0x0000024f843b5e80 WorkerThread "GC Thread#4"                     [id=12576, stack(0x0000006a28200000,0x0000006a28300000) (1024K)]
  0x0000024f843b6220 WorkerThread "GC Thread#5"                     [id=14896, stack(0x0000006a28300000,0x0000006a28400000) (1024K)]
  0x0000024f843b65c0 WorkerThread "GC Thread#6"                     [id=3248, stack(0x0000006a28400000,0x0000006a28500000) (1024K)]
  0x0000024f848d3a60 WorkerThread "GC Thread#7"                     [id=2776, stack(0x0000006a28600000,0x0000006a28700000) (1024K)]
Total: 10

Threads with active compile tasks:
C2 CompilerThread0  646109 17221       4       org.eclipse.jdt.internal.compiler.lookup.LookupEnvironment::getTypeFromTypeSignature (770 bytes)
Total: 1

VM state: not at safepoint (normal execution)

VM Mutex/Monitor currently owned by a thread: None

Heap address: 0x0000000080000000, size: 2048 MB, Compressed Oops mode: 32-bit

CDS archive(s) mapped at: [0x0000024fb9000000-0x0000024fb9ba0000-0x0000024fb9ba0000), size 12189696, SharedBaseAddress: 0x0000024fb9000000, ArchiveRelocationMode: 1.
Compressed class space mapped at: 0x0000024fba000000-0x0000024ffa000000, reserved size: 1073741824
Narrow klass base: 0x0000024fb9000000, Narrow klass shift: 0, Narrow klass range: 0x100000000

GC Precious Log:
 CardTable entry size: 512
 CPUs: 8 total, 8 available
 Memory: 3406M
 Large Page Support: Disabled
 NUMA Support: Disabled
 Compressed Oops: Enabled (32-bit)
 Alignments: Space 512K, Generation 512K, Heap 2M
 Heap Min Capacity: 100M
 Heap Initial Capacity: 100M
 Heap Max Capacity: 2G
 Pre-touch: Disabled
 Parallel Workers: 8

Heap:
 PSYoungGen      total 5632K, used 3478K [0x00000000d5580000, 0x00000000d5d00000, 0x0000000100000000)
  eden space 4096K, 69% used [0x00000000d5580000,0x00000000d5848690,0x00000000d5980000)
  from space 1536K, 40% used [0x00000000d5a00000,0x00000000d5a9d200,0x00000000d5b80000)
  to   space 1024K, 0% used [0x00000000d5c00000,0x00000000d5c00000,0x00000000d5d00000)
 ParOldGen       total 1254400K, used 1253946K [0x0000000080000000, 0x00000000cc900000, 0x00000000d5580000)
  object space 1254400K, 99% used [0x0000000080000000,0x00000000cc88e948,0x00000000cc900000)
 Metaspace       used 80787K, committed 82688K, reserved 1179648K
  class space    used 8450K, committed 9280K, reserved 1048576K

Card table byte_map: [0x0000024fa1dc0000,0x0000024fa21d0000] _byte_map_base: 0x0000024fa19c0000

Marking Bits: (ParMarkBitMap*) 0x00007ffd9eaf2460
 Begin Bits: [0x0000024fb48d0000, 0x0000024fb68d0000)
 End Bits:   [0x0000024fb68d0000, 0x0000024fb88d0000)

Polling page: 0x0000024fa03e0000

Metaspace:

Usage:
  Non-class:     70.64 MB used.
      Class:      8.25 MB used.
       Both:     78.89 MB used.

Virtual space:
  Non-class space:      128.00 MB reserved,      71.69 MB ( 56%) committed,  2 nodes.
      Class space:        1.00 GB reserved,       9.06 MB ( <1%) committed,  1 nodes.
             Both:        1.12 GB reserved,      80.75 MB (  7%) committed. 

Chunk freelists:
   Non-Class:  7.64 MB
       Class:  6.82 MB
        Both:  14.46 MB

MaxMetaspaceSize: unlimited
CompressedClassSpaceSize: 1.00 GB
Initial GC threshold: 21.00 MB
Current GC threshold: 125.00 MB
CDS: on
 - commit_granule_bytes: 65536.
 - commit_granule_words: 8192.
 - virtual_space_node_default_size: 8388608.
 - enlarge_chunks_in_place: 1.
 - use_allocation_guard: 0.


Internal statistics:

num_allocs_failed_limit: 13.
num_arena_births: 1612.
num_arena_deaths: 26.
num_vsnodes_births: 3.
num_vsnodes_deaths: 0.
num_space_committed: 1292.
num_space_uncommitted: 0.
num_chunks_returned_to_freelist: 42.
num_chunks_taken_from_freelist: 5734.
num_chunk_merges: 20.
num_chunk_splits: 3423.
num_chunks_enlarged: 1782.
num_inconsistent_stats: 0.

CodeHeap 'non-profiled nmethods': size=120000Kb used=11990Kb max_used=11990Kb free=108009Kb
 bounds [0x0000024fad0f0000, 0x0000024fadcb0000, 0x0000024fb4620000]
CodeHeap 'profiled nmethods': size=120000Kb used=35198Kb max_used=35198Kb free=84801Kb
 bounds [0x0000024fa5620000, 0x0000024fa7890000, 0x0000024facb50000]
CodeHeap 'non-nmethods': size=5760Kb used=1486Kb max_used=1567Kb free=4273Kb
 bounds [0x0000024facb50000, 0x0000024facdc0000, 0x0000024fad0f0000]
CodeCache: size=245760Kb, used=48674Kb, max_used=48755Kb, free=197083Kb
 total_blobs=16056, nmethods=15249, adapters=708, full_count=0
Compilation: enabled, stopped_count=0, restarted_count=0

Compilation events (20 events):
Event: 640.380 Thread 0x0000024f8404c550 17231       3       org.eclipse.lsp4j.jsonrpc.json.adapters.JsonElementTypeAdapter::read (12 bytes)
Event: 640.381 Thread 0x0000024f8404c550 nmethod 17231 0x0000024fa787e010 code [0x0000024fa787e1c0, 0x0000024fa787e488]
Event: 640.384 Thread 0x0000024f8404c550 17232   !   3       org.eclipse.jdt.ls.core.internal.DocumentAdapter::getChar (24 bytes)
Event: 640.386 Thread 0x0000024f8404c550 nmethod 17232 0x0000024fa787e590 code [0x0000024fa787e760, 0x0000024fa787eab8]
Event: 640.481 Thread 0x0000024f8404c550 17233   !   3       java.util.Collections$SynchronizedCollection::size (24 bytes)
Event: 640.482 Thread 0x0000024f8404c550 nmethod 17233 0x0000024fa787ec10 code [0x0000024fa787edc0, 0x0000024fa787f088]
Event: 640.487 Thread 0x0000024f8404c550 17234       1       org.eclipse.lsp4j.ClientCapabilities::getWorkspace (5 bytes)
Event: 640.488 Thread 0x0000024f8404c550 nmethod 17234 0x0000024fadca5790 code [0x0000024fadca5920, 0x0000024fadca59e8]
Event: 642.651 Thread 0x0000024f8404c550 17235       3       org.eclipse.jdt.internal.compiler.ast.ArrayTypeReference::<init> (25 bytes)
Event: 643.713 Thread 0x0000024f8404c550 nmethod 17235 0x0000024fa787f210 code [0x0000024fa787f3c0, 0x0000024fa787f540]
Event: 643.713 Thread 0x0000024f8404c550 17237       3       org.eclipse.jdt.internal.compiler.ast.ParameterizedSingleTypeReference::<init> (77 bytes)
Event: 643.714 Thread 0x0000024f8404c550 nmethod 17237 0x0000024fa787f610 code [0x0000024fa787f7e0, 0x0000024fa787fb30]
Event: 643.714 Thread 0x0000024f8404c550 17240       3       org.eclipse.jdt.internal.compiler.ast.TypeReference::resolveType (7 bytes)
Event: 643.715 Thread 0x0000024f8404c550 nmethod 17240 0x0000024fa787fd10 code [0x0000024fa787fec0, 0x0000024fa7880178]
Event: 643.715 Thread 0x0000024f8404c550 17238       3       org.eclipse.jdt.internal.compiler.problem.ProblemHandler::createProblem (27 bytes)
Event: 643.716 Thread 0x0000024f8404c550 nmethod 17238 0x0000024fa7880290 code [0x0000024fa7880440, 0x0000024fa7880658]
Event: 643.716 Thread 0x0000024f8404c550 17239       3       org.eclipse.jdt.internal.compiler.util.Util::searchColumnNumber (63 bytes)
Event: 643.717 Thread 0x0000024f8404c550 nmethod 17239 0x0000024fa7880790 code [0x0000024fa7880960, 0x0000024fa7880be0]
Event: 643.717 Thread 0x0000024f8404c550 17236       3       org.eclipse.jdt.internal.compiler.ast.ParameterizedSingleTypeReference::<init> (32 bytes)
Event: 643.717 Thread 0x0000024f8404c550 nmethod 17236 0x0000024fa7880d10 code [0x0000024fa7880ec0, 0x0000024fa7881108]

GC Heap History (20 events):
Event: 584.013 GC heap before
{Heap before GC invocations=587 (full 4):
 PSYoungGen      total 7680K, used 6417K [0x00000000d5580000, 0x00000000d6080000, 0x0000000100000000)
  eden space 3584K, 90% used [0x00000000d5580000,0x00000000d58ac4d8,0x00000000d5900000)
  from space 4096K, 77% used [0x00000000d5900000,0x00000000d5c18000,0x00000000d5d00000)
  to   space 3584K, 0% used [0x00000000d5d00000,0x00000000d5d00000,0x00000000d6080000)
 ParOldGen       total 1244160K, used 1243818K [0x0000000080000000, 0x00000000cbf00000, 0x00000000d5580000)
  object space 1244160K, 99% used [0x0000000080000000,0x00000000cbeaa818,0x00000000cbf00000)
 Metaspace       used 80665K, committed 82624K, reserved 1179648K
  class space    used 8446K, committed 9280K, reserved 1048576K
}
Event: 584.020 GC heap after
{Heap after GC invocations=587 (full 4):
 PSYoungGen      total 7680K, used 3008K [0x00000000d5580000, 0x00000000d6100000, 0x0000000100000000)
  eden space 4096K, 0% used [0x00000000d5580000,0x00000000d5580000,0x00000000d5980000)
  from space 3584K, 83% used [0x00000000d5d00000,0x00000000d5ff0000,0x00000000d6080000)
  to   space 3584K, 0% used [0x00000000d5980000,0x00000000d5980000,0x00000000d5d00000)
 ParOldGen       total 1247232K, used 1246906K [0x0000000080000000, 0x00000000cc200000, 0x00000000d5580000)
  object space 1247232K, 99% used [0x0000000080000000,0x00000000cc1ae818,0x00000000cc200000)
 Metaspace       used 80665K, committed 82624K, reserved 1179648K
  class space    used 8446K, committed 9280K, reserved 1048576K
}
Event: 614.933 GC heap before
{Heap before GC invocations=588 (full 4):
 PSYoungGen      total 7680K, used 7104K [0x00000000d5580000, 0x00000000d6100000, 0x0000000100000000)
  eden space 4096K, 100% used [0x00000000d5580000,0x00000000d5980000,0x00000000d5980000)
  from space 3584K, 83% used [0x00000000d5d00000,0x00000000d5ff0000,0x00000000d6080000)
  to   space 3584K, 0% used [0x00000000d5980000,0x00000000d5980000,0x00000000d5d00000)
 ParOldGen       total 1247232K, used 1246906K [0x0000000080000000, 0x00000000cc200000, 0x00000000d5580000)
  object space 1247232K, 99% used [0x0000000080000000,0x00000000cc1ae818,0x00000000cc200000)
 Metaspace       used 80672K, committed 82624K, reserved 1179648K
  class space    used 8446K, committed 9280K, reserved 1048576K
}
Event: 615.031 GC heap after
{Heap after GC invocations=588 (full 4):
 PSYoungGen      total 7680K, used 2272K [0x00000000d5580000, 0x00000000d5f80000, 0x0000000100000000)
  eden space 4096K, 0% used [0x00000000d5580000,0x00000000d5580000,0x00000000d5980000)
  from space 3584K, 63% used [0x00000000d5980000,0x00000000d5bb8000,0x00000000d5d00000)
  to   space 2560K, 0% used [0x00000000d5d00000,0x00000000d5d00000,0x00000000d5f80000)
 ParOldGen       total 1249280K, used 1249146K [0x0000000080000000, 0x00000000cc400000, 0x00000000d5580000)
  object space 1249280K, 99% used [0x0000000080000000,0x00000000cc3de818,0x00000000cc400000)
 Metaspace       used 80672K, committed 82624K, reserved 1179648K
  class space    used 8446K, committed 9280K, reserved 1048576K
}
Event: 632.675 GC heap before
{Heap before GC invocations=589 (full 4):
 PSYoungGen      total 7680K, used 6368K [0x00000000d5580000, 0x00000000d5f80000, 0x0000000100000000)
  eden space 4096K, 100% used [0x00000000d5580000,0x00000000d5980000,0x00000000d5980000)
  from space 3584K, 63% used [0x00000000d5980000,0x00000000d5bb8000,0x00000000d5d00000)
  to   space 2560K, 0% used [0x00000000d5d00000,0x00000000d5d00000,0x00000000d5f80000)
 ParOldGen       total 1249280K, used 1249146K [0x0000000080000000, 0x00000000cc400000, 0x00000000d5580000)
  object space 1249280K, 99% used [0x0000000080000000,0x00000000cc3de818,0x00000000cc400000)
 Metaspace       used 80700K, committed 82624K, reserved 1179648K
  class space    used 8448K, committed 9280K, reserved 1048576K
}
Event: 632.688 GC heap after
{Heap after GC invocations=589 (full 4):
 PSYoungGen      total 4608K, used 320K [0x00000000d5580000, 0x00000000d5d80000, 0x0000000100000000)
  eden space 4096K, 0% used [0x00000000d5580000,0x00000000d5580000,0x00000000d5980000)
  from space 512K, 62% used [0x00000000d5d00000,0x00000000d5d50000,0x00000000d5d80000)
  to   space 1536K, 0% used [0x00000000d5a80000,0x00000000d5a80000,0x00000000d5c00000)
 ParOldGen       total 1251328K, used 1251258K [0x0000000080000000, 0x00000000cc600000, 0x00000000d5580000)
  object space 1251328K, 99% used [0x0000000080000000,0x00000000cc5ee818,0x00000000cc600000)
 Metaspace       used 80700K, committed 82624K, reserved 1179648K
  class space    used 8448K, committed 9280K, reserved 1048576K
}
Event: 633.609 GC heap before
{Heap before GC invocations=590 (full 4):
 PSYoungGen      total 4608K, used 4416K [0x00000000d5580000, 0x00000000d5d80000, 0x0000000100000000)
  eden space 4096K, 100% used [0x00000000d5580000,0x00000000d5980000,0x00000000d5980000)
  from space 512K, 62% used [0x00000000d5d00000,0x00000000d5d50000,0x00000000d5d80000)
  to   space 1536K, 0% used [0x00000000d5a80000,0x00000000d5a80000,0x00000000d5c00000)
 ParOldGen       total 1251328K, used 1251258K [0x0000000080000000, 0x00000000cc600000, 0x00000000d5580000)
  object space 1251328K, 99% used [0x0000000080000000,0x00000000cc5ee818,0x00000000cc600000)
 Metaspace       used 80728K, committed 82624K, reserved 1179648K
  class space    used 8448K, committed 9280K, reserved 1048576K
}
Event: 633.627 GC heap after
{Heap after GC invocations=590 (full 4):
 PSYoungGen      total 5632K, used 441K [0x00000000d5580000, 0x00000000d5d80000, 0x0000000100000000)
  eden space 4096K, 0% used [0x00000000d5580000,0x00000000d5580000,0x00000000d5980000)
  from space 1536K, 28% used [0x00000000d5a80000,0x00000000d5aee410,0x00000000d5c00000)
  to   space 1024K, 0% used [0x00000000d5c80000,0x00000000d5c80000,0x00000000d5d80000)
 ParOldGen       total 1251840K, used 1251370K [0x0000000080000000, 0x00000000cc680000, 0x00000000d5580000)
  object space 1251840K, 99% used [0x0000000080000000,0x00000000cc60a818,0x00000000cc680000)
 Metaspace       used 80728K, committed 82624K, reserved 1179648K
  class space    used 8448K, committed 9280K, reserved 1048576K
}
Event: 634.248 GC heap before
{Heap before GC invocations=591 (full 4):
 PSYoungGen      total 5632K, used 4537K [0x00000000d5580000, 0x00000000d5d80000, 0x0000000100000000)
  eden space 4096K, 100% used [0x00000000d5580000,0x00000000d5980000,0x00000000d5980000)
  from space 1536K, 28% used [0x00000000d5a80000,0x00000000d5aee410,0x00000000d5c00000)
  to   space 1024K, 0% used [0x00000000d5c80000,0x00000000d5c80000,0x00000000d5d80000)
 ParOldGen       total 1251840K, used 1251370K [0x0000000080000000, 0x00000000cc680000, 0x00000000d5580000)
  object space 1251840K, 99% used [0x0000000080000000,0x00000000cc60a818,0x00000000cc680000)
 Metaspace       used 80728K, committed 82624K, reserved 1179648K
  class space    used 8448K, committed 9280K, reserved 1048576K
}
Event: 634.275 GC heap after
{Heap after GC invocations=591 (full 4):
 PSYoungGen      total 5120K, used 800K [0x00000000d5580000, 0x00000000d5d80000, 0x0000000100000000)
  eden space 4096K, 0% used [0x00000000d5580000,0x00000000d5580000,0x00000000d5980000)
  from space 1024K, 78% used [0x00000000d5c80000,0x00000000d5d48000,0x00000000d5d80000)
  to   space 1024K, 0% used [0x00000000d5b80000,0x00000000d5b80000,0x00000000d5c80000)
 ParOldGen       total 1251840K, used 1251679K [0x0000000080000000, 0x00000000cc680000, 0x00000000d5580000)
  object space 1251840K, 99% used [0x0000000080000000,0x00000000cc657ec8,0x00000000cc680000)
 Metaspace       used 80728K, committed 82624K, reserved 1179648K
  class space    used 8448K, committed 9280K, reserved 1048576K
}
Event: 634.556 GC heap before
{Heap before GC invocations=592 (full 4):
 PSYoungGen      total 5120K, used 4896K [0x00000000d5580000, 0x00000000d5d80000, 0x0000000100000000)
  eden space 4096K, 100% used [0x00000000d5580000,0x00000000d5980000,0x00000000d5980000)
  from space 1024K, 78% used [0x00000000d5c80000,0x00000000d5d48000,0x00000000d5d80000)
  to   space 1024K, 0% used [0x00000000d5b80000,0x00000000d5b80000,0x00000000d5c80000)
 ParOldGen       total 1251840K, used 1251679K [0x0000000080000000, 0x00000000cc680000, 0x00000000d5580000)
  object space 1251840K, 99% used [0x0000000080000000,0x00000000cc657ec8,0x00000000cc680000)
 Metaspace       used 80734K, committed 82624K, reserved 1179648K
  class space    used 8448K, committed 9280K, reserved 1048576K
}
Event: 634.563 GC heap after
{Heap after GC invocations=592 (full 4):
 PSYoungGen      total 5120K, used 612K [0x00000000d5580000, 0x00000000d5d00000, 0x0000000100000000)
  eden space 4096K, 0% used [0x00000000d5580000,0x00000000d5580000,0x00000000d5980000)
  from space 1024K, 59% used [0x00000000d5b80000,0x00000000d5c19210,0x00000000d5c80000)
  to   space 512K, 0% used [0x00000000d5c80000,0x00000000d5c80000,0x00000000d5d00000)
 ParOldGen       total 1252352K, used 1252303K [0x0000000080000000, 0x00000000cc700000, 0x00000000d5580000)
  object space 1252352K, 99% used [0x0000000080000000,0x00000000cc6f3ec8,0x00000000cc700000)
 Metaspace       used 80734K, committed 82624K, reserved 1179648K
  class space    used 8448K, committed 9280K, reserved 1048576K
}
Event: 634.783 GC heap before
{Heap before GC invocations=593 (full 4):
 PSYoungGen      total 5120K, used 4708K [0x00000000d5580000, 0x00000000d5d00000, 0x0000000100000000)
  eden space 4096K, 99% used [0x00000000d5580000,0x00000000d597ffe8,0x00000000d5980000)
  from space 1024K, 59% used [0x00000000d5b80000,0x00000000d5c19210,0x00000000d5c80000)
  to   space 512K, 0% used [0x00000000d5c80000,0x00000000d5c80000,0x00000000d5d00000)
 ParOldGen       total 1252352K, used 1252303K [0x0000000080000000, 0x00000000cc700000, 0x00000000d5580000)
  object space 1252352K, 99% used [0x0000000080000000,0x00000000cc6f3ec8,0x00000000cc700000)
 Metaspace       used 80752K, committed 82688K, reserved 1179648K
  class space    used 8448K, committed 9280K, reserved 1048576K
}
Event: 634.794 GC heap after
{Heap after GC invocations=593 (full 4):
 PSYoungGen      total 4608K, used 256K [0x00000000d5580000, 0x00000000d5d00000, 0x0000000100000000)
  eden space 4096K, 0% used [0x00000000d5580000,0x00000000d5580000,0x00000000d5980000)
  from space 512K, 50% used [0x00000000d5c80000,0x00000000d5cc0000,0x00000000d5d00000)
  to   space 512K, 0% used [0x00000000d5c00000,0x00000000d5c00000,0x00000000d5c80000)
 ParOldGen       total 1252864K, used 1252761K [0x0000000080000000, 0x00000000cc780000, 0x00000000d5580000)
  object space 1252864K, 99% used [0x0000000080000000,0x00000000cc766548,0x00000000cc780000)
 Metaspace       used 80752K, committed 82688K, reserved 1179648K
  class space    used 8448K, committed 9280K, reserved 1048576K
}
Event: 640.175 GC heap before
{Heap before GC invocations=594 (full 4):
 PSYoungGen      total 4608K, used 4351K [0x00000000d5580000, 0x00000000d5d00000, 0x0000000100000000)
  eden space 4096K, 99% used [0x00000000d5580000,0x00000000d597fff8,0x00000000d5980000)
  from space 512K, 50% used [0x00000000d5c80000,0x00000000d5cc0000,0x00000000d5d00000)
  to   space 512K, 0% used [0x00000000d5c00000,0x00000000d5c00000,0x00000000d5c80000)
 ParOldGen       total 1252864K, used 1252761K [0x0000000080000000, 0x00000000cc780000, 0x00000000d5580000)
  object space 1252864K, 99% used [0x0000000080000000,0x00000000cc766548,0x00000000cc780000)
 Metaspace       used 80778K, committed 82688K, reserved 1179648K
  class space    used 8450K, committed 9280K, reserved 1048576K
}
Event: 640.181 GC heap after
{Heap after GC invocations=594 (full 4):
 PSYoungGen      total 4608K, used 506K [0x00000000d5580000, 0x00000000d5d00000, 0x0000000100000000)
  eden space 4096K, 0% used [0x00000000d5580000,0x00000000d5580000,0x00000000d5980000)
  from space 512K, 98% used [0x00000000d5c00000,0x00000000d5c7e900,0x00000000d5c80000)
  to   space 512K, 0% used [0x00000000d5c80000,0x00000000d5c80000,0x00000000d5d00000)
 ParOldGen       total 1253376K, used 1252929K [0x0000000080000000, 0x00000000cc800000, 0x00000000d5580000)
  object space 1253376K, 99% used [0x0000000080000000,0x00000000cc790548,0x00000000cc800000)
 Metaspace       used 80778K, committed 82688K, reserved 1179648K
  class space    used 8450K, committed 9280K, reserved 1048576K
}
Event: 640.268 GC heap before
{Heap before GC invocations=595 (full 4):
 PSYoungGen      total 4608K, used 4602K [0x00000000d5580000, 0x00000000d5d00000, 0x0000000100000000)
  eden space 4096K, 100% used [0x00000000d5580000,0x00000000d5980000,0x00000000d5980000)
  from space 512K, 98% used [0x00000000d5c00000,0x00000000d5c7e900,0x00000000d5c80000)
  to   space 512K, 0% used [0x00000000d5c80000,0x00000000d5c80000,0x00000000d5d00000)
 ParOldGen       total 1253376K, used 1252929K [0x0000000080000000, 0x00000000cc800000, 0x00000000d5580000)
  object space 1253376K, 99% used [0x0000000080000000,0x00000000cc790548,0x00000000cc800000)
 Metaspace       used 80782K, committed 82688K, reserved 1179648K
  class space    used 8450K, committed 9280K, reserved 1048576K
}
Event: 640.272 GC heap after
{Heap after GC invocations=595 (full 4):
 PSYoungGen      total 4608K, used 500K [0x00000000d5580000, 0x00000000d5d00000, 0x0000000100000000)
  eden space 4096K, 0% used [0x00000000d5580000,0x00000000d5580000,0x00000000d5980000)
  from space 512K, 97% used [0x00000000d5c80000,0x00000000d5cfd200,0x00000000d5d00000)
  to   space 1536K, 0% used [0x00000000d5a00000,0x00000000d5a00000,0x00000000d5b80000)
 ParOldGen       total 1253888K, used 1253461K [0x0000000080000000, 0x00000000cc880000, 0x00000000d5580000)
  object space 1253888K, 99% used [0x0000000080000000,0x00000000cc815748,0x00000000cc880000)
 Metaspace       used 80782K, committed 82688K, reserved 1179648K
  class space    used 8450K, committed 9280K, reserved 1048576K
}
Event: 642.713 GC heap before
{Heap before GC invocations=596 (full 4):
 PSYoungGen      total 4608K, used 4596K [0x00000000d5580000, 0x00000000d5d00000, 0x0000000100000000)
  eden space 4096K, 100% used [0x00000000d5580000,0x00000000d5980000,0x00000000d5980000)
  from space 512K, 97% used [0x00000000d5c80000,0x00000000d5cfd200,0x00000000d5d00000)
  to   space 1536K, 0% used [0x00000000d5a00000,0x00000000d5a00000,0x00000000d5b80000)
 ParOldGen       total 1253888K, used 1253461K [0x0000000080000000, 0x00000000cc880000, 0x00000000d5580000)
  object space 1253888K, 99% used [0x0000000080000000,0x00000000cc815748,0x00000000cc880000)
 Metaspace       used 80785K, committed 82688K, reserved 1179648K
  class space    used 8450K, committed 9280K, reserved 1048576K
}
Event: 642.718 GC heap after
{Heap after GC invocations=596 (full 4):
 PSYoungGen      total 5632K, used 628K [0x00000000d5580000, 0x00000000d5d00000, 0x0000000100000000)
  eden space 4096K, 0% used [0x00000000d5580000,0x00000000d5580000,0x00000000d5980000)
  from space 1536K, 40% used [0x00000000d5a00000,0x00000000d5a9d200,0x00000000d5b80000)
  to   space 1024K, 0% used [0x00000000d5c00000,0x00000000d5c00000,0x00000000d5d00000)
 ParOldGen       total 1254400K, used 1253946K [0x0000000080000000, 0x00000000cc900000, 0x00000000d5580000)
  object space 1254400K, 99% used [0x0000000080000000,0x00000000cc88e948,0x00000000cc900000)
 Metaspace       used 80785K, committed 82688K, reserved 1179648K
  class space    used 8450K, committed 9280K, reserved 1048576K
}

Dll operation events (10 events):
Event: 0.021 Loaded shared library c:\Users\Windows\.vscode\extensions\redhat.java-1.52.0-win32-x64\jre\21.0.9-win32-x86_64\bin\java.dll
Event: 0.422 Loaded shared library c:\Users\Windows\.vscode\extensions\redhat.java-1.52.0-win32-x64\jre\21.0.9-win32-x86_64\bin\zip.dll
Event: 0.511 Loaded shared library C:\Users\Windows\.vscode\extensions\redhat.java-1.52.0-win32-x64\jre\21.0.9-win32-x86_64\bin\instrument.dll
Event: 0.548 Loaded shared library C:\Users\Windows\.vscode\extensions\redhat.java-1.52.0-win32-x64\jre\21.0.9-win32-x86_64\bin\net.dll
Event: 0.556 Loaded shared library C:\Users\Windows\.vscode\extensions\redhat.java-1.52.0-win32-x64\jre\21.0.9-win32-x86_64\bin\nio.dll
Event: 0.567 Loaded shared library C:\Users\Windows\.vscode\extensions\redhat.java-1.52.0-win32-x64\jre\21.0.9-win32-x86_64\bin\zip.dll
Event: 0.660 Loaded shared library C:\Users\Windows\.vscode\extensions\redhat.java-1.52.0-win32-x64\jre\21.0.9-win32-x86_64\bin\jimage.dll
Event: 1.069 Loaded shared library c:\Users\Windows\.vscode\extensions\redhat.java-1.52.0-win32-x64\jre\21.0.9-win32-x86_64\bin\verify.dll
Event: 4.790 Loaded shared library C:\Users\Windows\AppData\Roaming\Code\User\globalStorage\redhat.java\1.52.0\config_win\org.eclipse.equinox.launcher\org.eclipse.equinox.launcher.win32.win32.x86_64_1.2.1500.v20260121-1430\eclipse_11919.dll
Event: 10.249 Loaded shared library C:\Users\Windows\AppData\Local\Temp\jna--1280820637\jna13171047580208077481.dll

Deoptimization events (20 events):
Event: 634.651 Thread 0x0000024f858dc260 Uncommon trap: trap_request=0xffffffde fr.pc=0x0000024fadc7a42c relative=0x00000000000005cc
Event: 634.652 Thread 0x0000024f858dc260 Uncommon trap: reason=class_check action=maybe_recompile pc=0x0000024fadc7a42c method=java.util.stream.ReferencePipeline.toArray(Ljava/util/function/IntFunction;)[Ljava/lang/Object; @ 12 c2
Event: 634.652 Thread 0x0000024f858dc260 DEOPT PACKING pc=0x0000024fadc7a42c sp=0x0000006a28ffef50
Event: 634.652 Thread 0x0000024f858dc260 DEOPT UNPACKING pc=0x0000024facba3aa2 sp=0x0000006a28ffef10 mode 2
Event: 640.173 Thread 0x0000024f858df6e0 Uncommon trap: trap_request=0xffffffd6 fr.pc=0x0000024fadc8dca0 relative=0x0000000000009400
Event: 640.173 Thread 0x0000024f858df6e0 Uncommon trap: reason=array_check action=maybe_recompile pc=0x0000024fadc8dca0 method=org.eclipse.jdt.internal.compiler.lookup.UnresolvedReferenceBinding.addWrapper(Lorg/eclipse/jdt/internal/compiler/lookup/HotSwappable;Lorg/eclipse/jdt/internal/compiler/
Event: 640.173 Thread 0x0000024f858df6e0 DEOPT PACKING pc=0x0000024fadc8dca0 sp=0x0000006a2a2fd9e0
Event: 640.173 Thread 0x0000024f858df6e0 DEOPT UNPACKING pc=0x0000024facba3aa2 sp=0x0000006a2a2fd6d8 mode 2
Event: 640.184 Thread 0x0000024f858df6e0 Uncommon trap: trap_request=0xffffffd6 fr.pc=0x0000024fadc8dca0 relative=0x0000000000009400
Event: 640.184 Thread 0x0000024f858df6e0 Uncommon trap: reason=array_check action=maybe_recompile pc=0x0000024fadc8dca0 method=org.eclipse.jdt.internal.compiler.lookup.UnresolvedReferenceBinding.addWrapper(Lorg/eclipse/jdt/internal/compiler/lookup/HotSwappable;Lorg/eclipse/jdt/internal/compiler/
Event: 640.184 Thread 0x0000024f858df6e0 DEOPT PACKING pc=0x0000024fadc8dca0 sp=0x0000006a2a2fd740
Event: 640.185 Thread 0x0000024f858df6e0 DEOPT UNPACKING pc=0x0000024facba3aa2 sp=0x0000006a2a2fd438 mode 2
Event: 640.185 Thread 0x0000024f858df6e0 Uncommon trap: trap_request=0xffffffd6 fr.pc=0x0000024fadc8dca0 relative=0x0000000000009400
Event: 640.185 Thread 0x0000024f858df6e0 Uncommon trap: reason=array_check action=maybe_recompile pc=0x0000024fadc8dca0 method=org.eclipse.jdt.internal.compiler.lookup.UnresolvedReferenceBinding.addWrapper(Lorg/eclipse/jdt/internal/compiler/lookup/HotSwappable;Lorg/eclipse/jdt/internal/compiler/
Event: 640.185 Thread 0x0000024f858df6e0 DEOPT PACKING pc=0x0000024fadc8dca0 sp=0x0000006a2a2fd740
Event: 640.185 Thread 0x0000024f858df6e0 DEOPT UNPACKING pc=0x0000024facba3aa2 sp=0x0000006a2a2fd438 mode 2
Event: 640.201 Thread 0x0000024f858df6e0 Uncommon trap: trap_request=0xffffffd6 fr.pc=0x0000024fadc8dca0 relative=0x0000000000009400
Event: 640.201 Thread 0x0000024f858df6e0 Uncommon trap: reason=array_check action=maybe_recompile pc=0x0000024fadc8dca0 method=org.eclipse.jdt.internal.compiler.lookup.UnresolvedReferenceBinding.addWrapper(Lorg/eclipse/jdt/internal/compiler/lookup/HotSwappable;Lorg/eclipse/jdt/internal/compiler/
Event: 640.201 Thread 0x0000024f858df6e0 DEOPT PACKING pc=0x0000024fadc8dca0 sp=0x0000006a2a2fdb60
Event: 640.201 Thread 0x0000024f858df6e0 DEOPT UNPACKING pc=0x0000024facba3aa2 sp=0x0000006a2a2fd858 mode 2

Classes loaded (20 events):
Event: 503.543 Loading class java/nio/BufferMismatch
Event: 503.545 Loading class java/nio/BufferMismatch done
Event: 537.994 Loading class jdk/internal/module/IllegalAccessLogger
Event: 538.000 Loading class jdk/internal/module/IllegalAccessLogger done
Event: 539.668 Loading class java/util/ArrayDeque$DeqSpliterator
Event: 539.670 Loading class java/util/ArrayDeque$DeqSpliterator done
Event: 543.466 Loading class jdk/internal/module/IllegalAccessLogger
Event: 543.466 Loading class jdk/internal/module/IllegalAccessLogger done
Event: 551.056 Loading class jdk/internal/module/IllegalAccessLogger
Event: 551.058 Loading class jdk/internal/module/IllegalAccessLogger done
Event: 555.918 Loading class jdk/internal/module/IllegalAccessLogger
Event: 555.918 Loading class jdk/internal/module/IllegalAccessLogger done
Event: 564.594 Loading class jdk/internal/module/IllegalAccessLogger
Event: 564.594 Loading class jdk/internal/module/IllegalAccessLogger done
Event: 569.507 Loading class jdk/internal/module/IllegalAccessLogger
Event: 569.507 Loading class jdk/internal/module/IllegalAccessLogger done
Event: 577.373 Loading class jdk/internal/module/IllegalAccessLogger
Event: 577.374 Loading class jdk/internal/module/IllegalAccessLogger done
Event: 580.393 Loading class jdk/internal/module/IllegalAccessLogger
Event: 580.393 Loading class jdk/internal/module/IllegalAccessLogger done

Classes unloaded (13 events):
Event: 12.555 Thread 0x0000024fb8e71d40 Unloading class 0x0000024fba1ac800 'java/lang/invoke/LambdaForm$MH+0x0000024fba1ac800'
Event: 12.555 Thread 0x0000024fb8e71d40 Unloading class 0x0000024fba1ac400 'java/lang/invoke/LambdaForm$MH+0x0000024fba1ac400'
Event: 12.555 Thread 0x0000024fb8e71d40 Unloading class 0x0000024fba1ac000 'java/lang/invoke/LambdaForm$MH+0x0000024fba1ac000'
Event: 12.555 Thread 0x0000024fb8e71d40 Unloading class 0x0000024fba1abc00 'java/lang/invoke/LambdaForm$MH+0x0000024fba1abc00'
Event: 12.555 Thread 0x0000024fb8e71d40 Unloading class 0x0000024fba1ab800 'java/lang/invoke/LambdaForm$BMH+0x0000024fba1ab800'
Event: 12.555 Thread 0x0000024fb8e71d40 Unloading class 0x0000024fba1ab400 'java/lang/invoke/LambdaForm$DMH+0x0000024fba1ab400'
Event: 12.555 Thread 0x0000024fb8e71d40 Unloading class 0x0000024fba1aa000 'java/lang/invoke/LambdaForm$DMH+0x0000024fba1aa000'
Event: 33.278 Thread 0x0000024fb8e71d40 Unloading class 0x0000024fba6dd000 'java/lang/invoke/LambdaForm$MH+0x0000024fba6dd000'
Event: 33.279 Thread 0x0000024fb8e71d40 Unloading class 0x0000024fba6dc800 'java/lang/invoke/LambdaForm$MH+0x0000024fba6dc800'
Event: 33.279 Thread 0x0000024fb8e71d40 Unloading class 0x0000024fba6dc400 'java/lang/invoke/LambdaForm$MH+0x0000024fba6dc400'
Event: 33.280 Thread 0x0000024fb8e71d40 Unloading class 0x0000024fba654c00 'java/lang/invoke/LambdaForm$DMH+0x0000024fba654c00'
Event: 33.280 Thread 0x0000024fb8e71d40 Unloading class 0x0000024fba654800 'java/lang/invoke/LambdaForm$DMH+0x0000024fba654800'
Event: 33.280 Thread 0x0000024fb8e71d40 Unloading class 0x0000024fba654000 'java/lang/invoke/LambdaForm$DMH+0x0000024fba654000'

Classes redefined (0 events):
No events

Internal exceptions (20 events):
Event: 532.515 Thread 0x0000024f851d9f30 Exception <a 'java/lang/IncompatibleClassChangeError'{0x00000000d55e99d0}: Found class java.lang.Object, but interface was expected> (0x00000000d55e99d0) 
thrown [s\src\hotspot\share\interpreter\linkResolver.cpp, line 840]
Event: 537.861 Thread 0x0000024f842d3c50 Exception <a 'sun/nio/fs/WindowsException'{0x00000000d55e7030}> (0x00000000d55e7030) 
thrown [s\src\hotspot\share\prims\jni.cpp, line 520]
Event: 540.381 Thread 0x0000024f842d3c50 Exception <a 'sun/nio/fs/WindowsException'{0x00000000d56e5f30}> (0x00000000d56e5f30) 
thrown [s\src\hotspot\share\prims\jni.cpp, line 520]
Event: 542.723 Thread 0x0000024f851d98a0 Exception <a 'java/lang/ArrayIndexOutOfBoundsException'{0x00000000d5636a70}> (0x00000000d5636a70) 
thrown [s\src\hotspot\share\runtime\sharedRuntime.cpp, line 625]
Event: 543.315 Thread 0x0000024f842d3c50 Exception <a 'sun/nio/fs/WindowsException'{0x00000000d5637e30}> (0x00000000d5637e30) 
thrown [s\src\hotspot\share\prims\jni.cpp, line 520]
Event: 544.591 Thread 0x0000024f842d3c50 Exception <a 'sun/nio/fs/WindowsException'{0x00000000d55bd0d8}> (0x00000000d55bd0d8) 
thrown [s\src\hotspot\share\prims\jni.cpp, line 520]
Event: 551.103 Thread 0x0000024f842d3c50 Exception <a 'sun/nio/fs/WindowsException'{0x00000000d562b0d0}> (0x00000000d562b0d0) 
thrown [s\src\hotspot\share\prims\jni.cpp, line 520]
Event: 553.257 Thread 0x0000024f851d9f30 Exception <a 'java/lang/IncompatibleClassChangeError'{0x00000000d558c0b8}: Found class java.lang.Object, but interface was expected> (0x00000000d558c0b8) 
thrown [s\src\hotspot\share\interpreter\linkResolver.cpp, line 840]
Event: 554.615 Thread 0x0000024f851d9f30 Exception <a 'java/lang/ArrayIndexOutOfBoundsException'{0x00000000d56cd148}> (0x00000000d56cd148) 
thrown [s\src\hotspot\share\runtime\sharedRuntime.cpp, line 625]
Event: 555.360 Thread 0x0000024f842d3c50 Exception <a 'sun/nio/fs/WindowsException'{0x00000000d55c3b28}> (0x00000000d55c3b28) 
thrown [s\src\hotspot\share\prims\jni.cpp, line 520]
Event: 555.874 Thread 0x0000024f851d9f30 Exception <a 'java/lang/IncompatibleClassChangeError'{0x00000000d56170e8}: Found class java.lang.Object, but interface was expected> (0x00000000d56170e8) 
thrown [s\src\hotspot\share\interpreter\linkResolver.cpp, line 840]
Event: 563.332 Thread 0x0000024f851d9f30 Exception <a 'java/lang/IncompatibleClassChangeError'{0x00000000d5580f98}: Found class java.lang.Object, but interface was expected> (0x00000000d5580f98) 
thrown [s\src\hotspot\share\interpreter\linkResolver.cpp, line 840]
Event: 564.597 Thread 0x0000024f842d3c50 Exception <a 'sun/nio/fs/WindowsException'{0x00000000d5596048}> (0x00000000d5596048) 
thrown [s\src\hotspot\share\prims\jni.cpp, line 520]
Event: 565.662 Thread 0x0000024f842d3c50 Exception <a 'sun/nio/fs/WindowsException'{0x00000000d5674ae8}> (0x00000000d5674ae8) 
thrown [s\src\hotspot\share\prims\jni.cpp, line 520]
Event: 569.367 Thread 0x0000024f842d3c50 Exception <a 'sun/nio/fs/WindowsException'{0x00000000d55ccc48}> (0x00000000d55ccc48) 
thrown [s\src\hotspot\share\prims\jni.cpp, line 520]
Event: 571.292 Thread 0x0000024f842d3c50 Exception <a 'sun/nio/fs/WindowsException'{0x00000000d57ce808}> (0x00000000d57ce808) 
thrown [s\src\hotspot\share\prims\jni.cpp, line 520]
Event: 576.827 Thread 0x0000024f842d3c50 Exception <a 'sun/nio/fs/WindowsException'{0x00000000d559cb90}> (0x00000000d559cb90) 
thrown [s\src\hotspot\share\prims\jni.cpp, line 520]
Event: 578.655 Thread 0x0000024f842d3c50 Exception <a 'sun/nio/fs/WindowsException'{0x00000000d55f5a10}> (0x00000000d55f5a10) 
thrown [s\src\hotspot\share\prims\jni.cpp, line 520]
Event: 581.829 Thread 0x0000024f842d3c50 Exception <a 'sun/nio/fs/WindowsException'{0x00000000d55cf9f8}> (0x00000000d55cf9f8) 
thrown [s\src\hotspot\share\prims\jni.cpp, line 520]
Event: 584.159 Thread 0x0000024f842d3c50 Exception <a 'sun/nio/fs/WindowsException'{0x00000000d57cd7a8}> (0x00000000d57cd7a8) 
thrown [s\src\hotspot\share\prims\jni.cpp, line 520]

ZGC Phase Switch (0 events):
No events

VM Operations (20 events):
Event: 633.609 Executing VM operation: ParallelGCFailedAllocation (Allocation Failure)
Event: 633.627 Executing VM operation: ParallelGCFailedAllocation (Allocation Failure) done
Event: 634.247 Executing VM operation: ParallelGCFailedAllocation (Allocation Failure)
Event: 634.275 Executing VM operation: ParallelGCFailedAllocation (Allocation Failure) done
Event: 634.539 Executing VM operation: ParallelGCFailedAllocation (Allocation Failure)
Event: 634.563 Executing VM operation: ParallelGCFailedAllocation (Allocation Failure) done
Event: 634.783 Executing VM operation: ParallelGCFailedAllocation (Allocation Failure)
Event: 634.794 Executing VM operation: ParallelGCFailedAllocation (Allocation Failure) done
Event: 635.802 Executing VM operation: Cleanup
Event: 635.802 Executing VM operation: Cleanup done
Event: 640.175 Executing VM operation: ParallelGCFailedAllocation (Allocation Failure)
Event: 640.181 Executing VM operation: ParallelGCFailedAllocation (Allocation Failure) done
Event: 640.268 Executing VM operation: ParallelGCFailedAllocation (Allocation Failure)
Event: 640.272 Executing VM operation: ParallelGCFailedAllocation (Allocation Failure) done
Event: 641.279 Executing VM operation: Cleanup
Event: 641.280 Executing VM operation: Cleanup done
Event: 642.654 Executing VM operation: ParallelGCFailedAllocation (Allocation Failure)
Event: 642.718 Executing VM operation: ParallelGCFailedAllocation (Allocation Failure) done
Event: 643.727 Executing VM operation: Cleanup
Event: 643.727 Executing VM operation: Cleanup done

Memory protections (0 events):
No events

Nmethod flushes (20 events):
Event: 476.492 Thread 0x0000024fb8e71d40 flushing  nmethod 0x0000024fa6802890
Event: 476.492 Thread 0x0000024fb8e71d40 flushing  nmethod 0x0000024fa6802c10
Event: 476.492 Thread 0x0000024fb8e71d40 flushing  nmethod 0x0000024fa6803190
Event: 476.492 Thread 0x0000024fb8e71d40 flushing  nmethod 0x0000024fa6803710
Event: 476.492 Thread 0x0000024fb8e71d40 flushing  nmethod 0x0000024fa6814c90
Event: 476.492 Thread 0x0000024fb8e71d40 flushing  nmethod 0x0000024fa6815190
Event: 476.492 Thread 0x0000024fb8e71d40 flushing  nmethod 0x0000024fa6815690
Event: 476.492 Thread 0x0000024fb8e71d40 flushing  nmethod 0x0000024fa6817810
Event: 476.492 Thread 0x0000024fb8e71d40 flushing  nmethod 0x0000024fa6817c10
Event: 476.492 Thread 0x0000024fb8e71d40 flushing  nmethod 0x0000024fa6818290
Event: 476.492 Thread 0x0000024fb8e71d40 flushing  nmethod 0x0000024fa6841590
Event: 476.492 Thread 0x0000024fb8e71d40 flushing  nmethod 0x0000024fa6842d90
Event: 476.492 Thread 0x0000024fb8e71d40 flushing  nmethod 0x0000024fa6843390
Event: 476.492 Thread 0x0000024fb8e71d40 flushing  nmethod 0x0000024fa684ca10
Event: 476.493 Thread 0x0000024fb8e71d40 flushing  nmethod 0x0000024fa6855610
Event: 476.493 Thread 0x0000024fb8e71d40 flushing  nmethod 0x0000024fa685e510
Event: 476.493 Thread 0x0000024fb8e71d40 flushing  nmethod 0x0000024fa6861e90
Event: 476.493 Thread 0x0000024fb8e71d40 flushing  nmethod 0x0000024fa6862510
Event: 476.493 Thread 0x0000024fb8e71d40 flushing  nmethod 0x0000024fa6893510
Event: 476.493 Thread 0x0000024fb8e71d40 flushing  nmethod 0x0000024fa68ad410

Events (20 events):
Event: 477.733 Thread 0x0000024f8404c550 Thread added: 0x0000024f86bddad0
Event: 478.233 Thread 0x0000024f86d72f50 Thread added: 0x0000024f86d763d0
Event: 478.234 Thread 0x0000024f86d72f50 Thread added: 0x0000024f86d76a60
Event: 478.236 Thread 0x0000024f86d72f50 Thread added: 0x0000024f86d77e10
Event: 478.236 Thread 0x0000024f86d72f50 Thread added: 0x0000024f86d770f0
Event: 478.237 Thread 0x0000024f86d72f50 Thread added: 0x0000024f86d77780
Event: 478.379 Thread 0x0000024f86d76a60 Thread exited: 0x0000024f86d76a60
Event: 478.379 Thread 0x0000024f86d77e10 Thread exited: 0x0000024f86d77e10
Event: 478.379 Thread 0x0000024f86d77780 Thread exited: 0x0000024f86d77780
Event: 478.379 Thread 0x0000024f86d763d0 Thread exited: 0x0000024f86d763d0
Event: 478.380 Thread 0x0000024f86d770f0 Thread exited: 0x0000024f86d770f0
Event: 479.655 Thread 0x0000024f86bddad0 Thread exited: 0x0000024f86bddad0
Event: 500.777 Thread 0x0000024f8404c550 Thread added: 0x0000024f86bdb8c0
Event: 501.088 Thread 0x0000024f86bdb8c0 Thread exited: 0x0000024f86bdb8c0
Event: 501.552 Thread 0x0000024f8404c550 Thread added: 0x0000024f86bdb8c0
Event: 502.763 Thread 0x0000024f86bdb8c0 Thread exited: 0x0000024f86bdb8c0
Event: 535.578 Thread 0x0000024f851d8b80 Thread exited: 0x0000024f851d8b80
Event: 539.671 Thread 0x0000024f86d72f50 Thread added: 0x0000024f851d8b80
Event: 595.597 Thread 0x0000024f851dac50 Thread exited: 0x0000024f851dac50
Event: 640.452 Thread 0x0000024f86d74300 Thread exited: 0x0000024f86d74300


Dynamic libraries:
0x00007ff72b9f0000 - 0x00007ff72b9fe000 	c:\Users\Windows\.vscode\extensions\redhat.java-1.52.0-win32-x64\jre\21.0.9-win32-x86_64\bin\java.exe
0x00007ffe199e0000 - 0x00007ffe19c47000 	C:\WINDOWS\SYSTEM32\ntdll.dll
0x00007ffe185e0000 - 0x00007ffe186a9000 	C:\WINDOWS\System32\KERNEL32.DLL
0x00007ffe17290000 - 0x00007ffe1767f000 	C:\WINDOWS\System32\KERNELBASE.dll
0x00007ffe17000000 - 0x00007ffe1714b000 	C:\WINDOWS\System32\ucrtbase.dll
0x00007ffdfeda0000 - 0x00007ffdfedb8000 	c:\Users\Windows\.vscode\extensions\redhat.java-1.52.0-win32-x64\jre\21.0.9-win32-x86_64\bin\jli.dll
0x00007ffe19160000 - 0x00007ffe19325000 	C:\WINDOWS\System32\USER32.dll
0x00007ffe17690000 - 0x00007ffe176b7000 	C:\WINDOWS\System32\win32u.dll
0x00007ffe186b0000 - 0x00007ffe186db000 	C:\WINDOWS\System32\GDI32.dll
0x00007ffe16ed0000 - 0x00007ffe16ffc000 	C:\WINDOWS\System32\gdi32full.dll
0x00007ffe16cb0000 - 0x00007ffe16d53000 	C:\WINDOWS\System32\msvcp_win.dll
0x00007ffdfb9c0000 - 0x00007ffdfb9de000 	c:\Users\Windows\.vscode\extensions\redhat.java-1.52.0-win32-x64\jre\21.0.9-win32-x86_64\bin\VCRUNTIME140.dll
0x00007ffdfbd20000 - 0x00007ffdfbfb3000 	C:\WINDOWS\WinSxS\amd64_microsoft.windows.common-controls_6595b64144ccf1df_6.0.26100.7309_none_3e05feeae336a044\COMCTL32.dll
0x00007ffe17780000 - 0x00007ffe17829000 	C:\WINDOWS\System32\msvcrt.dll
0x00007ffe198e0000 - 0x00007ffe19911000 	C:\WINDOWS\System32\IMM32.DLL
0x00007ffe10880000 - 0x00007ffe1088c000 	c:\Users\Windows\.vscode\extensions\redhat.java-1.52.0-win32-x64\jre\21.0.9-win32-x86_64\bin\vcruntime140_1.dll
0x00007ffdc1be0000 - 0x00007ffdc1c6d000 	c:\Users\Windows\.vscode\extensions\redhat.java-1.52.0-win32-x64\jre\21.0.9-win32-x86_64\bin\msvcp140.dll
0x00007ffd9de30000 - 0x00007ffd9ebd0000 	c:\Users\Windows\.vscode\extensions\redhat.java-1.52.0-win32-x64\jre\21.0.9-win32-x86_64\bin\server\jvm.dll
0x00007ffe17830000 - 0x00007ffe178e4000 	C:\WINDOWS\System32\ADVAPI32.dll
0x00007ffe195a0000 - 0x00007ffe19646000 	C:\WINDOWS\System32\sechost.dll
0x00007ffe19650000 - 0x00007ffe19768000 	C:\WINDOWS\System32\RPCRT4.dll
0x00007ffe17920000 - 0x00007ffe17994000 	C:\WINDOWS\System32\WS2_32.dll
0x00007ffe16990000 - 0x00007ffe169ee000 	C:\WINDOWS\SYSTEM32\POWRPROF.dll
0x00007ffe10570000 - 0x00007ffe105a5000 	C:\WINDOWS\SYSTEM32\WINMM.dll
0x00007ffe105b0000 - 0x00007ffe105bb000 	C:\WINDOWS\SYSTEM32\VERSION.dll
0x00007ffe16970000 - 0x00007ffe16984000 	C:\WINDOWS\SYSTEM32\UMPDC.dll
0x00007ffe158a0000 - 0x00007ffe158bb000 	C:\WINDOWS\SYSTEM32\kernel.appcore.dll
0x00007ffdff4c0000 - 0x00007ffdff4ca000 	c:\Users\Windows\.vscode\extensions\redhat.java-1.52.0-win32-x64\jre\21.0.9-win32-x86_64\bin\jimage.dll
0x00007ffe0a890000 - 0x00007ffe0aad2000 	C:\WINDOWS\SYSTEM32\DBGHELP.DLL
0x00007ffe18cd0000 - 0x00007ffe19056000 	C:\WINDOWS\System32\combase.dll
0x00007ffe19430000 - 0x00007ffe19506000 	C:\WINDOWS\System32\OLEAUT32.dll
0x00007ffdfb480000 - 0x00007ffdfb4bc000 	C:\WINDOWS\SYSTEM32\dbgcore.DLL
0x00007ffe171e0000 - 0x00007ffe17285000 	C:\WINDOWS\System32\bcryptPrimitives.dll
0x00007ffdfeef0000 - 0x00007ffdfeeff000 	c:\Users\Windows\.vscode\extensions\redhat.java-1.52.0-win32-x64\jre\21.0.9-win32-x86_64\bin\instrument.dll
0x00007ffdfb970000 - 0x00007ffdfb990000 	c:\Users\Windows\.vscode\extensions\redhat.java-1.52.0-win32-x64\jre\21.0.9-win32-x86_64\bin\java.dll
0x00007ffe17e80000 - 0x00007ffe185d3000 	C:\WINDOWS\System32\SHELL32.dll
0x00007ffe16d60000 - 0x00007ffe16eca000 	C:\WINDOWS\System32\wintypes.dll
0x00007ffe146f0000 - 0x00007ffe14f4e000 	C:\WINDOWS\SYSTEM32\windows.storage.dll
0x00007ffe19330000 - 0x00007ffe19425000 	C:\WINDOWS\System32\SHCORE.dll
0x00007ffe19530000 - 0x00007ffe19596000 	C:\WINDOWS\System32\shlwapi.dll
0x00007ffe16a50000 - 0x00007ffe16a79000 	C:\WINDOWS\SYSTEM32\profapi.dll
0x00007ffdf75e0000 - 0x00007ffdf75f8000 	c:\Users\Windows\.vscode\extensions\redhat.java-1.52.0-win32-x64\jre\21.0.9-win32-x86_64\bin\zip.dll
0x00007ffdfeec0000 - 0x00007ffdfeed0000 	C:\Users\Windows\.vscode\extensions\redhat.java-1.52.0-win32-x64\jre\21.0.9-win32-x86_64\bin\net.dll
0x00007ffe10440000 - 0x00007ffe10568000 	C:\WINDOWS\SYSTEM32\WINHTTP.dll
0x00007ffe15df0000 - 0x00007ffe15e5b000 	C:\WINDOWS\system32\mswsock.dll
0x00007ffdf74e0000 - 0x00007ffdf74f6000 	C:\Users\Windows\.vscode\extensions\redhat.java-1.52.0-win32-x64\jre\21.0.9-win32-x86_64\bin\nio.dll
0x00007ffdfee70000 - 0x00007ffdfee80000 	c:\Users\Windows\.vscode\extensions\redhat.java-1.52.0-win32-x64\jre\21.0.9-win32-x86_64\bin\verify.dll
0x00007ffdc6110000 - 0x00007ffdc6155000 	C:\Users\Windows\AppData\Roaming\Code\User\globalStorage\redhat.java\1.52.0\config_win\org.eclipse.equinox.launcher\org.eclipse.equinox.launcher.win32.win32.x86_64_1.2.1500.v20260121-1430\eclipse_11919.dll
0x00007ffe179f0000 - 0x00007ffe17b87000 	C:\WINDOWS\System32\ole32.dll
0x00007ffe161e0000 - 0x00007ffe161fb000 	C:\WINDOWS\SYSTEM32\CRYPTSP.dll
0x00007ffe15800000 - 0x00007ffe1583a000 	C:\WINDOWS\system32\rsaenh.dll
0x00007ffe15ea0000 - 0x00007ffe15ecb000 	C:\WINDOWS\SYSTEM32\USERENV.dll
0x00007ffe16a20000 - 0x00007ffe16a4a000 	C:\WINDOWS\SYSTEM32\bcrypt.dll
0x00007ffe161c0000 - 0x00007ffe161cc000 	C:\WINDOWS\SYSTEM32\CRYPTBASE.dll
0x00007ffe152e0000 - 0x00007ffe15314000 	C:\WINDOWS\SYSTEM32\IPHLPAPI.DLL
0x00007ffe19520000 - 0x00007ffe1952a000 	C:\WINDOWS\System32\NSI.dll
0x00007ffdc1ad0000 - 0x00007ffdc1b19000 	C:\Users\Windows\AppData\Local\Temp\jna--1280820637\jna13171047580208077481.dll
0x00007ffe19510000 - 0x00007ffe19518000 	C:\WINDOWS\System32\PSAPI.DLL
0x00007ffe10850000 - 0x00007ffe1086e000 	C:\WINDOWS\SYSTEM32\dhcpcsvc6.DLL
0x00007ffe10820000 - 0x00007ffe10843000 	C:\WINDOWS\SYSTEM32\dhcpcsvc.DLL
0x00007ffe159c0000 - 0x00007ffe159f6000 	C:\WINDOWS\SYSTEM32\ntmarta.dll

JVMTI agents:
c:\Users\Windows\.vscode\extensions\redhat.java-1.52.0-win32-x64\lombok\lombok-1.18.39-4050.jar path:c:\Users\Windows\.vscode\extensions\redhat.java-1.52.0-win32-x64\jre\21.0.9-win32-x86_64\bin\instrument.dll, loaded, initialized, instrumentlib options:none

dbghelp: loaded successfully - version: 4.0.5 - missing functions: none
symbol engine: initialized successfully - sym options: 0x614 - pdb path: .;c:\Users\Windows\.vscode\extensions\redhat.java-1.52.0-win32-x64\jre\21.0.9-win32-x86_64\bin;C:\WINDOWS\SYSTEM32;C:\WINDOWS\WinSxS\amd64_microsoft.windows.common-controls_6595b64144ccf1df_6.0.26100.7309_none_3e05feeae336a044;c:\Users\Windows\.vscode\extensions\redhat.java-1.52.0-win32-x64\jre\21.0.9-win32-x86_64\bin\server;C:\Users\Windows\AppData\Roaming\Code\User\globalStorage\redhat.java\1.52.0\config_win\org.eclipse.equinox.launcher\org.eclipse.equinox.launcher.win32.win32.x86_64_1.2.1500.v20260121-1430;C:\Users\Windows\AppData\Local\Temp\jna--1280820637

VM Arguments:
jvm_args: --add-modules=ALL-SYSTEM --add-opens=java.base/java.util=ALL-UNNAMED --add-opens=java.base/java.lang=ALL-UNNAMED --add-opens=java.base/sun.nio.fs=ALL-UNNAMED -Declipse.application=org.eclipse.jdt.ls.core.id1 -Dosgi.bundles.defaultStartLevel=4 -Declipse.product=org.eclipse.jdt.ls.core.product -Djava.import.generatesMetadataFilesAtProjectRoot=false -DDetectVMInstallationsJob.disabled=true -Dfile.encoding=utf8 -XX:+UseParallelGC -XX:GCTimeRatio=4 -XX:AdaptiveSizePolicyWeight=90 -Dsun.zip.disableMemoryMapping=true -Xmx2G -Xms100m -Xlog:disable -javaagent:c:\Users\Windows\.vscode\extensions\redhat.java-1.52.0-win32-x64\lombok\lombok-1.18.39-4050.jar -XX:+HeapDumpOnOutOfMemoryError -XX:HeapDumpPath=c:\Users\Windows\AppData\Roaming\Code\User\workspaceStorage\dfdc2452a5078a7f15487c969d3a8cff\redhat.java -Daether.dependencyCollector.impl=bf 
java_command: c:\Users\Windows\.vscode\extensions\redhat.java-1.52.0-win32-x64\server\plugins\org.eclipse.equinox.launcher_1.7.100.v20251111-0406.jar -configuration c:\Users\Windows\AppData\Roaming\Code\User\globalStorage\redhat.java\1.52.0\config_win -data c:\Users\Windows\AppData\Roaming\Code\User\workspaceStorage\dfdc2452a5078a7f15487c969d3a8cff\redhat.java\jdt_ws --pipe=\\.\pipe\lsp-ff669edcf535db2839428b232d47ea91-sock
java_class_path (initial): c:\Users\Windows\.vscode\extensions\redhat.java-1.52.0-win32-x64\server\plugins\org.eclipse.equinox.launcher_1.7.100.v20251111-0406.jar
Launcher Type: SUN_STANDARD

[Global flags]
    uintx AdaptiveSizePolicyWeight                 = 90                                        {product} {command line}
     intx CICompilerCount                          = 4                                         {product} {ergonomic}
    uintx GCTimeRatio                              = 4                                         {product} {command line}
     bool HeapDumpOnOutOfMemoryError               = true                                   {manageable} {command line}
    ccstr HeapDumpPath                             = c:\Users\Windows\AppData\Roaming\Code\User\workspaceStorage\dfdc2452a5078a7f15487c969d3a8cff\redhat.java         {manageable} {command line}
   size_t InitialHeapSize                          = 104857600                                 {product} {command line}
   size_t MaxHeapSize                              = 2147483648                                {product} {command line}
   size_t MaxNewSize                               = 715653120                                 {product} {ergonomic}
   size_t MinHeapDeltaBytes                        = 524288                                    {product} {ergonomic}
   size_t MinHeapSize                              = 104857600                                 {product} {command line}
   size_t NewSize                                  = 34603008                                  {product} {ergonomic}
    uintx NonNMethodCodeHeapSize                   = 5839372                                {pd product} {ergonomic}
    uintx NonProfiledCodeHeapSize                  = 122909434                              {pd product} {ergonomic}
   size_t OldSize                                  = 70254592                                  {product} {ergonomic}
    uintx ProfiledCodeHeapSize                     = 122909434                              {pd product} {ergonomic}
    uintx ReservedCodeCacheSize                    = 251658240                              {pd product} {ergonomic}
     bool SegmentedCodeCache                       = true                                      {product} {ergonomic}
   size_t SoftMaxHeapSize                          = 2147483648                             {manageable} {ergonomic}
     bool UseCompressedOops                        = true                           {product lp64_product} {ergonomic}
     bool UseLargePagesIndividualAllocation        = false                                  {pd product} {ergonomic}
     bool UseParallelGC                            = true                                      {product} {command line}

Logging:
Log output configuration:
 #0: stdout all=off uptime,level,tags foldmultilines=false
 #1: stderr all=off uptime,level,tags foldmultilines=false

Release file:
JAVA_VERSION="21.0.9" 
MODULES="java.base java.compiler java.datatransfer java.xml java.prefs java.desktop java.instrument java.logging java.management java.security.sasl java.naming java.rmi java.management.rmi java.net.http java.scripting java.security.jgss java.transaction.xa java.sql java.sql.rowset java.xml.crypto java.se java.smartcardio jdk.accessibility jdk.internal.jvmstat jdk.attach jdk.charsets jdk.internal.opt jdk.zipfs jdk.compiler jdk.crypto.ec jdk.crypto.cryptoki jdk.crypto.mscapi jdk.dynalink jdk.internal.ed jdk.editpad jdk.hotspot.agent jdk.httpserver jdk.internal.le jdk.internal.vm.ci jdk.internal.vm.compiler jdk.internal.vm.compiler.management jdk.jartool jdk.javadoc jdk.jcmd jdk.management jdk.management.agent jdk.jconsole jdk.jdeps jdk.jdwp.agent jdk.jdi jdk.jfr jdk.jshell jdk.jsobject jdk.jstatd jdk.localedata jdk.management.jfr jdk.naming.dns jdk.naming.rmi jdk.net jdk.nio.mapmode jdk.random jdk.sctp jdk.security.auth jdk.security.jgss jdk.unsupported jdk.unsupported.desktop jdk.xml.dom" 

Environment Variables:
PATH=C:\Program Files (x86)\Common Files\Oracle\Java\java8path;C:\Program Files (x86)\Common Files\Oracle\Java\javapath;C:\WINDOWS\system32;C:\WINDOWS;C:\WINDOWS\System32\Wbem;C:\WINDOWS\System32\WindowsPowerShell\v1.0\;C:\WINDOWS\System32\OpenSSH\;C:\Program Files\dotnet\;C:\Program Files\Git\cmd;C:\Program Files\Docker\Docker\resources\bin;C:\Program Files\MySQL\MySQL Shell 8.0\bin\;C:\Users\Windows\AppData\Local\Programs\Python\Python313\Scripts\;C:\Users\Windows\AppData\Local\Programs\Python\Python313\;C:\Users\Windows\AppData\Local\Programs\Python\Launcher\;C:\Users\Windows\AppData\Local\Microsoft\WindowsApps;C:\Users\Windows\AppData\Local\Programs\Microsoft VS Code\bin;C:\Program Files\Git\bin;
USERNAME=Windows
OS=Windows_NT
PROCESSOR_IDENTIFIER=AMD64 Family 23 Model 104 Stepping 1, AuthenticAMD
TMP=C:\Users\Windows\AppData\Local\Temp
TEMP=C:\Users\Windows\AppData\Local\Temp




Periodic native trim disabled

---------------  S Y S T E M  ---------------

OS:
 Windows 11 , 64 bit Build 26100 (10.0.26100.7623)
OS uptime: 0 days 3:20 hours
Hyper-V role detected

CPU: total 8 (initial active 8) (8 cores per cpu, 2 threads per core) family 23 model 104 stepping 1 microcode 0x8608104, cx8, cmov, fxsr, ht, mmx, 3dnowpref, sse, sse2, sse3, ssse3, sse4a, sse4.1, sse4.2, popcnt, lzcnt, tsc, tscinvbit, avx, avx2, aes, clmul, bmi1, bmi2, adx, sha, fma, vzeroupper, clflush, clflushopt, hv, rdtscp, rdpid, f16c
Processor Information for processor 0
  Max Mhz: 2600, Current Mhz: 2080, Mhz Limit: 2600
Processor Information for processor 1
  Max Mhz: 2600, Current Mhz: 2080, Mhz Limit: 2600
Processor Information for processor 2
  Max Mhz: 2600, Current Mhz: 2080, Mhz Limit: 2600
Processor Information for processor 3
  Max Mhz: 2600, Current Mhz: 2600, Mhz Limit: 2600
Processor Information for processor 4
  Max Mhz: 2600, Current Mhz: 2600, Mhz Limit: 2600
Processor Information for processor 5
  Max Mhz: 2600, Current Mhz: 2080, Mhz Limit: 2600
Processor Information for processor 6
  Max Mhz: 2600, Current Mhz: 2600, Mhz Limit: 2600
Processor Information for processor 7
  Max Mhz: 2600, Current Mhz: 2080, Mhz Limit: 2600

Memory: 4k page, system-wide physical 3406M (274M free)
TotalPageFile size 13646M (AvailPageFile size 3M)
current process WorkingSet (physical memory assigned to process): 117M, peak: 398M
current process commit charge ("private bytes"): 1547M, peak: 1582M

vm_info: OpenJDK 64-Bit Server VM (21.0.9+10-LTS) for windows-amd64 JRE (21.0.9+10-LTS), built on 2025-10-21T00:00:00Z by "admin" with unknown MS VC++:1942

END.
