#
# There is insufficient memory for the Java Runtime Environment to continue.
# Native memory allocation (malloc) failed to allocate 32744 bytes. Error detail: Chunk::new
# Possible reasons:
#   The system is out of physical RAM or swap space
#   This process is running with CompressedOops enabled, and the Java Heap may be blocking the growth of the native heap
# Possible solutions:
#   Reduce memory load on the system
#   Increase physical memory or swap space
#   Check if swap backing store is full
#   Decrease Java heap size (-Xmx/-Xms)
#   Decrease number of Java threads
#   Decrease Java thread stack sizes (-Xss)
#   Set larger code cache with -XX:ReservedCodeCacheSize=
#   JVM is running with Unscaled Compressed Oops mode in which the Java heap is
#     placed in the first 4GB address space. The Java Heap base address is the
#     maximum limit for the native heap growth. Please use -XX:HeapBaseMinAddress
#     to set the Java Heap base and to place the Java Heap above 4GB virtual address.
# This output file may be truncated or incomplete.
#
#  Out of Memory Error (arena.cpp:168), pid=9036, tid=5652
#
# JRE version: OpenJDK Runtime Environment Temurin-21.0.9+10 (21.0.9+10) (build 21.0.9+10-LTS)
# Java VM: OpenJDK 64-Bit Server VM Temurin-21.0.9+10 (21.0.9+10-LTS, mixed mode, sharing, tiered, compressed oops, compressed class ptrs, parallel gc, windows-amd64)
# No core dump will be written. Minidumps are not enabled by default on client versions of Windows
#

---------------  S U M M A R Y ------------

Command Line: --add-modules=ALL-SYSTEM --add-opens=java.base/java.util=ALL-UNNAMED --add-opens=java.base/java.lang=ALL-UNNAMED --add-opens=java.base/sun.nio.fs=ALL-UNNAMED -Declipse.application=org.eclipse.jdt.ls.core.id1 -Dosgi.bundles.defaultStartLevel=4 -Declipse.product=org.eclipse.jdt.ls.core.product -Djava.import.generatesMetadataFilesAtProjectRoot=false -DDetectVMInstallationsJob.disabled=true -Dfile.encoding=utf8 -XX:+UseParallelGC -XX:GCTimeRatio=4 -XX:AdaptiveSizePolicyWeight=90 -Dsun.zip.disableMemoryMapping=true -Xmx2G -Xms100m -Xlog:disable -javaagent:c:\Users\Windows\.vscode\extensions\redhat.java-1.52.0-win32-x64\lombok\lombok-1.18.39-4050.jar -XX:+HeapDumpOnOutOfMemoryError -XX:HeapDumpPath=c:\Users\Windows\AppData\Roaming\Code\User\workspaceStorage\dfdc2452a5078a7f15487c969d3a8cff\redhat.java -Daether.dependencyCollector.impl=bf c:\Users\Windows\.vscode\extensions\redhat.java-1.52.0-win32-x64\server\plugins\org.eclipse.equinox.launcher_1.7.100.v20251111-0406.jar -configuration c:\Users\Windows\AppData\Roaming\Code\User\globalStorage\redhat.java\1.52.0\config_win -data c:\Users\Windows\AppData\Roaming\Code\User\workspaceStorage\dfdc2452a5078a7f15487c969d3a8cff\redhat.java\jdt_ws --pipe=\\.\pipe\lsp-a3996d4fa013969c9e4f07f1da3ec190-sock

Host: AMD Ryzen 3 5300U with Radeon Graphics         , 8 cores, 3G,  Windows 11 , 64 bit Build 26100 (10.0.26100.7623)
Time: Sun Feb  8 17:00:26 2026 Hora est. Pacífico, Sudamérica elapsed time: 33.357400 seconds (0d 0h 0m 33s)

---------------  T H R E A D  ---------------

Current thread (0x000001d94b9057d0):  JavaThread "C2 CompilerThread0" daemon [_thread_in_native, id=5652, stack(0x000000529ac00000,0x000000529ad00000) (1024K)]


Current CompileTask:
C2:33357 6765       4       org.eclipse.osgi.internal.loader.BundleLoader::addExportedProvidersFor (167 bytes)

Stack: [0x000000529ac00000,0x000000529ad00000]
Native frames: (J=compiled Java code, j=interpreted, Vv=VM code, C=native code)
V  [jvm.dll+0x6d6e29]
V  [jvm.dll+0x8b4b76]
V  [jvm.dll+0x8b712e]
V  [jvm.dll+0x8b7813]
V  [jvm.dll+0x283d86]
V  [jvm.dll+0xc66ed]
V  [jvm.dll+0xc6c31]
V  [jvm.dll+0x5f11a5]
V  [jvm.dll+0x5fa78d]
V  [jvm.dll+0x5f33d5]
V  [jvm.dll+0x5f7aeb]
V  [jvm.dll+0x5f721d]
V  [jvm.dll+0x5f7100]
V  [jvm.dll+0x5f7280]
V  [jvm.dll+0x5f7280]
V  [jvm.dll+0x5f7280]
V  [jvm.dll+0x5f7280]
V  [jvm.dll+0x5f7280]
V  [jvm.dll+0x5f7280]
V  [jvm.dll+0x5fe602]
V  [jvm.dll+0x255557]
V  [jvm.dll+0x25591d]
V  [jvm.dll+0x24df40]
V  [jvm.dll+0x24b482]
V  [jvm.dll+0x1cb13e]
V  [jvm.dll+0x25b29d]
V  [jvm.dll+0x25982a]
V  [jvm.dll+0x3f7ea6]
V  [jvm.dll+0x85e9ad]
V  [jvm.dll+0x6d565d]
C  [ucrtbase.dll+0x37b0]
C  [KERNEL32.DLL+0x2e8d7]
C  [ntdll.dll+0x8c53c]


---------------  P R O C E S S  ---------------

Threads class SMR info:
_java_thread_list=0x000001d96b66c3b0, length=44, elements={
0x000001d94b97b900, 0x000001d94b8eb9e0, 0x000001d94b8eee60, 0x000001d94b8f0e50,
0x000001d94b8f1aa0, 0x000001d94b8fc490, 0x000001d94b9049a0, 0x000001d94b9057d0,
0x000001d94b91a930, 0x000001d963d8d040, 0x000001d963ed4b60, 0x000001d9686e1000,
0x000001d968687fe0, 0x000001d96864ce10, 0x000001d96864e260, 0x000001d968a61180,
0x000001d968ae82c0, 0x000001d9689dea40, 0x000001d96904dca0, 0x000001d968ebd100,
0x000001d968ebde20, 0x000001d968ebe4b0, 0x000001d968ebca70, 0x000001d968ebd790,
0x000001d96b34b6f0, 0x000001d96b345db0, 0x000001d96b347160, 0x000001d96b346ad0,
0x000001d96b346440, 0x000001d96a6ba190, 0x000001d96a6bc260, 0x000001d96a6ba820,
0x000001d96a6bbbd0, 0x000001d96a6b8de0, 0x000001d96b34a9d0, 0x000001d968ebeb40,
0x000001d968ebb6c0, 0x000001d9693930a0, 0x000001d96a8be1e0, 0x000001d969393730,
0x000001d96a8bf590, 0x000001d96972c010, 0x000001d96a6b9470, 0x000001d96a8bef00
}

Java Threads: ( => current thread )
  0x000001d94b97b900 JavaThread "main"                              [_thread_blocked, id=3052, stack(0x000000529a200000,0x000000529a300000) (1024K)]
  0x000001d94b8eb9e0 JavaThread "Reference Handler"          daemon [_thread_blocked, id=6684, stack(0x000000529a600000,0x000000529a700000) (1024K)]
  0x000001d94b8eee60 JavaThread "Finalizer"                  daemon [_thread_blocked, id=11084, stack(0x000000529a700000,0x000000529a800000) (1024K)]
  0x000001d94b8f0e50 JavaThread "Signal Dispatcher"          daemon [_thread_blocked, id=15120, stack(0x000000529a800000,0x000000529a900000) (1024K)]
  0x000001d94b8f1aa0 JavaThread "Attach Listener"            daemon [_thread_blocked, id=17332, stack(0x000000529a900000,0x000000529aa00000) (1024K)]
  0x000001d94b8fc490 JavaThread "Service Thread"             daemon [_thread_blocked, id=1864, stack(0x000000529aa00000,0x000000529ab00000) (1024K)]
  0x000001d94b9049a0 JavaThread "Monitor Deflation Thread"   daemon [_thread_blocked, id=18108, stack(0x000000529ab00000,0x000000529ac00000) (1024K)]
=>0x000001d94b9057d0 JavaThread "C2 CompilerThread0"         daemon [_thread_in_native, id=5652, stack(0x000000529ac00000,0x000000529ad00000) (1024K)]
  0x000001d94b91a930 JavaThread "C1 CompilerThread0"         daemon [_thread_blocked, id=15216, stack(0x000000529ad00000,0x000000529ae00000) (1024K)]
  0x000001d963d8d040 JavaThread "Common-Cleaner"             daemon [_thread_blocked, id=12844, stack(0x000000529ae00000,0x000000529af00000) (1024K)]
  0x000001d963ed4b60 JavaThread "Notification Thread"        daemon [_thread_blocked, id=16940, stack(0x000000529af00000,0x000000529b000000) (1024K)]
  0x000001d9686e1000 JavaThread "Active Thread: Equinox Container: 6ac1db3a-9232-49a0-a82a-58d1be47b05b"        [_thread_blocked, id=14312, stack(0x000000529b600000,0x000000529b700000) (1024K)]
  0x000001d968687fe0 JavaThread "Refresh Thread: Equinox Container: 6ac1db3a-9232-49a0-a82a-58d1be47b05b" daemon [_thread_blocked, id=16696, stack(0x000000529b800000,0x000000529b900000) (1024K)]
  0x000001d96864ce10 JavaThread "Framework Event Dispatcher: Equinox Container: 6ac1db3a-9232-49a0-a82a-58d1be47b05b" daemon [_thread_blocked, id=16800, stack(0x000000529b900000,0x000000529ba00000) (1024K)]
  0x000001d96864e260 JavaThread "Start Level: Equinox Container: 6ac1db3a-9232-49a0-a82a-58d1be47b05b" daemon [_thread_blocked, id=5536, stack(0x000000529ba00000,0x000000529bb00000) (1024K)]
  0x000001d968a61180 JavaThread "Bundle File Closer"         daemon [_thread_blocked, id=6276, stack(0x000000529bb00000,0x000000529bc00000) (1024K)]
  0x000001d968ae82c0 JavaThread "SCR Component Actor"        daemon [_thread_blocked, id=10032, stack(0x000000529bc00000,0x000000529bd00000) (1024K)]
  0x000001d9689dea40 JavaThread "Worker-JM"                         [_thread_blocked, id=5516, stack(0x000000529bd00000,0x000000529be00000) (1024K)]
  0x000001d96904dca0 JavaThread "JNA Cleaner"                daemon [_thread_blocked, id=9100, stack(0x000000529be00000,0x000000529bf00000) (1024K)]
  0x000001d968ebd100 JavaThread "Worker-0"                          [_thread_blocked, id=4168, stack(0x000000529bf00000,0x000000529c000000) (1024K)]
  0x000001d968ebde20 JavaThread "Worker-1: Initialize workspace"        [_thread_blocked, id=9296, stack(0x000000529c000000,0x000000529c100000) (1024K)]
  0x000001d968ebe4b0 JavaThread "Worker-2"                          [_thread_blocked, id=12224, stack(0x000000529c100000,0x000000529c200000) (1024K)]
  0x000001d968ebca70 JavaThread "Java indexing"              daemon [_thread_blocked, id=14000, stack(0x000000529c200000,0x000000529c300000) (1024K)]
  0x000001d968ebd790 JavaThread "Worker-3: Initialize Workspace"        [_thread_blocked, id=10800, stack(0x000000529c600000,0x000000529c700000) (1024K)]
  0x000001d96b34b6f0 JavaThread "Worker-4: Send Classpath Notifications"        [_thread_in_native, id=4144, stack(0x000000529c700000,0x000000529c800000) (1024K)]
  0x000001d96b345db0 JavaThread "Thread-1"                   daemon [_thread_in_native, id=5680, stack(0x000000529c800000,0x000000529c900000) (1024K)]
  0x000001d96b347160 JavaThread "Thread-2"                   daemon [_thread_in_native, id=14024, stack(0x000000529c900000,0x000000529ca00000) (1024K)]
  0x000001d96b346ad0 JavaThread "Thread-3"                   daemon [_thread_in_native, id=13448, stack(0x000000529ca00000,0x000000529cb00000) (1024K)]
  0x000001d96b346440 JavaThread "Thread-4"                   daemon [_thread_in_native, id=15676, stack(0x000000529cb00000,0x000000529cc00000) (1024K)]
  0x000001d96a6ba190 JavaThread "Thread-5"                   daemon [_thread_in_native, id=4308, stack(0x000000529cc00000,0x000000529cd00000) (1024K)]
  0x000001d96a6bc260 JavaThread "Thread-6"                   daemon [_thread_in_native, id=12324, stack(0x000000529cd00000,0x000000529ce00000) (1024K)]
  0x000001d96a6ba820 JavaThread "Thread-7"                   daemon [_thread_in_native, id=4556, stack(0x000000529ce00000,0x000000529cf00000) (1024K)]
  0x000001d96a6bbbd0 JavaThread "Thread-8"                   daemon [_thread_in_native, id=18316, stack(0x000000529cf00000,0x000000529d000000) (1024K)]
  0x000001d96a6b8de0 JavaThread "Thread-9"                   daemon [_thread_in_native, id=13844, stack(0x000000529d000000,0x000000529d100000) (1024K)]
  0x000001d96b34a9d0 JavaThread "pool-2-thread-1"                   [_thread_blocked, id=6628, stack(0x000000529d100000,0x000000529d200000) (1024K)]
  0x000001d968ebeb40 JavaThread "WorkspaceEventsHandler"            [_thread_blocked, id=11732, stack(0x000000529d200000,0x000000529d300000) (1024K)]
  0x000001d968ebb6c0 JavaThread "pool-1-thread-1"                   [_thread_blocked, id=11884, stack(0x000000529d300000,0x000000529d400000) (1024K)]
  0x000001d9693930a0 JavaThread "ForkJoinPool.commonPool-worker-1" daemon [_thread_blocked, id=16092, stack(0x000000529d400000,0x000000529d500000) (1024K)]
  0x000001d96a8be1e0 JavaThread "ForkJoinPool.commonPool-worker-3" daemon [_thread_blocked, id=5016, stack(0x000000529d500000,0x000000529d600000) (1024K)]
  0x000001d969393730 JavaThread "ForkJoinPool.commonPool-worker-2" daemon [_thread_blocked, id=18348, stack(0x000000529d600000,0x000000529d700000) (1024K)]
  0x000001d96a8bf590 JavaThread "ForkJoinPool.commonPool-worker-4" daemon [_thread_blocked, id=2504, stack(0x000000529d700000,0x000000529d800000) (1024K)]
  0x000001d96972c010 JavaThread "ForkJoinPool.commonPool-worker-5" daemon [_thread_blocked, id=5432, stack(0x000000529d800000,0x000000529d900000) (1024K)]
  0x000001d96a6b9470 JavaThread "ForkJoinPool.commonPool-worker-6" daemon [_thread_blocked, id=17624, stack(0x000000529d900000,0x000000529da00000) (1024K)]
  0x000001d96a8bef00 JavaThread "ForkJoinPool.commonPool-worker-7" daemon [_thread_blocked, id=15212, stack(0x000000529da00000,0x000000529db00000) (1024K)]
Total: 44

Other Threads:
  0x000001d94ba3eb30 VMThread "VM Thread"                           [id=13804, stack(0x000000529a500000,0x000000529a600000) (1024K)]
  0x000001d94b80ca00 WatcherThread "VM Periodic Task Thread"        [id=13308, stack(0x000000529a400000,0x000000529a500000) (1024K)]
  0x000001d94b99ab10 WorkerThread "GC Thread#0"                     [id=11424, stack(0x000000529a300000,0x000000529a400000) (1024K)]
  0x000001d963f42060 WorkerThread "GC Thread#1"                     [id=8304, stack(0x000000529b000000,0x000000529b100000) (1024K)]
  0x000001d96830eec0 WorkerThread "GC Thread#2"                     [id=12436, stack(0x000000529b100000,0x000000529b200000) (1024K)]
  0x000001d96830f260 WorkerThread "GC Thread#3"                     [id=15692, stack(0x000000529b200000,0x000000529b300000) (1024K)]
  0x000001d96830f600 WorkerThread "GC Thread#4"                     [id=16952, stack(0x000000529b300000,0x000000529b400000) (1024K)]
  0x000001d96830f9a0 WorkerThread "GC Thread#5"                     [id=6404, stack(0x000000529b400000,0x000000529b500000) (1024K)]
  0x000001d96830fd40 WorkerThread "GC Thread#6"                     [id=14012, stack(0x000000529b500000,0x000000529b600000) (1024K)]
  0x000001d968685df0 WorkerThread "GC Thread#7"                     [id=11360, stack(0x000000529b700000,0x000000529b800000) (1024K)]
Total: 10

Threads with active compile tasks:
C2 CompilerThread0  33401 6765       4       org.eclipse.osgi.internal.loader.BundleLoader::addExportedProvidersFor (167 bytes)
Total: 1

VM state: not at safepoint (normal execution)

VM Mutex/Monitor currently owned by a thread: None

Heap address: 0x0000000080000000, size: 2048 MB, Compressed Oops mode: 32-bit

CDS archive(s) mapped at: [0x000001d900000000-0x000001d900ba0000-0x000001d900ba0000), size 12189696, SharedBaseAddress: 0x000001d900000000, ArchiveRelocationMode: 1.
Compressed class space mapped at: 0x000001d901000000-0x000001d941000000, reserved size: 1073741824
Narrow klass base: 0x000001d900000000, Narrow klass shift: 0, Narrow klass range: 0x100000000

GC Precious Log:
 CardTable entry size: 512
 CPUs: 8 total, 8 available
 Memory: 3406M
 Large Page Support: Disabled
 NUMA Support: Disabled
 Compressed Oops: Enabled (32-bit)
 Alignments: Space 512K, Generation 512K, Heap 2M
 Heap Min Capacity: 100M
 Heap Initial Capacity: 100M
 Heap Max Capacity: 2G
 Pre-touch: Disabled
 Parallel Workers: 8

Heap:
 PSYoungGen      total 26112K, used 18970K [0x00000000d5580000, 0x00000000d7500000, 0x0000000100000000)
  eden space 22016K, 80% used [0x00000000d5580000,0x00000000d66deb28,0x00000000d6b00000)
  from space 4096K, 28% used [0x00000000d6e00000,0x00000000d6f28000,0x00000000d7200000)
  to   space 2048K, 0% used [0x00000000d7300000,0x00000000d7300000,0x00000000d7500000)
 ParOldGen       total 68608K, used 32326K [0x0000000080000000, 0x0000000084300000, 0x00000000d5580000)
  object space 68608K, 47% used [0x0000000080000000,0x0000000081f91a48,0x0000000084300000)
 Metaspace       used 48739K, committed 50176K, reserved 1114112K
  class space    used 5319K, committed 5952K, reserved 1048576K

Card table byte_map: [0x000001d94b320000,0x000001d94b730000] _byte_map_base: 0x000001d94af20000

Marking Bits: (ParMarkBitMap*) 0x00007ff95cf32460
 Begin Bits: [0x000001d95de30000, 0x000001d95fe30000)
 End Bits:   [0x000001d95fe30000, 0x000001d961e30000)

Polling page: 0x000001d9497c0000

Metaspace:

Usage:
  Non-class:     42.40 MB used.
      Class:      5.19 MB used.
       Both:     47.60 MB used.

Virtual space:
  Non-class space:       64.00 MB reserved,      43.19 MB ( 67%) committed,  1 nodes.
      Class space:        1.00 GB reserved,       5.81 MB ( <1%) committed,  1 nodes.
             Both:        1.06 GB reserved,      49.00 MB (  5%) committed. 

Chunk freelists:
   Non-Class:  4.38 MB
       Class:  10.17 MB
        Both:  14.55 MB

MaxMetaspaceSize: unlimited
CompressedClassSpaceSize: 1.00 GB
Initial GC threshold: 21.00 MB
Current GC threshold: 58.38 MB
CDS: on
 - commit_granule_bytes: 65536.
 - commit_granule_words: 8192.
 - virtual_space_node_default_size: 8388608.
 - enlarge_chunks_in_place: 1.
 - use_allocation_guard: 0.


Internal statistics:

num_allocs_failed_limit: 6.
num_arena_births: 1016.
num_arena_deaths: 14.
num_vsnodes_births: 2.
num_vsnodes_deaths: 0.
num_space_committed: 784.
num_space_uncommitted: 0.
num_chunks_returned_to_freelist: 20.
num_chunks_taken_from_freelist: 3354.
num_chunk_merges: 12.
num_chunk_splits: 2026.
num_chunks_enlarged: 1058.
num_inconsistent_stats: 0.

CodeHeap 'non-profiled nmethods': size=120000Kb used=2397Kb max_used=2397Kb free=117603Kb
 bounds [0x000001d956650000, 0x000001d9568c0000, 0x000001d95db80000]
CodeHeap 'profiled nmethods': size=120000Kb used=12423Kb max_used=12423Kb free=107576Kb
 bounds [0x000001d94eb80000, 0x000001d94f7b0000, 0x000001d9560b0000]
CodeHeap 'non-nmethods': size=5760Kb used=1371Kb max_used=1413Kb free=4388Kb
 bounds [0x000001d9560b0000, 0x000001d956320000, 0x000001d956650000]
CodeCache: size=245760Kb, used=16191Kb, max_used=16233Kb, free=229567Kb
 total_blobs=6914, nmethods=6241, adapters=579, full_count=0
Compilation: enabled, stopped_count=0, restarted_count=0

Compilation events (20 events):
Event: 31.272 Thread 0x000001d94b91a930 nmethod 6801 0x000001d9568a5f10 code [0x000001d9568a60a0, 0x000001d9568a6170]
Event: 31.288 Thread 0x000001d94b91a930 6802       1       org.eclipse.core.internal.jobs.InternalJob::getRule (5 bytes)
Event: 31.288 Thread 0x000001d94b91a930 nmethod 6802 0x000001d9568a6210 code [0x000001d9568a63a0, 0x000001d9568a6468]
Event: 31.288 Thread 0x000001d94b91a930 6803       3       org.eclipse.core.internal.resources.Resource::hashCode (8 bytes)
Event: 31.289 Thread 0x000001d94b91a930 nmethod 6803 0x000001d94f797a90 code [0x000001d94f797c40, 0x000001d94f797eb0]
Event: 31.290 Thread 0x000001d94b91a930 6804       3       java.lang.invoke.MethodHandles::insertArguments (98 bytes)
Event: 31.292 Thread 0x000001d94b91a930 nmethod 6804 0x000001d94f797f90 code [0x000001d94f798220, 0x000001d94f798d08]
Event: 31.292 Thread 0x000001d94b91a930 6805       3       java.lang.invoke.MethodHandles::insertArgumentsChecks (51 bytes)
Event: 31.292 Thread 0x000001d94b91a930 nmethod 6805 0x000001d94f799210 code [0x000001d94f799400, 0x000001d94f7998d8]
Event: 31.306 Thread 0x000001d94b91a930 6806       3       java.io.IOException::<init> (6 bytes)
Event: 31.306 Thread 0x000001d94b91a930 nmethod 6806 0x000001d94f799b10 code [0x000001d94f799cc0, 0x000001d94f799e58]
Event: 31.309 Thread 0x000001d94b91a930 6807       3       org.eclipse.core.resources.ResourcesPlugin::getWorkspace (44 bytes)
Event: 31.310 Thread 0x000001d94b91a930 nmethod 6807 0x000001d94f799f10 code [0x000001d94f79a0e0, 0x000001d94f79a410]
Event: 31.337 Thread 0x000001d94b91a930 6808       3       com.sun.org.apache.xerces.internal.impl.XMLEntityManager::getFeatureDefault (36 bytes)
Event: 31.338 Thread 0x000001d94b91a930 nmethod 6808 0x000001d94f79a590 code [0x000001d94f79a760, 0x000001d94f79a9f0]
Event: 31.338 Thread 0x000001d94b91a930 6809   !   3       java.io.StringReader::read (105 bytes)
Event: 31.339 Thread 0x000001d94b91a930 nmethod 6809 0x000001d94f79ab10 code [0x000001d94f79ad40, 0x000001d94f79b4e0]
Event: 31.339 Thread 0x000001d94b91a930 6810       3       java.io.StringReader::ensureOpen (18 bytes)
Event: 31.340 Thread 0x000001d94b91a930 nmethod 6810 0x000001d94f79b910 code [0x000001d94f79bac0, 0x000001d94f79bcc8]
Event: 31.349 Thread 0x000001d94b91a930 6811       3       jdk.internal.loader.ClassLoaders$AppClassLoader::loadClass (40 bytes)

GC Heap History (20 events):
Event: 14.191 GC heap before
{Heap before GC invocations=12 (full 1):
 PSYoungGen      total 25088K, used 24795K [0x00000000d5580000, 0x00000000d7380000, 0x0000000100000000)
  eden space 23040K, 100% used [0x00000000d5580000,0x00000000d6c00000,0x00000000d6c00000)
  from space 2048K, 85% used [0x00000000d7180000,0x00000000d7336da0,0x00000000d7380000)
  to   space 2048K, 0% used [0x00000000d6f80000,0x00000000d6f80000,0x00000000d7180000)
 ParOldGen       total 68608K, used 15182K [0x0000000080000000, 0x0000000084300000, 0x00000000d5580000)
  object space 68608K, 22% used [0x0000000080000000,0x0000000080ed3a00,0x0000000084300000)
 Metaspace       used 30596K, committed 31616K, reserved 1114112K
  class space    used 3146K, committed 3584K, reserved 1048576K
}
Event: 14.195 GC heap after
{Heap after GC invocations=12 (full 1):
 PSYoungGen      total 24064K, used 1200K [0x00000000d5580000, 0x00000000d7200000, 0x0000000100000000)
  eden space 22528K, 0% used [0x00000000d5580000,0x00000000d5580000,0x00000000d6b80000)
  from space 1536K, 78% used [0x00000000d6f80000,0x00000000d70ac188,0x00000000d7100000)
  to   space 1024K, 0% used [0x00000000d7100000,0x00000000d7100000,0x00000000d7200000)
 ParOldGen       total 68608K, used 16677K [0x0000000080000000, 0x0000000084300000, 0x00000000d5580000)
  object space 68608K, 24% used [0x0000000080000000,0x00000000810497d8,0x0000000084300000)
 Metaspace       used 30596K, committed 31616K, reserved 1114112K
  class space    used 3146K, committed 3584K, reserved 1048576K
}
Event: 14.489 GC heap before
{Heap before GC invocations=13 (full 1):
 PSYoungGen      total 24064K, used 23728K [0x00000000d5580000, 0x00000000d7200000, 0x0000000100000000)
  eden space 22528K, 100% used [0x00000000d5580000,0x00000000d6b80000,0x00000000d6b80000)
  from space 1536K, 78% used [0x00000000d6f80000,0x00000000d70ac188,0x00000000d7100000)
  to   space 1024K, 0% used [0x00000000d7100000,0x00000000d7100000,0x00000000d7200000)
 ParOldGen       total 68608K, used 16677K [0x0000000080000000, 0x0000000084300000, 0x00000000d5580000)
  object space 68608K, 24% used [0x0000000080000000,0x00000000810497d8,0x0000000084300000)
 Metaspace       used 32894K, committed 33920K, reserved 1114112K
  class space    used 3394K, committed 3840K, reserved 1048576K
}
Event: 14.493 GC heap after
{Heap after GC invocations=13 (full 1):
 PSYoungGen      total 23040K, used 1005K [0x00000000d5580000, 0x00000000d7200000, 0x0000000100000000)
  eden space 22016K, 0% used [0x00000000d5580000,0x00000000d5580000,0x00000000d6b00000)
  from space 1024K, 98% used [0x00000000d7100000,0x00000000d71fb550,0x00000000d7200000)
  to   space 2560K, 0% used [0x00000000d6d00000,0x00000000d6d00000,0x00000000d6f80000)
 ParOldGen       total 68608K, used 17878K [0x0000000080000000, 0x0000000084300000, 0x00000000d5580000)
  object space 68608K, 26% used [0x0000000080000000,0x0000000081175838,0x0000000084300000)
 Metaspace       used 32894K, committed 33920K, reserved 1114112K
  class space    used 3394K, committed 3840K, reserved 1048576K
}
Event: 14.814 GC heap before
{Heap before GC invocations=14 (full 1):
 PSYoungGen      total 23040K, used 21495K [0x00000000d5580000, 0x00000000d7200000, 0x0000000100000000)
  eden space 22016K, 93% used [0x00000000d5580000,0x00000000d6982898,0x00000000d6b00000)
  from space 1024K, 98% used [0x00000000d7100000,0x00000000d71fb550,0x00000000d7200000)
  to   space 2560K, 0% used [0x00000000d6d00000,0x00000000d6d00000,0x00000000d6f80000)
 ParOldGen       total 68608K, used 17878K [0x0000000080000000, 0x0000000084300000, 0x00000000d5580000)
  object space 68608K, 26% used [0x0000000080000000,0x0000000081175838,0x0000000084300000)
 Metaspace       used 34764K, committed 35840K, reserved 1114112K
  class space    used 3622K, committed 4096K, reserved 1048576K
}
Event: 14.816 GC heap after
{Heap after GC invocations=14 (full 1):
 PSYoungGen      total 24576K, used 1513K [0x00000000d5580000, 0x00000000d7180000, 0x0000000100000000)
  eden space 22016K, 0% used [0x00000000d5580000,0x00000000d5580000,0x00000000d6b00000)
  from space 2560K, 59% used [0x00000000d6d00000,0x00000000d6e7a4f8,0x00000000d6f80000)
  to   space 2048K, 0% used [0x00000000d6f80000,0x00000000d6f80000,0x00000000d7180000)
 ParOldGen       total 68608K, used 18860K [0x0000000080000000, 0x0000000084300000, 0x00000000d5580000)
  object space 68608K, 27% used [0x0000000080000000,0x000000008126b2f0,0x0000000084300000)
 Metaspace       used 34764K, committed 35840K, reserved 1114112K
  class space    used 3622K, committed 4096K, reserved 1048576K
}
Event: 14.816 GC heap before
{Heap before GC invocations=15 (full 2):
 PSYoungGen      total 24576K, used 1513K [0x00000000d5580000, 0x00000000d7180000, 0x0000000100000000)
  eden space 22016K, 0% used [0x00000000d5580000,0x00000000d5580000,0x00000000d6b00000)
  from space 2560K, 59% used [0x00000000d6d00000,0x00000000d6e7a4f8,0x00000000d6f80000)
  to   space 2048K, 0% used [0x00000000d6f80000,0x00000000d6f80000,0x00000000d7180000)
 ParOldGen       total 68608K, used 18860K [0x0000000080000000, 0x0000000084300000, 0x00000000d5580000)
  object space 68608K, 27% used [0x0000000080000000,0x000000008126b2f0,0x0000000084300000)
 Metaspace       used 34764K, committed 35840K, reserved 1114112K
  class space    used 3622K, committed 4096K, reserved 1048576K
}
Event: 14.863 GC heap after
{Heap after GC invocations=15 (full 2):
 PSYoungGen      total 24576K, used 0K [0x00000000d5580000, 0x00000000d7180000, 0x0000000100000000)
  eden space 22016K, 0% used [0x00000000d5580000,0x00000000d5580000,0x00000000d6b00000)
  from space 2560K, 0% used [0x00000000d6d00000,0x00000000d6d00000,0x00000000d6f80000)
  to   space 2048K, 0% used [0x00000000d6f80000,0x00000000d6f80000,0x00000000d7180000)
 ParOldGen       total 68608K, used 19289K [0x0000000080000000, 0x0000000084300000, 0x00000000d5580000)
  object space 68608K, 28% used [0x0000000080000000,0x00000000812d66d0,0x0000000084300000)
 Metaspace       used 34764K, committed 35840K, reserved 1114112K
  class space    used 3622K, committed 4096K, reserved 1048576K
}
Event: 15.108 GC heap before
{Heap before GC invocations=16 (full 2):
 PSYoungGen      total 24576K, used 22015K [0x00000000d5580000, 0x00000000d7180000, 0x0000000100000000)
  eden space 22016K, 99% used [0x00000000d5580000,0x00000000d6affc90,0x00000000d6b00000)
  from space 2560K, 0% used [0x00000000d6d00000,0x00000000d6d00000,0x00000000d6f80000)
  to   space 2048K, 0% used [0x00000000d6f80000,0x00000000d6f80000,0x00000000d7180000)
 ParOldGen       total 68608K, used 19289K [0x0000000080000000, 0x0000000084300000, 0x00000000d5580000)
  object space 68608K, 28% used [0x0000000080000000,0x00000000812d66d0,0x0000000084300000)
 Metaspace       used 37460K, committed 38656K, reserved 1114112K
  class space    used 3942K, committed 4480K, reserved 1048576K
}
Event: 15.112 GC heap after
{Heap after GC invocations=16 (full 2):
 PSYoungGen      total 24064K, used 1888K [0x00000000d5580000, 0x00000000d7180000, 0x0000000100000000)
  eden space 22016K, 0% used [0x00000000d5580000,0x00000000d5580000,0x00000000d6b00000)
  from space 2048K, 92% used [0x00000000d6f80000,0x00000000d7158020,0x00000000d7180000)
  to   space 2048K, 0% used [0x00000000d6d80000,0x00000000d6d80000,0x00000000d6f80000)
 ParOldGen       total 68608K, used 19297K [0x0000000080000000, 0x0000000084300000, 0x00000000d5580000)
  object space 68608K, 28% used [0x0000000080000000,0x00000000812d86d0,0x0000000084300000)
 Metaspace       used 37460K, committed 38656K, reserved 1114112K
  class space    used 3942K, committed 4480K, reserved 1048576K
}
Event: 15.513 GC heap before
{Heap before GC invocations=17 (full 2):
 PSYoungGen      total 24064K, used 23904K [0x00000000d5580000, 0x00000000d7180000, 0x0000000100000000)
  eden space 22016K, 100% used [0x00000000d5580000,0x00000000d6b00000,0x00000000d6b00000)
  from space 2048K, 92% used [0x00000000d6f80000,0x00000000d7158020,0x00000000d7180000)
  to   space 2048K, 0% used [0x00000000d6d80000,0x00000000d6d80000,0x00000000d6f80000)
 ParOldGen       total 68608K, used 19297K [0x0000000080000000, 0x0000000084300000, 0x00000000d5580000)
  object space 68608K, 28% used [0x0000000080000000,0x00000000812d86d0,0x0000000084300000)
 Metaspace       used 39628K, committed 40896K, reserved 1114112K
  class space    used 4250K, committed 4800K, reserved 1048576K
}
Event: 15.517 GC heap after
{Heap after GC invocations=17 (full 2):
 PSYoungGen      total 23552K, used 1376K [0x00000000d5580000, 0x00000000d7000000, 0x0000000100000000)
  eden space 22016K, 0% used [0x00000000d5580000,0x00000000d5580000,0x00000000d6b00000)
  from space 1536K, 89% used [0x00000000d6d80000,0x00000000d6ed8000,0x00000000d6f00000)
  to   space 1024K, 0% used [0x00000000d6f00000,0x00000000d6f00000,0x00000000d7000000)
 ParOldGen       total 68608K, used 20970K [0x0000000080000000, 0x0000000084300000, 0x00000000d5580000)
  object space 68608K, 30% used [0x0000000080000000,0x000000008147a8d0,0x0000000084300000)
 Metaspace       used 39628K, committed 40896K, reserved 1114112K
  class space    used 4250K, committed 4800K, reserved 1048576K
}
Event: 16.228 GC heap before
{Heap before GC invocations=18 (full 2):
 PSYoungGen      total 23552K, used 23392K [0x00000000d5580000, 0x00000000d7000000, 0x0000000100000000)
  eden space 22016K, 100% used [0x00000000d5580000,0x00000000d6b00000,0x00000000d6b00000)
  from space 1536K, 89% used [0x00000000d6d80000,0x00000000d6ed8000,0x00000000d6f00000)
  to   space 1024K, 0% used [0x00000000d6f00000,0x00000000d6f00000,0x00000000d7000000)
 ParOldGen       total 68608K, used 20970K [0x0000000080000000, 0x0000000084300000, 0x00000000d5580000)
  object space 68608K, 30% used [0x0000000080000000,0x000000008147a8d0,0x0000000084300000)
 Metaspace       used 42168K, committed 43392K, reserved 1114112K
  class space    used 4537K, committed 5056K, reserved 1048576K
}
Event: 16.232 GC heap after
{Heap after GC invocations=18 (full 2):
 PSYoungGen      total 23040K, used 1024K [0x00000000d5580000, 0x00000000d7100000, 0x0000000100000000)
  eden space 22016K, 0% used [0x00000000d5580000,0x00000000d5580000,0x00000000d6b00000)
  from space 1024K, 100% used [0x00000000d6f00000,0x00000000d7000000,0x00000000d7000000)
  to   space 3072K, 0% used [0x00000000d6b00000,0x00000000d6b00000,0x00000000d6e00000)
 ParOldGen       total 68608K, used 22600K [0x0000000080000000, 0x0000000084300000, 0x00000000d5580000)
  object space 68608K, 32% used [0x0000000080000000,0x0000000081612298,0x0000000084300000)
 Metaspace       used 42168K, committed 43392K, reserved 1114112K
  class space    used 4537K, committed 5056K, reserved 1048576K
}
Event: 16.905 GC heap before
{Heap before GC invocations=19 (full 2):
 PSYoungGen      total 23040K, used 23040K [0x00000000d5580000, 0x00000000d7100000, 0x0000000100000000)
  eden space 22016K, 100% used [0x00000000d5580000,0x00000000d6b00000,0x00000000d6b00000)
  from space 1024K, 100% used [0x00000000d6f00000,0x00000000d7000000,0x00000000d7000000)
  to   space 3072K, 0% used [0x00000000d6b00000,0x00000000d6b00000,0x00000000d6e00000)
 ParOldGen       total 68608K, used 22600K [0x0000000080000000, 0x0000000084300000, 0x00000000d5580000)
  object space 68608K, 32% used [0x0000000080000000,0x0000000081612298,0x0000000084300000)
 Metaspace       used 43414K, committed 44608K, reserved 1114112K
  class space    used 4709K, committed 5248K, reserved 1048576K
}
Event: 16.912 GC heap after
{Heap after GC invocations=19 (full 2):
 PSYoungGen      total 25088K, used 3072K [0x00000000d5580000, 0x00000000d7e00000, 0x0000000100000000)
  eden space 22016K, 0% used [0x00000000d5580000,0x00000000d5580000,0x00000000d6b00000)
  from space 3072K, 100% used [0x00000000d6b00000,0x00000000d6e00000,0x00000000d6e00000)
  to   space 9728K, 0% used [0x00000000d7480000,0x00000000d7480000,0x00000000d7e00000)
 ParOldGen       total 68608K, used 28015K [0x0000000080000000, 0x0000000084300000, 0x00000000d5580000)
  object space 68608K, 40% used [0x0000000080000000,0x0000000081b5be90,0x0000000084300000)
 Metaspace       used 43414K, committed 44608K, reserved 1114112K
  class space    used 4709K, committed 5248K, reserved 1048576K
}
Event: 22.288 GC heap before
{Heap before GC invocations=20 (full 2):
 PSYoungGen      total 25088K, used 25088K [0x00000000d5580000, 0x00000000d7e00000, 0x0000000100000000)
  eden space 22016K, 100% used [0x00000000d5580000,0x00000000d6b00000,0x00000000d6b00000)
  from space 3072K, 100% used [0x00000000d6b00000,0x00000000d6e00000,0x00000000d6e00000)
  to   space 9728K, 0% used [0x00000000d7480000,0x00000000d7480000,0x00000000d7e00000)
 ParOldGen       total 68608K, used 28015K [0x0000000080000000, 0x0000000084300000, 0x00000000d5580000)
  object space 68608K, 40% used [0x0000000080000000,0x0000000081b5be90,0x0000000084300000)
 Metaspace       used 45781K, committed 47040K, reserved 1114112K
  class space    used 5003K, committed 5568K, reserved 1048576K
}
Event: 22.294 GC heap after
{Heap after GC invocations=20 (full 2):
 PSYoungGen      total 23552K, used 1499K [0x00000000d5580000, 0x00000000d7600000, 0x0000000100000000)
  eden space 22016K, 0% used [0x00000000d5580000,0x00000000d5580000,0x00000000d6b00000)
  from space 1536K, 97% used [0x00000000d7480000,0x00000000d75f6e98,0x00000000d7600000)
  to   space 4096K, 0% used [0x00000000d6e00000,0x00000000d6e00000,0x00000000d7200000)
 ParOldGen       total 68608K, used 31085K [0x0000000080000000, 0x0000000084300000, 0x00000000d5580000)
  object space 68608K, 45% used [0x0000000080000000,0x0000000081e5b780,0x0000000084300000)
 Metaspace       used 45781K, committed 47040K, reserved 1114112K
  class space    used 5003K, committed 5568K, reserved 1048576K
}
Event: 23.360 GC heap before
{Heap before GC invocations=21 (full 2):
 PSYoungGen      total 23552K, used 23515K [0x00000000d5580000, 0x00000000d7600000, 0x0000000100000000)
  eden space 22016K, 100% used [0x00000000d5580000,0x00000000d6b00000,0x00000000d6b00000)
  from space 1536K, 97% used [0x00000000d7480000,0x00000000d75f6e98,0x00000000d7600000)
  to   space 4096K, 0% used [0x00000000d6e00000,0x00000000d6e00000,0x00000000d7200000)
 ParOldGen       total 68608K, used 31085K [0x0000000080000000, 0x0000000084300000, 0x00000000d5580000)
  object space 68608K, 45% used [0x0000000080000000,0x0000000081e5b780,0x0000000084300000)
 Metaspace       used 46862K, committed 48128K, reserved 1114112K
  class space    used 5125K, committed 5696K, reserved 1048576K
}
Event: 23.364 GC heap after
{Heap after GC invocations=21 (full 2):
 PSYoungGen      total 26112K, used 1184K [0x00000000d5580000, 0x00000000d7500000, 0x0000000100000000)
  eden space 22016K, 0% used [0x00000000d5580000,0x00000000d5580000,0x00000000d6b00000)
  from space 4096K, 28% used [0x00000000d6e00000,0x00000000d6f28000,0x00000000d7200000)
  to   space 2048K, 0% used [0x00000000d7300000,0x00000000d7300000,0x00000000d7500000)
 ParOldGen       total 68608K, used 32326K [0x0000000080000000, 0x0000000084300000, 0x00000000d5580000)
  object space 68608K, 47% used [0x0000000080000000,0x0000000081f91a48,0x0000000084300000)
 Metaspace       used 46862K, committed 48128K, reserved 1114112K
  class space    used 5125K, committed 5696K, reserved 1048576K
}

Dll operation events (10 events):
Event: 0.025 Loaded shared library c:\Users\Windows\.vscode\extensions\redhat.java-1.52.0-win32-x64\jre\21.0.9-win32-x86_64\bin\java.dll
Event: 0.197 Loaded shared library c:\Users\Windows\.vscode\extensions\redhat.java-1.52.0-win32-x64\jre\21.0.9-win32-x86_64\bin\zip.dll
Event: 0.248 Loaded shared library C:\Users\Windows\.vscode\extensions\redhat.java-1.52.0-win32-x64\jre\21.0.9-win32-x86_64\bin\instrument.dll
Event: 0.258 Loaded shared library C:\Users\Windows\.vscode\extensions\redhat.java-1.52.0-win32-x64\jre\21.0.9-win32-x86_64\bin\net.dll
Event: 0.265 Loaded shared library C:\Users\Windows\.vscode\extensions\redhat.java-1.52.0-win32-x64\jre\21.0.9-win32-x86_64\bin\nio.dll
Event: 0.273 Loaded shared library C:\Users\Windows\.vscode\extensions\redhat.java-1.52.0-win32-x64\jre\21.0.9-win32-x86_64\bin\zip.dll
Event: 0.308 Loaded shared library C:\Users\Windows\.vscode\extensions\redhat.java-1.52.0-win32-x64\jre\21.0.9-win32-x86_64\bin\jimage.dll
Event: 0.550 Loaded shared library c:\Users\Windows\.vscode\extensions\redhat.java-1.52.0-win32-x64\jre\21.0.9-win32-x86_64\bin\verify.dll
Event: 5.148 Loaded shared library C:\Users\Windows\AppData\Roaming\Code\User\globalStorage\redhat.java\1.52.0\config_win\org.eclipse.equinox.launcher\org.eclipse.equinox.launcher.win32.win32.x86_64_1.2.1500.v20260121-1430\eclipse_11919.dll
Event: 10.163 Loaded shared library C:\Users\Windows\AppData\Local\Temp\jna--1280820637\jna8605131703508460617.dll

Deoptimization events (20 events):
Event: 23.182 Thread 0x000001d968ebd790 DEOPT PACKING pc=0x000001d95684d9d0 sp=0x000000529c6fe6b0
Event: 23.182 Thread 0x000001d968ebd790 DEOPT UNPACKING pc=0x000001d956103aa2 sp=0x000000529c6fe638 mode 2
Event: 31.200 Thread 0x000001d96a8be1e0 DEOPT PACKING pc=0x000001d94ee5b983 sp=0x000000529d5fe9c0
Event: 31.200 Thread 0x000001d96a8be1e0 DEOPT UNPACKING pc=0x000001d956104242 sp=0x000000529d5fdf70 mode 0
Event: 31.212 Thread 0x000001d969393730 Uncommon trap: trap_request=0xffffffde fr.pc=0x000001d9567f5d4c relative=0x00000000000000ac
Event: 31.212 Thread 0x000001d969393730 Uncommon trap: reason=class_check action=maybe_recompile pc=0x000001d9567f5d4c method=jdk.internal.util.StrongReferenceKey.equals(Ljava/lang/Object;)Z @ 1 c2
Event: 31.212 Thread 0x000001d969393730 DEOPT PACKING pc=0x000001d9567f5d4c sp=0x000000529d6fde10
Event: 31.212 Thread 0x000001d969393730 DEOPT UNPACKING pc=0x000001d956103aa2 sp=0x000000529d6fdd98 mode 2
Event: 31.213 Thread 0x000001d969393730 Uncommon trap: trap_request=0xffffff54 fr.pc=0x000001d95683d76c relative=0x000000000000380c
Event: 31.213 Thread 0x000001d969393730 Uncommon trap: reason=speculate_null_assert action=make_not_entrant pc=0x000001d95683d76c method=jdk.internal.util.ReferencedKeyMap.existingKey(Ljdk/internal/util/ReferencedKeyMap;Ljava/lang/Object;)Ljava/lang/Object; @ 18 c2
Event: 31.213 Thread 0x000001d969393730 DEOPT PACKING pc=0x000001d95683d76c sp=0x000000529d6fde40
Event: 31.213 Thread 0x000001d969393730 DEOPT UNPACKING pc=0x000001d956103aa2 sp=0x000000529d6fdd00 mode 2
Event: 31.225 Thread 0x000001d969393730 Uncommon trap: trap_request=0xffffffde fr.pc=0x000001d9567cce2c relative=0x0000000000000b4c
Event: 31.225 Thread 0x000001d969393730 Uncommon trap: reason=class_check action=maybe_recompile pc=0x000001d9567cce2c method=java.util.concurrent.ConcurrentHashMap.putVal(Ljava/lang/Object;Ljava/lang/Object;Z)Ljava/lang/Object; @ 242 c2
Event: 31.225 Thread 0x000001d969393730 DEOPT PACKING pc=0x000001d9567cce2c sp=0x000000529d6fea70
Event: 31.225 Thread 0x000001d969393730 DEOPT UNPACKING pc=0x000001d956103aa2 sp=0x000000529d6fea00 mode 2
Event: 31.319 Thread 0x000001d96b34b6f0 DEOPT PACKING pc=0x000001d94f0fd8b9 sp=0x000000529c7fcd30
Event: 31.319 Thread 0x000001d96b34b6f0 DEOPT UNPACKING pc=0x000001d956104242 sp=0x000000529c7fc230 mode 0
Event: 33.354 Thread 0x000001d96a8be1e0 DEOPT PACKING pc=0x000001d94ee55eee sp=0x000000529d5febb0
Event: 33.354 Thread 0x000001d96a8be1e0 DEOPT UNPACKING pc=0x000001d956104242 sp=0x000000529d5fe130 mode 0

Classes loaded (20 events):
Event: 31.281 Loading class java/nio/channels/ClosedChannelException
Event: 31.281 Loading class java/nio/channels/ClosedChannelException done
Event: 31.281 Loading class java/nio/channels/AsynchronousCloseException done
Event: 31.281 Loading class java/nio/channels/ClosedByInterruptException done
Event: 31.290 Loading class java/nio/file/spi/FileSystemProvider$1
Event: 31.291 Loading class java/nio/file/spi/FileSystemProvider$1 done
Event: 31.306 Loading class java/nio/file/ProviderMismatchException
Event: 31.307 Loading class java/nio/file/ProviderMismatchException done
Event: 31.308 Loading class jdk/internal/jrtfs/JrtFileSystemProvider
Event: 31.309 Loading class jdk/internal/jrtfs/JrtFileSystemProvider done
Event: 31.317 Loading class jdk/internal/jrtfs/JrtFileSystemProvider$1
Event: 31.317 Loading class jdk/internal/jrtfs/JrtFileSystemProvider$1 done
Event: 31.317 Loading class jdk/internal/jrtfs/JrtFileSystemProvider$JrtFsLoader
Event: 31.318 Loading class jdk/internal/jrtfs/JrtFileSystemProvider$JrtFsLoader done
Event: 31.335 Loading class java/nio/file/ClosedFileSystemException
Event: 31.335 Loading class java/nio/file/ClosedFileSystemException done
Event: 31.336 Loading class java/nio/file/ReadOnlyFileSystemException
Event: 31.337 Loading class java/nio/file/ReadOnlyFileSystemException done
Event: 31.337 Loading class java/nio/file/NotDirectoryException
Event: 31.337 Loading class java/nio/file/NotDirectoryException done

Classes unloaded (7 events):
Event: 11.764 Thread 0x000001d94ba3eb30 Unloading class 0x000001d9011acc00 'java/lang/invoke/LambdaForm$MH+0x000001d9011acc00'
Event: 11.764 Thread 0x000001d94ba3eb30 Unloading class 0x000001d9011ac800 'java/lang/invoke/LambdaForm$MH+0x000001d9011ac800'
Event: 11.764 Thread 0x000001d94ba3eb30 Unloading class 0x000001d9011ac400 'java/lang/invoke/LambdaForm$MH+0x000001d9011ac400'
Event: 11.764 Thread 0x000001d94ba3eb30 Unloading class 0x000001d9011ac000 'java/lang/invoke/LambdaForm$MH+0x000001d9011ac000'
Event: 11.764 Thread 0x000001d94ba3eb30 Unloading class 0x000001d9011abc00 'java/lang/invoke/LambdaForm$BMH+0x000001d9011abc00'
Event: 11.764 Thread 0x000001d94ba3eb30 Unloading class 0x000001d9011ab800 'java/lang/invoke/LambdaForm$DMH+0x000001d9011ab800'
Event: 11.764 Thread 0x000001d94ba3eb30 Unloading class 0x000001d9011aa400 'java/lang/invoke/LambdaForm$DMH+0x000001d9011aa400'

Classes redefined (0 events):
No events

Internal exceptions (20 events):
Event: 22.906 Thread 0x000001d968ebd790 Exception <a 'sun/nio/fs/WindowsException'{0x00000000d5cf6840}> (0x00000000d5cf6840) 
thrown [s\src\hotspot\share\prims\jni.cpp, line 520]
Event: 22.906 Thread 0x000001d968ebd790 Exception <a 'sun/nio/fs/WindowsException'{0x00000000d5cf72b0}> (0x00000000d5cf72b0) 
thrown [s\src\hotspot\share\prims\jni.cpp, line 520]
Event: 22.908 Thread 0x000001d968ebd790 Exception <a 'sun/nio/fs/WindowsException'{0x00000000d5cfb2a8}> (0x00000000d5cfb2a8) 
thrown [s\src\hotspot\share\prims\jni.cpp, line 520]
Event: 22.908 Thread 0x000001d968ebd790 Exception <a 'sun/nio/fs/WindowsException'{0x00000000d5cfbcd8}> (0x00000000d5cfbcd8) 
thrown [s\src\hotspot\share\prims\jni.cpp, line 520]
Event: 22.908 Thread 0x000001d968ebd790 Exception <a 'sun/nio/fs/WindowsException'{0x00000000d5cfc4b8}> (0x00000000d5cfc4b8) 
thrown [s\src\hotspot\share\prims\jni.cpp, line 520]
Event: 22.909 Thread 0x000001d968ebd790 Exception <a 'sun/nio/fs/WindowsException'{0x00000000d5cfccb8}> (0x00000000d5cfccb8) 
thrown [s\src\hotspot\share\prims\jni.cpp, line 520]
Event: 23.508 Thread 0x000001d968ebb6c0 Exception <a 'sun/nio/fs/WindowsException'{0x00000000d5838e38}> (0x00000000d5838e38) 
thrown [s\src\hotspot\share\prims\jni.cpp, line 520]
Event: 23.511 Thread 0x000001d968ebb6c0 Exception <a 'sun/nio/fs/WindowsException'{0x00000000d5839488}> (0x00000000d5839488) 
thrown [s\src\hotspot\share\prims\jni.cpp, line 520]
Event: 23.514 Thread 0x000001d968ebb6c0 Exception <a 'sun/nio/fs/WindowsException'{0x00000000d583c5f8}> (0x00000000d583c5f8) 
thrown [s\src\hotspot\share\prims\jni.cpp, line 520]
Event: 23.515 Thread 0x000001d968ebb6c0 Exception <a 'sun/nio/fs/WindowsException'{0x00000000d583cc48}> (0x00000000d583cc48) 
thrown [s\src\hotspot\share\prims\jni.cpp, line 520]
Event: 31.186 Thread 0x000001d968ebb6c0 Exception <a 'java/lang/IncompatibleClassChangeError'{0x00000000d5ab72b0}: Found class java.lang.Object, but interface was expected> (0x00000000d5ab72b0) 
thrown [s\src\hotspot\share\interpreter\linkResolver.cpp, line 840]
Event: 31.188 Thread 0x000001d968ebde20 Exception <a 'java/io/FileNotFoundException'{0x00000000d5d5d650}> (0x00000000d5d5d650) 
thrown [s\src\hotspot\share\prims\jni.cpp, line 520]
Event: 31.194 Thread 0x000001d968ebde20 Exception <a 'java/io/FileNotFoundException'{0x00000000d5d5e950}> (0x00000000d5d5e950) 
thrown [s\src\hotspot\share\prims\jni.cpp, line 520]
Event: 31.195 Thread 0x000001d968ebde20 Exception <a 'java/io/FileNotFoundException'{0x00000000d5d5f9a0}> (0x00000000d5d5f9a0) 
thrown [s\src\hotspot\share\prims\jni.cpp, line 520]
Event: 31.259 Thread 0x000001d96b34b6f0 Exception <a 'sun/nio/fs/WindowsException'{0x00000000d6026ad0}> (0x00000000d6026ad0) 
thrown [s\src\hotspot\share\prims\jni.cpp, line 520]
Event: 31.259 Thread 0x000001d96b34b6f0 Exception <a 'sun/nio/fs/WindowsException'{0x00000000d6027338}> (0x00000000d6027338) 
thrown [s\src\hotspot\share\prims\jni.cpp, line 520]
Event: 31.306 Thread 0x000001d968ebde20 Exception <a 'sun/nio/fs/WindowsException'{0x00000000d62942c8}> (0x00000000d62942c8) 
thrown [s\src\hotspot\share\prims\jni.cpp, line 520]
Event: 31.306 Thread 0x000001d968ebde20 Exception <a 'sun/nio/fs/WindowsException'{0x00000000d6294b30}> (0x00000000d6294b30) 
thrown [s\src\hotspot\share\prims\jni.cpp, line 520]
Event: 31.307 Thread 0x000001d968ebde20 Exception <a 'sun/nio/fs/WindowsException'{0x00000000d6295de8}> (0x00000000d6295de8) 
thrown [s\src\hotspot\share\prims\jni.cpp, line 520]
Event: 31.307 Thread 0x000001d968ebde20 Exception <a 'sun/nio/fs/WindowsException'{0x00000000d6296650}> (0x00000000d6296650) 
thrown [s\src\hotspot\share\prims\jni.cpp, line 520]

ZGC Phase Switch (0 events):
No events

VM Operations (20 events):
Event: 22.294 Executing VM operation: ParallelGCFailedAllocation (Allocation Failure) done
Event: 23.299 Executing VM operation: Cleanup
Event: 23.299 Executing VM operation: Cleanup done
Event: 23.360 Executing VM operation: ParallelGCFailedAllocation (Allocation Failure)
Event: 23.364 Executing VM operation: ParallelGCFailedAllocation (Allocation Failure) done
Event: 23.426 Executing VM operation: HandshakeAllThreads (Deoptimize)
Event: 23.427 Executing VM operation: HandshakeAllThreads (Deoptimize) done
Event: 23.547 Executing VM operation: HandshakeAllThreads (Deoptimize)
Event: 23.547 Executing VM operation: HandshakeAllThreads (Deoptimize) done
Event: 23.550 Executing VM operation: HandshakeAllThreads (Deoptimize)
Event: 23.550 Executing VM operation: HandshakeAllThreads (Deoptimize) done
Event: 24.550 Executing VM operation: Cleanup
Event: 24.550 Executing VM operation: Cleanup done
Event: 25.552 Executing VM operation: Cleanup
Event: 25.552 Executing VM operation: Cleanup done
Event: 30.602 Executing VM operation: Cleanup
Event: 31.096 Executing VM operation: Cleanup done
Event: 31.347 Executing VM operation: HandshakeAllThreads (Deoptimize)
Event: 31.347 Executing VM operation: HandshakeAllThreads (Deoptimize) done
Event: 32.346 Executing VM operation: Cleanup

Memory protections (0 events):
No events

Nmethod flushes (20 events):
Event: 14.840 Thread 0x000001d94ba3eb30 flushing  nmethod 0x000001d94f1c3210
Event: 14.840 Thread 0x000001d94ba3eb30 flushing  nmethod 0x000001d94f1ce590
Event: 14.840 Thread 0x000001d94ba3eb30 flushing  nmethod 0x000001d94f1cfa10
Event: 14.840 Thread 0x000001d94ba3eb30 flushing  nmethod 0x000001d94f1d0310
Event: 14.840 Thread 0x000001d94ba3eb30 flushing  nmethod 0x000001d94f1d1510
Event: 14.840 Thread 0x000001d94ba3eb30 flushing  nmethod 0x000001d94f1d1d10
Event: 14.840 Thread 0x000001d94ba3eb30 flushing  nmethod 0x000001d94f1d6d10
Event: 14.840 Thread 0x000001d94ba3eb30 flushing  nmethod 0x000001d94f1d8390
Event: 14.840 Thread 0x000001d94ba3eb30 flushing  nmethod 0x000001d94f1f6190
Event: 14.840 Thread 0x000001d94ba3eb30 flushing  nmethod 0x000001d94f200590
Event: 14.840 Thread 0x000001d94ba3eb30 flushing  nmethod 0x000001d94f20f090
Event: 14.840 Thread 0x000001d94ba3eb30 flushing  nmethod 0x000001d94f21b390
Event: 14.840 Thread 0x000001d94ba3eb30 flushing  nmethod 0x000001d94f226510
Event: 14.840 Thread 0x000001d94ba3eb30 flushing  nmethod 0x000001d94f226a10
Event: 14.840 Thread 0x000001d94ba3eb30 flushing  nmethod 0x000001d94f25bc90
Event: 14.840 Thread 0x000001d94ba3eb30 flushing  nmethod 0x000001d94f282110
Event: 14.840 Thread 0x000001d94ba3eb30 flushing  nmethod 0x000001d94f293d10
Event: 14.840 Thread 0x000001d94ba3eb30 flushing  nmethod 0x000001d94f2ceb10
Event: 14.840 Thread 0x000001d94ba3eb30 flushing  nmethod 0x000001d94f2cef90
Event: 14.840 Thread 0x000001d94ba3eb30 flushing  nmethod 0x000001d94f2e8910

Events (20 events):
Event: 14.934 Thread 0x000001d968ebd790 Thread added: 0x000001d96b34b6f0
Event: 15.061 Thread 0x000001d94b97b900 Thread added: 0x000001d96b345db0
Event: 15.063 Thread 0x000001d94b97b900 Thread added: 0x000001d96b347160
Event: 15.064 Thread 0x000001d94b97b900 Thread added: 0x000001d96b346ad0
Event: 15.064 Thread 0x000001d94b97b900 Thread added: 0x000001d96b346440
Event: 15.064 Thread 0x000001d94b97b900 Thread added: 0x000001d96a6ba190
Event: 15.064 Thread 0x000001d94b97b900 Thread added: 0x000001d96a6bc260
Event: 15.064 Thread 0x000001d94b97b900 Thread added: 0x000001d96a6ba820
Event: 15.064 Thread 0x000001d94b97b900 Thread added: 0x000001d96a6bbbd0
Event: 15.064 Thread 0x000001d94b97b900 Thread added: 0x000001d96a6b8de0
Event: 15.098 Thread 0x000001d94b97b900 Thread added: 0x000001d96b34a9d0
Event: 15.540 Thread 0x000001d94b97b900 Thread added: 0x000001d968ebeb40
Event: 15.541 Thread 0x000001d94b97b900 Thread added: 0x000001d968ebb6c0
Event: 16.663 Thread 0x000001d968ebe4b0 Thread added: 0x000001d9693930a0
Event: 16.664 Thread 0x000001d9693930a0 Thread added: 0x000001d96a8be1e0
Event: 16.664 Thread 0x000001d968ebe4b0 Thread added: 0x000001d969393730
Event: 16.666 Thread 0x000001d969393730 Thread added: 0x000001d96a8bf590
Event: 16.675 Thread 0x000001d96a8be1e0 Thread added: 0x000001d96972c010
Event: 16.675 Thread 0x000001d96a8bf590 Thread added: 0x000001d96a6b9470
Event: 16.680 Thread 0x000001d96972c010 Thread added: 0x000001d96a8bef00


Dynamic libraries:
0x00007ff78b730000 - 0x00007ff78b73e000 	c:\Users\Windows\.vscode\extensions\redhat.java-1.52.0-win32-x64\jre\21.0.9-win32-x86_64\bin\java.exe
0x00007ff9fc320000 - 0x00007ff9fc587000 	C:\WINDOWS\SYSTEM32\ntdll.dll
0x00007ff9fb210000 - 0x00007ff9fb2d9000 	C:\WINDOWS\System32\KERNEL32.DLL
0x00007ff9f97f0000 - 0x00007ff9f9bdf000 	C:\WINDOWS\System32\KERNELBASE.dll
0x00007ff9f95f0000 - 0x00007ff9f973b000 	C:\WINDOWS\System32\ucrtbase.dll
0x00007ff9c7620000 - 0x00007ff9c7638000 	c:\Users\Windows\.vscode\extensions\redhat.java-1.52.0-win32-x64\jre\21.0.9-win32-x86_64\bin\jli.dll
0x00007ff9fb2e0000 - 0x00007ff9fb4a5000 	C:\WINDOWS\System32\USER32.dll
0x00007ff9f9d60000 - 0x00007ff9f9d87000 	C:\WINDOWS\System32\win32u.dll
0x00007ff9fa1d0000 - 0x00007ff9fa1fb000 	C:\WINDOWS\System32\GDI32.dll
0x00007ff9f9e20000 - 0x00007ff9f9f4c000 	C:\WINDOWS\System32\gdi32full.dll
0x00007ff9f9740000 - 0x00007ff9f97e3000 	C:\WINDOWS\System32\msvcp_win.dll
0x00007ff9c6400000 - 0x00007ff9c641e000 	c:\Users\Windows\.vscode\extensions\redhat.java-1.52.0-win32-x64\jre\21.0.9-win32-x86_64\bin\VCRUNTIME140.dll
0x00007ff9e19a0000 - 0x00007ff9e1c33000 	C:\WINDOWS\WinSxS\amd64_microsoft.windows.common-controls_6595b64144ccf1df_6.0.26100.7309_none_3e05feeae336a044\COMCTL32.dll
0x00007ff9fa8e0000 - 0x00007ff9fa989000 	C:\WINDOWS\System32\msvcrt.dll
0x00007ff9fc120000 - 0x00007ff9fc151000 	C:\WINDOWS\System32\IMM32.DLL
0x00007ff9ebb10000 - 0x00007ff9ebb1c000 	c:\Users\Windows\.vscode\extensions\redhat.java-1.52.0-win32-x64\jre\21.0.9-win32-x86_64\bin\vcruntime140_1.dll
0x00007ff988640000 - 0x00007ff9886cd000 	c:\Users\Windows\.vscode\extensions\redhat.java-1.52.0-win32-x64\jre\21.0.9-win32-x86_64\bin\msvcp140.dll
0x00007ff95c270000 - 0x00007ff95d010000 	c:\Users\Windows\.vscode\extensions\redhat.java-1.52.0-win32-x64\jre\21.0.9-win32-x86_64\bin\server\jvm.dll
0x00007ff9fa200000 - 0x00007ff9fa2b4000 	C:\WINDOWS\System32\ADVAPI32.dll
0x00007ff9fc160000 - 0x00007ff9fc206000 	C:\WINDOWS\System32\sechost.dll
0x00007ff9fa750000 - 0x00007ff9fa868000 	C:\WINDOWS\System32\RPCRT4.dll
0x00007ff9fbd90000 - 0x00007ff9fbe04000 	C:\WINDOWS\System32\WS2_32.dll
0x00007ff9f92d0000 - 0x00007ff9f932e000 	C:\WINDOWS\SYSTEM32\POWRPROF.dll
0x00007ff9f2b80000 - 0x00007ff9f2bb5000 	C:\WINDOWS\SYSTEM32\WINMM.dll
0x00007ff9f2bc0000 - 0x00007ff9f2bcb000 	C:\WINDOWS\SYSTEM32\VERSION.dll
0x00007ff9f92b0000 - 0x00007ff9f92c4000 	C:\WINDOWS\SYSTEM32\UMPDC.dll
0x00007ff9f81e0000 - 0x00007ff9f81fb000 	C:\WINDOWS\SYSTEM32\kernel.appcore.dll
0x00007ff9e2660000 - 0x00007ff9e266a000 	c:\Users\Windows\.vscode\extensions\redhat.java-1.52.0-win32-x64\jre\21.0.9-win32-x86_64\bin\jimage.dll
0x00007ff9ed530000 - 0x00007ff9ed772000 	C:\WINDOWS\SYSTEM32\DBGHELP.DLL
0x00007ff9faa20000 - 0x00007ff9fada6000 	C:\WINDOWS\System32\combase.dll
0x00007ff9fb060000 - 0x00007ff9fb136000 	C:\WINDOWS\System32\OLEAUT32.dll
0x00007ff9dc8b0000 - 0x00007ff9dc8ec000 	C:\WINDOWS\SYSTEM32\dbgcore.DLL
0x00007ff9f9bf0000 - 0x00007ff9f9c95000 	C:\WINDOWS\System32\bcryptPrimitives.dll
0x00007ff9dc5b0000 - 0x00007ff9dc5bf000 	c:\Users\Windows\.vscode\extensions\redhat.java-1.52.0-win32-x64\jre\21.0.9-win32-x86_64\bin\instrument.dll
0x00007ff9c6380000 - 0x00007ff9c63a0000 	c:\Users\Windows\.vscode\extensions\redhat.java-1.52.0-win32-x64\jre\21.0.9-win32-x86_64\bin\java.dll
0x00007ff9fb4c0000 - 0x00007ff9fbc13000 	C:\WINDOWS\System32\SHELL32.dll
0x00007ff9f9f50000 - 0x00007ff9fa0ba000 	C:\WINDOWS\System32\wintypes.dll
0x00007ff9f7030000 - 0x00007ff9f788e000 	C:\WINDOWS\SYSTEM32\windows.storage.dll
0x00007ff9fa0c0000 - 0x00007ff9fa1b5000 	C:\WINDOWS\System32\SHCORE.dll
0x00007ff9fc0b0000 - 0x00007ff9fc116000 	C:\WINDOWS\System32\shlwapi.dll
0x00007ff9f9390000 - 0x00007ff9f93b9000 	C:\WINDOWS\SYSTEM32\profapi.dll
0x00007ff9a87a0000 - 0x00007ff9a87b8000 	c:\Users\Windows\.vscode\extensions\redhat.java-1.52.0-win32-x64\jre\21.0.9-win32-x86_64\bin\zip.dll
0x00007ff9dc670000 - 0x00007ff9dc680000 	C:\Users\Windows\.vscode\extensions\redhat.java-1.52.0-win32-x64\jre\21.0.9-win32-x86_64\bin\net.dll
0x00007ff9eff40000 - 0x00007ff9f0068000 	C:\WINDOWS\SYSTEM32\WINHTTP.dll
0x00007ff9f8730000 - 0x00007ff9f879b000 	C:\WINDOWS\system32\mswsock.dll
0x00007ff9a3f70000 - 0x00007ff9a3f86000 	C:\Users\Windows\.vscode\extensions\redhat.java-1.52.0-win32-x64\jre\21.0.9-win32-x86_64\bin\nio.dll
0x00007ff9d37a0000 - 0x00007ff9d37b0000 	c:\Users\Windows\.vscode\extensions\redhat.java-1.52.0-win32-x64\jre\21.0.9-win32-x86_64\bin\verify.dll
0x00007ff98e770000 - 0x00007ff98e7b5000 	C:\Users\Windows\AppData\Roaming\Code\User\globalStorage\redhat.java\1.52.0\config_win\org.eclipse.equinox.launcher\org.eclipse.equinox.launcher.win32.win32.x86_64_1.2.1500.v20260121-1430\eclipse_11919.dll
0x00007ff9fbe10000 - 0x00007ff9fbfa7000 	C:\WINDOWS\System32\ole32.dll
0x00007ff9f8b20000 - 0x00007ff9f8b3b000 	C:\WINDOWS\SYSTEM32\CRYPTSP.dll
0x00007ff9f8140000 - 0x00007ff9f817a000 	C:\WINDOWS\system32\rsaenh.dll
0x00007ff9f87e0000 - 0x00007ff9f880b000 	C:\WINDOWS\SYSTEM32\USERENV.dll
0x00007ff9f9360000 - 0x00007ff9f938a000 	C:\WINDOWS\SYSTEM32\bcrypt.dll
0x00007ff9f8b00000 - 0x00007ff9f8b0c000 	C:\WINDOWS\SYSTEM32\CRYPTBASE.dll
0x00007ff9f7c20000 - 0x00007ff9f7c54000 	C:\WINDOWS\SYSTEM32\IPHLPAPI.DLL
0x00007ff9fa8d0000 - 0x00007ff9fa8da000 	C:\WINDOWS\System32\NSI.dll
0x00007ff9742e0000 - 0x00007ff974329000 	C:\Users\Windows\AppData\Local\Temp\jna--1280820637\jna8605131703508460617.dll
0x00007ff9fc210000 - 0x00007ff9fc218000 	C:\WINDOWS\System32\PSAPI.DLL
0x00007ff9f2ab0000 - 0x00007ff9f2ace000 	C:\WINDOWS\SYSTEM32\dhcpcsvc6.DLL
0x00007ff9f29a0000 - 0x00007ff9f29c3000 	C:\WINDOWS\SYSTEM32\dhcpcsvc.DLL

JVMTI agents:
c:\Users\Windows\.vscode\extensions\redhat.java-1.52.0-win32-x64\lombok\lombok-1.18.39-4050.jar path:c:\Users\Windows\.vscode\extensions\redhat.java-1.52.0-win32-x64\jre\21.0.9-win32-x86_64\bin\instrument.dll, loaded, initialized, instrumentlib options:none

dbghelp: loaded successfully - version: 4.0.5 - missing functions: none
symbol engine: initialized successfully - sym options: 0x614 - pdb path: .;c:\Users\Windows\.vscode\extensions\redhat.java-1.52.0-win32-x64\jre\21.0.9-win32-x86_64\bin;C:\WINDOWS\SYSTEM32;C:\WINDOWS\WinSxS\amd64_microsoft.windows.common-controls_6595b64144ccf1df_6.0.26100.7309_none_3e05feeae336a044;c:\Users\Windows\.vscode\extensions\redhat.java-1.52.0-win32-x64\jre\21.0.9-win32-x86_64\bin\server;C:\Users\Windows\AppData\Roaming\Code\User\globalStorage\redhat.java\1.52.0\config_win\org.eclipse.equinox.launcher\org.eclipse.equinox.launcher.win32.win32.x86_64_1.2.1500.v20260121-1430;C:\Users\Windows\AppData\Local\Temp\jna--1280820637

VM Arguments:
jvm_args: --add-modules=ALL-SYSTEM --add-opens=java.base/java.util=ALL-UNNAMED --add-opens=java.base/java.lang=ALL-UNNAMED --add-opens=java.base/sun.nio.fs=ALL-UNNAMED -Declipse.application=org.eclipse.jdt.ls.core.id1 -Dosgi.bundles.defaultStartLevel=4 -Declipse.product=org.eclipse.jdt.ls.core.product -Djava.import.generatesMetadataFilesAtProjectRoot=false -DDetectVMInstallationsJob.disabled=true -Dfile.encoding=utf8 -XX:+UseParallelGC -XX:GCTimeRatio=4 -XX:AdaptiveSizePolicyWeight=90 -Dsun.zip.disableMemoryMapping=true -Xmx2G -Xms100m -Xlog:disable -javaagent:c:\Users\Windows\.vscode\extensions\redhat.java-1.52.0-win32-x64\lombok\lombok-1.18.39-4050.jar -XX:+HeapDumpOnOutOfMemoryError -XX:HeapDumpPath=c:\Users\Windows\AppData\Roaming\Code\User\workspaceStorage\dfdc2452a5078a7f15487c969d3a8cff\redhat.java -Daether.dependencyCollector.impl=bf 
java_command: c:\Users\Windows\.vscode\extensions\redhat.java-1.52.0-win32-x64\server\plugins\org.eclipse.equinox.launcher_1.7.100.v20251111-0406.jar -configuration c:\Users\Windows\AppData\Roaming\Code\User\globalStorage\redhat.java\1.52.0\config_win -data c:\Users\Windows\AppData\Roaming\Code\User\workspaceStorage\dfdc2452a5078a7f15487c969d3a8cff\redhat.java\jdt_ws --pipe=\\.\pipe\lsp-a3996d4fa013969c9e4f07f1da3ec190-sock
java_class_path (initial): c:\Users\Windows\.vscode\extensions\redhat.java-1.52.0-win32-x64\server\plugins\org.eclipse.equinox.launcher_1.7.100.v20251111-0406.jar
Launcher Type: SUN_STANDARD

[Global flags]
    uintx AdaptiveSizePolicyWeight                 = 90                                        {product} {command line}
     intx CICompilerCount                          = 4                                         {product} {ergonomic}
    uintx GCTimeRatio                              = 4                                         {product} {command line}
     bool HeapDumpOnOutOfMemoryError               = true                                   {manageable} {command line}
    ccstr HeapDumpPath                             = c:\Users\Windows\AppData\Roaming\Code\User\workspaceStorage\dfdc2452a5078a7f15487c969d3a8cff\redhat.java         {manageable} {command line}
   size_t InitialHeapSize                          = 104857600                                 {product} {command line}
   size_t MaxHeapSize                              = 2147483648                                {product} {command line}
   size_t MaxNewSize                               = 715653120                                 {product} {ergonomic}
   size_t MinHeapDeltaBytes                        = 524288                                    {product} {ergonomic}
   size_t MinHeapSize                              = 104857600                                 {product} {command line}
   size_t NewSize                                  = 34603008                                  {product} {ergonomic}
    uintx NonNMethodCodeHeapSize                   = 5839372                                {pd product} {ergonomic}
    uintx NonProfiledCodeHeapSize                  = 122909434                              {pd product} {ergonomic}
   size_t OldSize                                  = 70254592                                  {product} {ergonomic}
    uintx ProfiledCodeHeapSize                     = 122909434                              {pd product} {ergonomic}
    uintx ReservedCodeCacheSize                    = 251658240                              {pd product} {ergonomic}
     bool SegmentedCodeCache                       = true                                      {product} {ergonomic}
   size_t SoftMaxHeapSize                          = 2147483648                             {manageable} {ergonomic}
     bool UseCompressedOops                        = true                           {product lp64_product} {ergonomic}
     bool UseLargePagesIndividualAllocation        = false                                  {pd product} {ergonomic}
     bool UseParallelGC                            = true                                      {product} {command line}

Logging:
Log output configuration:
 #0: stdout all=off uptime,level,tags foldmultilines=false
 #1: stderr all=off uptime,level,tags foldmultilines=false

Release file:
JAVA_VERSION="21.0.9" 
MODULES="java.base java.compiler java.datatransfer java.xml java.prefs java.desktop java.instrument java.logging java.management java.security.sasl java.naming java.rmi java.management.rmi java.net.http java.scripting java.security.jgss java.transaction.xa java.sql java.sql.rowset java.xml.crypto java.se java.smartcardio jdk.accessibility jdk.internal.jvmstat jdk.attach jdk.charsets jdk.internal.opt jdk.zipfs jdk.compiler jdk.crypto.ec jdk.crypto.cryptoki jdk.crypto.mscapi jdk.dynalink jdk.internal.ed jdk.editpad jdk.hotspot.agent jdk.httpserver jdk.internal.le jdk.internal.vm.ci jdk.internal.vm.compiler jdk.internal.vm.compiler.management jdk.jartool jdk.javadoc jdk.jcmd jdk.management jdk.management.agent jdk.jconsole jdk.jdeps jdk.jdwp.agent jdk.jdi jdk.jfr jdk.jshell jdk.jsobject jdk.jstatd jdk.localedata jdk.management.jfr jdk.naming.dns jdk.naming.rmi jdk.net jdk.nio.mapmode jdk.random jdk.sctp jdk.security.auth jdk.security.jgss jdk.unsupported jdk.unsupported.desktop jdk.xml.dom" 

Environment Variables:
PATH=C:\Program Files (x86)\Common Files\Oracle\Java\java8path;C:\Program Files (x86)\Common Files\Oracle\Java\javapath;C:\WINDOWS\system32;C:\WINDOWS;C:\WINDOWS\System32\Wbem;C:\WINDOWS\System32\WindowsPowerShell\v1.0\;C:\WINDOWS\System32\OpenSSH\;C:\Program Files\dotnet\;C:\Program Files\Git\cmd;C:\Program Files\Docker\Docker\resources\bin;C:\Program Files\MySQL\MySQL Shell 8.0\bin\;C:\Users\Windows\AppData\Local\Programs\Python\Python313\Scripts\;C:\Users\Windows\AppData\Local\Programs\Python\Python313\;C:\Users\Windows\AppData\Local\Programs\Python\Launcher\;C:\Users\Windows\AppData\Local\Microsoft\WindowsApps;C:\Users\Windows\AppData\Local\Programs\Microsoft VS Code\bin;C:\Program Files\Git\bin;
USERNAME=Windows
OS=Windows_NT
PROCESSOR_IDENTIFIER=AMD64 Family 23 Model 104 Stepping 1, AuthenticAMD
TMP=C:\Users\Windows\AppData\Local\Temp
TEMP=C:\Users\Windows\AppData\Local\Temp




Periodic native trim disabled

---------------  S Y S T E M  ---------------

OS:
 Windows 11 , 64 bit Build 26100 (10.0.26100.7623)
OS uptime: 0 days 4:53 hours
Hyper-V role detected

CPU: total 8 (initial active 8) (8 cores per cpu, 2 threads per core) family 23 model 104 stepping 1 microcode 0x8608104, cx8, cmov, fxsr, ht, mmx, 3dnowpref, sse, sse2, sse3, ssse3, sse4a, sse4.1, sse4.2, popcnt, lzcnt, tsc, tscinvbit, avx, avx2, aes, clmul, bmi1, bmi2, adx, sha, fma, vzeroupper, clflush, clflushopt, hv, rdtscp, rdpid, f16c
Processor Information for processor 0
  Max Mhz: 2600, Current Mhz: 2600, Mhz Limit: 2600
Processor Information for processor 1
  Max Mhz: 2600, Current Mhz: 2080, Mhz Limit: 2600
Processor Information for processor 2
  Max Mhz: 2600, Current Mhz: 2600, Mhz Limit: 2600
Processor Information for processor 3
  Max Mhz: 2600, Current Mhz: 2080, Mhz Limit: 2600
Processor Information for processor 4
  Max Mhz: 2600, Current Mhz: 2080, Mhz Limit: 2600
Processor Information for processor 5
  Max Mhz: 2600, Current Mhz: 2600, Mhz Limit: 2600
Processor Information for processor 6
  Max Mhz: 2600, Current Mhz: 2600, Mhz Limit: 2600
Processor Information for processor 7
  Max Mhz: 2600, Current Mhz: 2600, Mhz Limit: 2600

Memory: 4k page, system-wide physical 3406M (185M free)
TotalPageFile size 13646M (AvailPageFile size 2M)
current process WorkingSet (physical memory assigned to process): 149M, peak: 196M
current process commit charge ("private bytes"): 323M, peak: 339M

vm_info: OpenJDK 64-Bit Server VM (21.0.9+10-LTS) for windows-amd64 JRE (21.0.9+10-LTS), built on 2025-10-21T00:00:00Z by "admin" with unknown MS VC++:1942

END.
