#
# There is insufficient memory for the Java Runtime Environment to continue.
# Native memory allocation (malloc) failed to allocate 1629072 bytes. Error detail: Chunk::new
# Possible reasons:
#   The system is out of physical RAM or swap space
#   This process is running with CompressedOops enabled, and the Java Heap may be blocking the growth of the native heap
# Possible solutions:
#   Reduce memory load on the system
#   Increase physical memory or swap space
#   Check if swap backing store is full
#   Decrease Java heap size (-Xmx/-Xms)
#   Decrease number of Java threads
#   Decrease Java thread stack sizes (-Xss)
#   Set larger code cache with -XX:ReservedCodeCacheSize=
#   JVM is running with Unscaled Compressed Oops mode in which the Java heap is
#     placed in the first 4GB address space. The Java Heap base address is the
#     maximum limit for the native heap growth. Please use -XX:HeapBaseMinAddress
#     to set the Java Heap base and to place the Java Heap above 4GB virtual address.
# This output file may be truncated or incomplete.
#
#  Out of Memory Error (arena.cpp:168), pid=14392, tid=14620
#
# JRE version: OpenJDK Runtime Environment Temurin-21.0.9+10 (21.0.9+10) (build 21.0.9+10-LTS)
# Java VM: OpenJDK 64-Bit Server VM Temurin-21.0.9+10 (21.0.9+10-LTS, mixed mode, sharing, tiered, compressed oops, compressed class ptrs, parallel gc, windows-amd64)
# No core dump will be written. Minidumps are not enabled by default on client versions of Windows
#

---------------  S U M M A R Y ------------

Command Line: --add-modules=ALL-SYSTEM --add-opens=java.base/java.util=ALL-UNNAMED --add-opens=java.base/java.lang=ALL-UNNAMED --add-opens=java.base/sun.nio.fs=ALL-UNNAMED -Declipse.application=org.eclipse.jdt.ls.core.id1 -Dosgi.bundles.defaultStartLevel=4 -Declipse.product=org.eclipse.jdt.ls.core.product -Djava.import.generatesMetadataFilesAtProjectRoot=false -DDetectVMInstallationsJob.disabled=true -Dfile.encoding=utf8 -XX:+UseParallelGC -XX:GCTimeRatio=4 -XX:AdaptiveSizePolicyWeight=90 -Dsun.zip.disableMemoryMapping=true -Xmx2G -Xms100m -Xlog:disable -javaagent:c:\Users\Windows\.vscode\extensions\redhat.java-1.52.0-win32-x64\lombok\lombok-1.18.39-4050.jar -XX:+HeapDumpOnOutOfMemoryError -XX:HeapDumpPath=c:\Users\Windows\AppData\Roaming\Code\User\workspaceStorage\e480482f75b6172b075ba95faa9af60b\redhat.java -Daether.dependencyCollector.impl=bf c:\Users\Windows\.vscode\extensions\redhat.java-1.52.0-win32-x64\server\plugins\org.eclipse.equinox.launcher_1.7.100.v20251111-0406.jar -configuration c:\Users\Windows\AppData\Roaming\Code\User\globalStorage\redhat.java\1.52.0\config_win -data c:\Users\Windows\AppData\Roaming\Code\User\workspaceStorage\e480482f75b6172b075ba95faa9af60b\redhat.java\jdt_ws --pipe=\\.\pipe\lsp-2e9cd6ba3226be8b72bff1875ff89751-sock

Host: AMD Ryzen 3 5300U with Radeon Graphics         , 8 cores, 3G,  Windows 11 , 64 bit Build 26100 (10.0.26100.7623)
Time: Sat Feb  7 17:11:51 2026 Hora est. Pacífico, Sudamérica elapsed time: 16.738627 seconds (0d 0h 0m 16s)

---------------  T H R E A D  ---------------

Current thread (0x000001c5d64194c0):  JavaThread "C2 CompilerThread0" daemon [_thread_in_native, id=14620, stack(0x0000005ab4300000,0x0000005ab4400000) (1024K)]


Current CompileTask:
C2:16738 4152       4       org.lombokweb.asm.ClassReader::readMethod (1070 bytes)

Stack: [0x0000005ab4300000,0x0000005ab4400000]
Native frames: (J=compiled Java code, j=interpreted, Vv=VM code, C=native code)
V  [jvm.dll+0x6d6e29]
V  [jvm.dll+0x8b4b76]
V  [jvm.dll+0x8b712e]
V  [jvm.dll+0x8b7813]
V  [jvm.dll+0x283d86]
V  [jvm.dll+0xc66ed]
V  [jvm.dll+0xc6c31]
V  [jvm.dll+0x3be53b]
V  [jvm.dll+0x38ab92]
V  [jvm.dll+0x389fda]
V  [jvm.dll+0x24bfa0]
V  [jvm.dll+0x24b580]
V  [jvm.dll+0x1cb13e]
V  [jvm.dll+0x25b29d]
V  [jvm.dll+0x25982a]
V  [jvm.dll+0x3f7ea6]
V  [jvm.dll+0x85e9ad]
V  [jvm.dll+0x6d565d]
C  [ucrtbase.dll+0x37b0]
C  [KERNEL32.DLL+0x2e8d7]
C  [ntdll.dll+0x8c53c]


---------------  P R O C E S S  ---------------

Threads class SMR info:
_java_thread_list=0x000001c61f6941d0, length=22, elements={
0x000001c5bf99bb70, 0x000001c5d640c4a0, 0x000001c5d640d3b0, 0x000001c5d6412470,
0x000001c5d64130d0, 0x000001c5d6415c30, 0x000001c5d6416680, 0x000001c5d64194c0,
0x000001c61d010060, 0x000001c61d20f4d0, 0x000001c61d31ae20, 0x000001c61d73a870,
0x000001c61d9209b0, 0x000001c61d935c40, 0x000001c61d945c20, 0x000001c61dea4270,
0x000001c61dcd4780, 0x000001c61e0cd6e0, 0x000001c61d5216a0, 0x000001c61da09610,
0x000001c61da0a330, 0x000001c61da0a9c0
}

Java Threads: ( => current thread )
  0x000001c5bf99bb70 JavaThread "main"                              [_thread_blocked, id=6684, stack(0x0000005ab3900000,0x0000005ab3a00000) (1024K)]
  0x000001c5d640c4a0 JavaThread "Reference Handler"          daemon [_thread_blocked, id=2072, stack(0x0000005ab3d00000,0x0000005ab3e00000) (1024K)]
  0x000001c5d640d3b0 JavaThread "Finalizer"                  daemon [_thread_blocked, id=3912, stack(0x0000005ab3e00000,0x0000005ab3f00000) (1024K)]
  0x000001c5d6412470 JavaThread "Signal Dispatcher"          daemon [_thread_blocked, id=12640, stack(0x0000005ab3f00000,0x0000005ab4000000) (1024K)]
  0x000001c5d64130d0 JavaThread "Attach Listener"            daemon [_thread_blocked, id=1912, stack(0x0000005ab4000000,0x0000005ab4100000) (1024K)]
  0x000001c5d6415c30 JavaThread "Service Thread"             daemon [_thread_blocked, id=4940, stack(0x0000005ab4100000,0x0000005ab4200000) (1024K)]
  0x000001c5d6416680 JavaThread "Monitor Deflation Thread"   daemon [_thread_blocked, id=17320, stack(0x0000005ab4200000,0x0000005ab4300000) (1024K)]
=>0x000001c5d64194c0 JavaThread "C2 CompilerThread0"         daemon [_thread_in_native, id=14620, stack(0x0000005ab4300000,0x0000005ab4400000) (1024K)]
  0x000001c61d010060 JavaThread "C1 CompilerThread0"         daemon [_thread_blocked, id=11676, stack(0x0000005ab4400000,0x0000005ab4500000) (1024K)]
  0x000001c61d20f4d0 JavaThread "Common-Cleaner"             daemon [_thread_blocked, id=9580, stack(0x0000005ab4500000,0x0000005ab4600000) (1024K)]
  0x000001c61d31ae20 JavaThread "Notification Thread"        daemon [_thread_blocked, id=16656, stack(0x0000005ab4600000,0x0000005ab4700000) (1024K)]
  0x000001c61d73a870 JavaThread "Active Thread: Equinox Container: 83e0cf30-a80c-4a97-8abf-cbafb7c80c84"        [_thread_blocked, id=9740, stack(0x0000005ab4d00000,0x0000005ab4e00000) (1024K)]
  0x000001c61d9209b0 JavaThread "Refresh Thread: Equinox Container: 83e0cf30-a80c-4a97-8abf-cbafb7c80c84" daemon [_thread_blocked, id=12360, stack(0x0000005ab4f00000,0x0000005ab5000000) (1024K)]
  0x000001c61d935c40 JavaThread "Framework Event Dispatcher: Equinox Container: 83e0cf30-a80c-4a97-8abf-cbafb7c80c84" daemon [_thread_blocked, id=15196, stack(0x0000005ab5000000,0x0000005ab5100000) (1024K)]
  0x000001c61d945c20 JavaThread "Start Level: Equinox Container: 83e0cf30-a80c-4a97-8abf-cbafb7c80c84" daemon [_thread_in_vm, id=17272, stack(0x0000005ab5100000,0x0000005ab5200000) (1024K)]
  0x000001c61dea4270 JavaThread "Bundle File Closer"         daemon [_thread_blocked, id=15728, stack(0x0000005ab5200000,0x0000005ab5300000) (1024K)]
  0x000001c61dcd4780 JavaThread "SCR Component Actor"        daemon [_thread_blocked, id=11324, stack(0x0000005ab5300000,0x0000005ab5400000) (1024K)]
  0x000001c61e0cd6e0 JavaThread "Worker-JM"                         [_thread_blocked, id=15304, stack(0x0000005ab5400000,0x0000005ab5500000) (1024K)]
  0x000001c61d5216a0 JavaThread "JNA Cleaner"                daemon [_thread_blocked, id=13652, stack(0x0000005ab5500000,0x0000005ab5600000) (1024K)]
  0x000001c61da09610 JavaThread "Worker-0"                          [_thread_blocked, id=1796, stack(0x0000005ab5600000,0x0000005ab5700000) (1024K)]
  0x000001c61da0a330 JavaThread "Worker-1: Repository registry initialization"        [_thread_in_vm, id=10732, stack(0x0000005ab5700000,0x0000005ab5800000) (1024K)]
  0x000001c61da0a9c0 JavaThread "Worker-2"                          [_thread_blocked, id=16256, stack(0x0000005ab5800000,0x0000005ab5900000) (1024K)]
Total: 22

Other Threads:
  0x000001c5bfa5e670 VMThread "VM Thread"                           [id=1340, stack(0x0000005ab3c00000,0x0000005ab3d00000) (1024K)]
  0x000001c5d632ca00 WatcherThread "VM Periodic Task Thread"        [id=9184, stack(0x0000005ab3b00000,0x0000005ab3c00000) (1024K)]
  0x000001c5bf9ba6e0 WorkerThread "GC Thread#0"                     [id=4880, stack(0x0000005ab3a00000,0x0000005ab3b00000) (1024K)]
  0x000001c61d7c6700 WorkerThread "GC Thread#1"                     [id=8208, stack(0x0000005ab4700000,0x0000005ab4800000) (1024K)]
  0x000001c61d65f700 WorkerThread "GC Thread#2"                     [id=15364, stack(0x0000005ab4800000,0x0000005ab4900000) (1024K)]
  0x000001c61d65faa0 WorkerThread "GC Thread#3"                     [id=11592, stack(0x0000005ab4900000,0x0000005ab4a00000) (1024K)]
  0x000001c61d7a2f60 WorkerThread "GC Thread#4"                     [id=15564, stack(0x0000005ab4a00000,0x0000005ab4b00000) (1024K)]
  0x000001c61d6449d0 WorkerThread "GC Thread#5"                     [id=6876, stack(0x0000005ab4b00000,0x0000005ab4c00000) (1024K)]
  0x000001c61d644d70 WorkerThread "GC Thread#6"                     [id=17076, stack(0x0000005ab4c00000,0x0000005ab4d00000) (1024K)]
  0x000001c61d643410 WorkerThread "GC Thread#7"                     [id=14216, stack(0x0000005ab4e00000,0x0000005ab4f00000) (1024K)]
Total: 10

Threads with active compile tasks:
C2 CompilerThread0  16796 4152       4       org.lombokweb.asm.ClassReader::readMethod (1070 bytes)
Total: 1

VM state: not at safepoint (normal execution)

VM Mutex/Monitor currently owned by a thread: None

Heap address: 0x0000000080000000, size: 2048 MB, Compressed Oops mode: 32-bit

CDS archive(s) mapped at: [0x000001c5d7000000-0x000001c5d7ba0000-0x000001c5d7ba0000), size 12189696, SharedBaseAddress: 0x000001c5d7000000, ArchiveRelocationMode: 1.
Compressed class space mapped at: 0x000001c5d8000000-0x000001c618000000, reserved size: 1073741824
Narrow klass base: 0x000001c5d7000000, Narrow klass shift: 0, Narrow klass range: 0x100000000

GC Precious Log:
 CardTable entry size: 512
 CPUs: 8 total, 8 available
 Memory: 3406M
 Large Page Support: Disabled
 NUMA Support: Disabled
 Compressed Oops: Enabled (32-bit)
 Alignments: Space 512K, Generation 512K, Heap 2M
 Heap Min Capacity: 100M
 Heap Initial Capacity: 100M
 Heap Max Capacity: 2G
 Pre-touch: Disabled
 Parallel Workers: 8

Heap:
 PSYoungGen      total 25088K, used 8196K [0x00000000d5580000, 0x00000000d7380000, 0x0000000100000000)
  eden space 23040K, 27% used [0x00000000d5580000,0x00000000d5b99748,0x00000000d6c00000)
  from space 2048K, 95% used [0x00000000d7180000,0x00000000d7367988,0x00000000d7380000)
  to   space 2048K, 0% used [0x00000000d6f80000,0x00000000d6f80000,0x00000000d7180000)
 ParOldGen       total 68608K, used 15222K [0x0000000080000000, 0x0000000084300000, 0x00000000d5580000)
  object space 68608K, 22% used [0x0000000080000000,0x0000000080edd860,0x0000000084300000)
 Metaspace       used 28569K, committed 29568K, reserved 1114112K
  class space    used 2864K, committed 3328K, reserved 1048576K

Card table byte_map: [0x000001c5bf340000,0x000001c5bf750000] _byte_map_base: 0x000001c5bef40000

Marking Bits: (ParMarkBitMap*) 0x00007fff5fe52460
 Begin Bits: [0x000001c5d1e50000, 0x000001c5d3e50000)
 End Bits:   [0x000001c5d3e50000, 0x000001c5d5e50000)

Polling page: 0x000001c5bdbd0000

Metaspace:

Usage:
  Non-class:     25.11 MB used.
      Class:      2.80 MB used.
       Both:     27.91 MB used.

Virtual space:
  Non-class space:       64.00 MB reserved,      25.62 MB ( 40%) committed,  1 nodes.
      Class space:        1.00 GB reserved,       3.25 MB ( <1%) committed,  1 nodes.
             Both:        1.06 GB reserved,      28.88 MB (  3%) committed. 

Chunk freelists:
   Non-Class:  5.52 MB
       Class:  12.67 MB
        Both:  18.19 MB

MaxMetaspaceSize: unlimited
CompressedClassSpaceSize: 1.00 GB
Initial GC threshold: 21.00 MB
Current GC threshold: 35.00 MB
CDS: on
 - commit_granule_bytes: 65536.
 - commit_granule_words: 8192.
 - virtual_space_node_default_size: 8388608.
 - enlarge_chunks_in_place: 1.
 - use_allocation_guard: 0.


Internal statistics:

num_allocs_failed_limit: 3.
num_arena_births: 844.
num_arena_deaths: 14.
num_vsnodes_births: 2.
num_vsnodes_deaths: 0.
num_space_committed: 462.
num_space_uncommitted: 0.
num_chunks_returned_to_freelist: 17.
num_chunks_taken_from_freelist: 2035.
num_chunk_merges: 9.
num_chunk_splits: 1303.
num_chunks_enlarged: 790.
num_inconsistent_stats: 0.

CodeHeap 'non-profiled nmethods': size=120000Kb used=1845Kb max_used=1845Kb free=118154Kb
 bounds [0x000001c5ca670000, 0x000001c5ca8e0000, 0x000001c5d1ba0000]
CodeHeap 'profiled nmethods': size=120000Kb used=8969Kb max_used=8969Kb free=111030Kb
 bounds [0x000001c5c2ba0000, 0x000001c5c3470000, 0x000001c5ca0d0000]
CodeHeap 'non-nmethods': size=5760Kb used=1335Kb max_used=1335Kb free=4424Kb
 bounds [0x000001c5ca0d0000, 0x000001c5ca340000, 0x000001c5ca670000]
CodeCache: size=245760Kb, used=12149Kb, max_used=12149Kb, free=233608Kb
 total_blobs=4859, nmethods=4234, adapters=531, full_count=0
Compilation: enabled, stopped_count=0, restarted_count=0

Compilation events (20 events):
Event: 15.645 Thread 0x000001c61d010060 nmethod 4204 0x000001c5c3439e90 code [0x000001c5c343a120, 0x000001c5c343ad60]
Event: 15.645 Thread 0x000001c61d010060 4205       3       org.eclipse.jdt.internal.core.JavaModelManager$VariablesAndContainersLoadHelper::loadInt (8 bytes)
Event: 15.646 Thread 0x000001c61d010060 nmethod 4205 0x000001c5c343b210 code [0x000001c5c343b420, 0x000001c5c343baa0]
Event: 15.646 Thread 0x000001c61d010060 4206       3       org.eclipse.jdt.internal.core.JavaModelManager$VariablesAndContainersLoadHelper::loadString (108 bytes)
Event: 15.648 Thread 0x000001c61d010060 nmethod 4206 0x000001c5c343bd90 code [0x000001c5c343c020, 0x000001c5c343cd48]
Event: 15.649 Thread 0x000001c61d010060 4208       3       org.eclipse.jdt.internal.core.JavaModelManager$VariablesAndContainersLoadHelper::loadBoolean (8 bytes)
Event: 15.649 Thread 0x000001c61d010060 nmethod 4208 0x000001c5c343d290 code [0x000001c5c343d460, 0x000001c5c343d828]
Event: 15.649 Thread 0x000001c61d010060 4207       3       org.eclipse.jdt.internal.core.JavaModelManager$VariablesAndContainersLoadHelper::loadAttribute (20 bytes)
Event: 15.650 Thread 0x000001c61d010060 nmethod 4207 0x000001c5c343d990 code [0x000001c5c343db60, 0x000001c5c343de28]
Event: 15.650 Thread 0x000001c61d010060 4210       3       org.eclipse.jdt.internal.core.JavaModelManager$VariablesAndContainersLoadHelper::loadPath (51 bytes)
Event: 15.650 Thread 0x000001c61d010060 nmethod 4210 0x000001c5c343df90 code [0x000001c5c343e1e0, 0x000001c5c343eaa8]
Event: 15.650 Thread 0x000001c61d010060 4211       3       org.eclipse.core.runtime.Path::collapseSlashes (142 bytes)
Event: 15.651 Thread 0x000001c61d010060 nmethod 4211 0x000001c5c343ed90 code [0x000001c5c343efe0, 0x000001c5c343f928]
Event: 15.652 Thread 0x000001c61d010060 4212       3       org.eclipse.core.runtime.Path::computeFlags (143 bytes)
Event: 15.653 Thread 0x000001c61d010060 nmethod 4212 0x000001c5c343fd10 code [0x000001c5c3440060, 0x000001c5c3441720]
Event: 15.654 Thread 0x000001c61d010060 4209       3       org.eclipse.jdt.internal.core.ClasspathAttribute::<init> (15 bytes)
Event: 15.654 Thread 0x000001c61d010060 nmethod 4209 0x000001c5c3441f10 code [0x000001c5c34420c0, 0x000001c5c3442258]
Event: 15.654 Thread 0x000001c61d010060 4213       1       org.eclipse.core.internal.registry.ReferenceMap$SoftRef::getNext (5 bytes)
Event: 15.654 Thread 0x000001c61d010060 nmethod 4213 0x000001c5ca83c890 code [0x000001c5ca83ca20, 0x000001c5ca83cae8]
Event: 15.712 Thread 0x000001c61d010060 4215       3       java.net.URLStreamHandler::parseURL (1124 bytes)

GC Heap History (20 events):
Event: 4.839 GC heap before
{Heap before GC invocations=2 (full 0):
 PSYoungGen      total 29696K, used 28880K [0x00000000d5580000, 0x00000000d7680000, 0x0000000100000000)
  eden space 25600K, 100% used [0x00000000d5580000,0x00000000d6e80000,0x00000000d6e80000)
  from space 4096K, 80% used [0x00000000d6e80000,0x00000000d71b4148,0x00000000d7280000)
  to   space 4096K, 0% used [0x00000000d7280000,0x00000000d7280000,0x00000000d7680000)
 ParOldGen       total 68608K, used 16K [0x0000000080000000, 0x0000000084300000, 0x00000000d5580000)
  object space 68608K, 0% used [0x0000000080000000,0x0000000080004000,0x0000000084300000)
 Metaspace       used 7971K, committed 8256K, reserved 1114112K
  class space    used 829K, committed 960K, reserved 1048576K
}
Event: 4.849 GC heap after
{Heap after GC invocations=2 (full 0):
 PSYoungGen      total 29696K, used 4087K [0x00000000d5580000, 0x00000000d7680000, 0x0000000100000000)
  eden space 25600K, 0% used [0x00000000d5580000,0x00000000d5580000,0x00000000d6e80000)
  from space 4096K, 99% used [0x00000000d7280000,0x00000000d767dea8,0x00000000d7680000)
  to   space 4096K, 0% used [0x00000000d6e80000,0x00000000d6e80000,0x00000000d7280000)
 ParOldGen       total 68608K, used 2032K [0x0000000080000000, 0x0000000084300000, 0x00000000d5580000)
  object space 68608K, 2% used [0x0000000080000000,0x00000000801fc020,0x0000000084300000)
 Metaspace       used 7971K, committed 8256K, reserved 1114112K
  class space    used 829K, committed 960K, reserved 1048576K
}
Event: 5.859 GC heap before
{Heap before GC invocations=3 (full 0):
 PSYoungGen      total 29696K, used 29687K [0x00000000d5580000, 0x00000000d7680000, 0x0000000100000000)
  eden space 25600K, 100% used [0x00000000d5580000,0x00000000d6e80000,0x00000000d6e80000)
  from space 4096K, 99% used [0x00000000d7280000,0x00000000d767dea8,0x00000000d7680000)
  to   space 4096K, 0% used [0x00000000d6e80000,0x00000000d6e80000,0x00000000d7280000)
 ParOldGen       total 68608K, used 2032K [0x0000000080000000, 0x0000000084300000, 0x00000000d5580000)
  object space 68608K, 2% used [0x0000000080000000,0x00000000801fc020,0x0000000084300000)
 Metaspace       used 9460K, committed 9792K, reserved 1114112K
  class space    used 1009K, committed 1152K, reserved 1048576K
}
Event: 5.868 GC heap after
{Heap after GC invocations=3 (full 0):
 PSYoungGen      total 29696K, used 4078K [0x00000000d5580000, 0x00000000d7680000, 0x0000000100000000)
  eden space 25600K, 0% used [0x00000000d5580000,0x00000000d5580000,0x00000000d6e80000)
  from space 4096K, 99% used [0x00000000d6e80000,0x00000000d727bbe8,0x00000000d7280000)
  to   space 4096K, 0% used [0x00000000d7280000,0x00000000d7280000,0x00000000d7680000)
 ParOldGen       total 68608K, used 5104K [0x0000000080000000, 0x0000000084300000, 0x00000000d5580000)
  object space 68608K, 7% used [0x0000000080000000,0x00000000804fc2b0,0x0000000084300000)
 Metaspace       used 9460K, committed 9792K, reserved 1114112K
  class space    used 1009K, committed 1152K, reserved 1048576K
}
Event: 7.393 GC heap before
{Heap before GC invocations=4 (full 0):
 PSYoungGen      total 29696K, used 29678K [0x00000000d5580000, 0x00000000d7680000, 0x0000000100000000)
  eden space 25600K, 100% used [0x00000000d5580000,0x00000000d6e80000,0x00000000d6e80000)
  from space 4096K, 99% used [0x00000000d6e80000,0x00000000d727bbe8,0x00000000d7280000)
  to   space 4096K, 0% used [0x00000000d7280000,0x00000000d7280000,0x00000000d7680000)
 ParOldGen       total 68608K, used 5104K [0x0000000080000000, 0x0000000084300000, 0x00000000d5580000)
  object space 68608K, 7% used [0x0000000080000000,0x00000000804fc2b0,0x0000000084300000)
 Metaspace       used 11721K, committed 12096K, reserved 1114112K
  class space    used 1238K, committed 1408K, reserved 1048576K
}
Event: 7.401 GC heap after
{Heap after GC invocations=4 (full 0):
 PSYoungGen      total 29696K, used 4070K [0x00000000d5580000, 0x00000000d7680000, 0x0000000100000000)
  eden space 25600K, 0% used [0x00000000d5580000,0x00000000d5580000,0x00000000d6e80000)
  from space 4096K, 99% used [0x00000000d7280000,0x00000000d76799d0,0x00000000d7680000)
  to   space 4096K, 0% used [0x00000000d6e80000,0x00000000d6e80000,0x00000000d7280000)
 ParOldGen       total 68608K, used 6806K [0x0000000080000000, 0x0000000084300000, 0x00000000d5580000)
  object space 68608K, 9% used [0x0000000080000000,0x00000000806a5b88,0x0000000084300000)
 Metaspace       used 11721K, committed 12096K, reserved 1114112K
  class space    used 1238K, committed 1408K, reserved 1048576K
}
Event: 9.891 GC heap before
{Heap before GC invocations=5 (full 0):
 PSYoungGen      total 29696K, used 29670K [0x00000000d5580000, 0x00000000d7680000, 0x0000000100000000)
  eden space 25600K, 100% used [0x00000000d5580000,0x00000000d6e80000,0x00000000d6e80000)
  from space 4096K, 99% used [0x00000000d7280000,0x00000000d76799d0,0x00000000d7680000)
  to   space 4096K, 0% used [0x00000000d6e80000,0x00000000d6e80000,0x00000000d7280000)
 ParOldGen       total 68608K, used 6806K [0x0000000080000000, 0x0000000084300000, 0x00000000d5580000)
  object space 68608K, 9% used [0x0000000080000000,0x00000000806a5b88,0x0000000084300000)
 Metaspace       used 15641K, committed 16256K, reserved 1114112K
  class space    used 1627K, committed 1920K, reserved 1048576K
}
Event: 9.902 GC heap after
{Heap after GC invocations=5 (full 0):
 PSYoungGen      total 29184K, used 4093K [0x00000000d5580000, 0x00000000d7900000, 0x0000000100000000)
  eden space 25088K, 0% used [0x00000000d5580000,0x00000000d5580000,0x00000000d6e00000)
  from space 4096K, 99% used [0x00000000d6e80000,0x00000000d727f488,0x00000000d7280000)
  to   space 5632K, 0% used [0x00000000d7380000,0x00000000d7380000,0x00000000d7900000)
 ParOldGen       total 68608K, used 7987K [0x0000000080000000, 0x0000000084300000, 0x00000000d5580000)
  object space 68608K, 11% used [0x0000000080000000,0x00000000807ccee8,0x0000000084300000)
 Metaspace       used 15641K, committed 16256K, reserved 1114112K
  class space    used 1627K, committed 1920K, reserved 1048576K
}
Event: 12.099 GC heap before
{Heap before GC invocations=6 (full 0):
 PSYoungGen      total 29184K, used 29181K [0x00000000d5580000, 0x00000000d7900000, 0x0000000100000000)
  eden space 25088K, 100% used [0x00000000d5580000,0x00000000d6e00000,0x00000000d6e00000)
  from space 4096K, 99% used [0x00000000d6e80000,0x00000000d727f488,0x00000000d7280000)
  to   space 5632K, 0% used [0x00000000d7380000,0x00000000d7380000,0x00000000d7900000)
 ParOldGen       total 68608K, used 7987K [0x0000000080000000, 0x0000000084300000, 0x00000000d5580000)
  object space 68608K, 11% used [0x0000000080000000,0x00000000807ccee8,0x0000000084300000)
 Metaspace       used 18755K, committed 19584K, reserved 1114112K
  class space    used 1976K, committed 2368K, reserved 1048576K
}
Event: 12.105 GC heap after
{Heap after GC invocations=6 (full 0):
 PSYoungGen      total 29696K, used 4780K [0x00000000d5580000, 0x00000000d7880000, 0x0000000100000000)
  eden space 24576K, 0% used [0x00000000d5580000,0x00000000d5580000,0x00000000d6d80000)
  from space 5120K, 93% used [0x00000000d7380000,0x00000000d782b1a0,0x00000000d7880000)
  to   space 5120K, 0% used [0x00000000d6e80000,0x00000000d6e80000,0x00000000d7380000)
 ParOldGen       total 68608K, used 7995K [0x0000000080000000, 0x0000000084300000, 0x00000000d5580000)
  object space 68608K, 11% used [0x0000000080000000,0x00000000807ceee8,0x0000000084300000)
 Metaspace       used 18755K, committed 19584K, reserved 1114112K
  class space    used 1976K, committed 2368K, reserved 1048576K
}
Event: 13.016 GC heap before
{Heap before GC invocations=7 (full 0):
 PSYoungGen      total 29696K, used 23092K [0x00000000d5580000, 0x00000000d7880000, 0x0000000100000000)
  eden space 24576K, 74% used [0x00000000d5580000,0x00000000d6762110,0x00000000d6d80000)
  from space 5120K, 93% used [0x00000000d7380000,0x00000000d782b1a0,0x00000000d7880000)
  to   space 5120K, 0% used [0x00000000d6e80000,0x00000000d6e80000,0x00000000d7380000)
 ParOldGen       total 68608K, used 7995K [0x0000000080000000, 0x0000000084300000, 0x00000000d5580000)
  object space 68608K, 11% used [0x0000000080000000,0x00000000807ceee8,0x0000000084300000)
 Metaspace       used 20615K, committed 21504K, reserved 1114112K
  class space    used 2197K, committed 2624K, reserved 1048576K
}
Event: 13.027 GC heap after
{Heap after GC invocations=7 (full 0):
 PSYoungGen      total 29184K, used 4460K [0x00000000d5580000, 0x00000000d7780000, 0x0000000100000000)
  eden space 24576K, 0% used [0x00000000d5580000,0x00000000d5580000,0x00000000d6d80000)
  from space 4608K, 96% used [0x00000000d6e80000,0x00000000d72db3d8,0x00000000d7300000)
  to   space 4608K, 0% used [0x00000000d7300000,0x00000000d7300000,0x00000000d7780000)
 ParOldGen       total 68608K, used 9636K [0x0000000080000000, 0x0000000084300000, 0x00000000d5580000)
  object space 68608K, 14% used [0x0000000080000000,0x0000000080969150,0x0000000084300000)
 Metaspace       used 20615K, committed 21504K, reserved 1114112K
  class space    used 2197K, committed 2624K, reserved 1048576K
}
Event: 13.027 GC heap before
{Heap before GC invocations=8 (full 1):
 PSYoungGen      total 29184K, used 4460K [0x00000000d5580000, 0x00000000d7780000, 0x0000000100000000)
  eden space 24576K, 0% used [0x00000000d5580000,0x00000000d5580000,0x00000000d6d80000)
  from space 4608K, 96% used [0x00000000d6e80000,0x00000000d72db3d8,0x00000000d7300000)
  to   space 4608K, 0% used [0x00000000d7300000,0x00000000d7300000,0x00000000d7780000)
 ParOldGen       total 68608K, used 9636K [0x0000000080000000, 0x0000000084300000, 0x00000000d5580000)
  object space 68608K, 14% used [0x0000000080000000,0x0000000080969150,0x0000000084300000)
 Metaspace       used 20615K, committed 21504K, reserved 1114112K
  class space    used 2197K, committed 2624K, reserved 1048576K
}
Event: 13.111 GC heap after
{Heap after GC invocations=8 (full 1):
 PSYoungGen      total 29184K, used 0K [0x00000000d5580000, 0x00000000d7780000, 0x0000000100000000)
  eden space 24576K, 0% used [0x00000000d5580000,0x00000000d5580000,0x00000000d6d80000)
  from space 4608K, 0% used [0x00000000d6e80000,0x00000000d6e80000,0x00000000d7300000)
  to   space 4608K, 0% used [0x00000000d7300000,0x00000000d7300000,0x00000000d7780000)
 ParOldGen       total 68608K, used 13454K [0x0000000080000000, 0x0000000084300000, 0x00000000d5580000)
  object space 68608K, 19% used [0x0000000080000000,0x0000000080d23b68,0x0000000084300000)
 Metaspace       used 20602K, committed 21504K, reserved 1114112K
  class space    used 2194K, committed 2624K, reserved 1048576K
}
Event: 13.757 GC heap before
{Heap before GC invocations=9 (full 1):
 PSYoungGen      total 29184K, used 24576K [0x00000000d5580000, 0x00000000d7780000, 0x0000000100000000)
  eden space 24576K, 100% used [0x00000000d5580000,0x00000000d6d80000,0x00000000d6d80000)
  from space 4608K, 0% used [0x00000000d6e80000,0x00000000d6e80000,0x00000000d7300000)
  to   space 4608K, 0% used [0x00000000d7300000,0x00000000d7300000,0x00000000d7780000)
 ParOldGen       total 68608K, used 13454K [0x0000000080000000, 0x0000000084300000, 0x00000000d5580000)
  object space 68608K, 19% used [0x0000000080000000,0x0000000080d23b68,0x0000000084300000)
 Metaspace       used 22558K, committed 23616K, reserved 1114112K
  class space    used 2371K, committed 2816K, reserved 1048576K
}
Event: 13.760 GC heap after
{Heap after GC invocations=9 (full 1):
 PSYoungGen      total 27136K, used 2651K [0x00000000d5580000, 0x00000000d7600000, 0x0000000100000000)
  eden space 24064K, 0% used [0x00000000d5580000,0x00000000d5580000,0x00000000d6d00000)
  from space 3072K, 86% used [0x00000000d7300000,0x00000000d7596cb8,0x00000000d7600000)
  to   space 3584K, 0% used [0x00000000d6f00000,0x00000000d6f00000,0x00000000d7280000)
 ParOldGen       total 68608K, used 13462K [0x0000000080000000, 0x0000000084300000, 0x00000000d5580000)
  object space 68608K, 19% used [0x0000000080000000,0x0000000080d25b68,0x0000000084300000)
 Metaspace       used 22558K, committed 23616K, reserved 1114112K
  class space    used 2371K, committed 2816K, reserved 1048576K
}
Event: 14.401 GC heap before
{Heap before GC invocations=10 (full 1):
 PSYoungGen      total 27136K, used 26715K [0x00000000d5580000, 0x00000000d7600000, 0x0000000100000000)
  eden space 24064K, 100% used [0x00000000d5580000,0x00000000d6d00000,0x00000000d6d00000)
  from space 3072K, 86% used [0x00000000d7300000,0x00000000d7596cb8,0x00000000d7600000)
  to   space 3584K, 0% used [0x00000000d6f00000,0x00000000d6f00000,0x00000000d7280000)
 ParOldGen       total 68608K, used 13462K [0x0000000080000000, 0x0000000084300000, 0x00000000d5580000)
  object space 68608K, 19% used [0x0000000080000000,0x0000000080d25b68,0x0000000084300000)
 Metaspace       used 26350K, committed 27392K, reserved 1114112K
  class space    used 2645K, committed 3072K, reserved 1048576K
}
Event: 14.403 GC heap after
{Heap after GC invocations=10 (full 1):
 PSYoungGen      total 25088K, used 1492K [0x00000000d5580000, 0x00000000d7380000, 0x0000000100000000)
  eden space 23552K, 0% used [0x00000000d5580000,0x00000000d5580000,0x00000000d6c80000)
  from space 1536K, 97% used [0x00000000d6f00000,0x00000000d70751d8,0x00000000d7080000)
  to   space 2048K, 0% used [0x00000000d7180000,0x00000000d7180000,0x00000000d7380000)
 ParOldGen       total 68608K, used 13470K [0x0000000080000000, 0x0000000084300000, 0x00000000d5580000)
  object space 68608K, 19% used [0x0000000080000000,0x0000000080d27b68,0x0000000084300000)
 Metaspace       used 26350K, committed 27392K, reserved 1114112K
  class space    used 2645K, committed 3072K, reserved 1048576K
}
Event: 15.716 GC heap before
{Heap before GC invocations=11 (full 1):
 PSYoungGen      total 25088K, used 25044K [0x00000000d5580000, 0x00000000d7380000, 0x0000000100000000)
  eden space 23552K, 100% used [0x00000000d5580000,0x00000000d6c80000,0x00000000d6c80000)
  from space 1536K, 97% used [0x00000000d6f00000,0x00000000d70751d8,0x00000000d7080000)
  to   space 2048K, 0% used [0x00000000d7180000,0x00000000d7180000,0x00000000d7380000)
 ParOldGen       total 68608K, used 13470K [0x0000000080000000, 0x0000000084300000, 0x00000000d5580000)
  object space 68608K, 19% used [0x0000000080000000,0x0000000080d27b68,0x0000000084300000)
 Metaspace       used 28010K, committed 28928K, reserved 1114112K
  class space    used 2811K, committed 3200K, reserved 1048576K
}
Event: 15.720 GC heap after
{Heap after GC invocations=11 (full 1):
 PSYoungGen      total 25088K, used 1950K [0x00000000d5580000, 0x00000000d7380000, 0x0000000100000000)
  eden space 23040K, 0% used [0x00000000d5580000,0x00000000d5580000,0x00000000d6c00000)
  from space 2048K, 95% used [0x00000000d7180000,0x00000000d7367988,0x00000000d7380000)
  to   space 2048K, 0% used [0x00000000d6f80000,0x00000000d6f80000,0x00000000d7180000)
 ParOldGen       total 68608K, used 15222K [0x0000000080000000, 0x0000000084300000, 0x00000000d5580000)
  object space 68608K, 22% used [0x0000000080000000,0x0000000080edd860,0x0000000084300000)
 Metaspace       used 28010K, committed 28928K, reserved 1114112K
  class space    used 2811K, committed 3200K, reserved 1048576K
}

Dll operation events (10 events):
Event: 0.039 Loaded shared library c:\Users\Windows\.vscode\extensions\redhat.java-1.52.0-win32-x64\jre\21.0.9-win32-x86_64\bin\java.dll
Event: 0.434 Loaded shared library c:\Users\Windows\.vscode\extensions\redhat.java-1.52.0-win32-x64\jre\21.0.9-win32-x86_64\bin\zip.dll
Event: 0.527 Loaded shared library C:\Users\Windows\.vscode\extensions\redhat.java-1.52.0-win32-x64\jre\21.0.9-win32-x86_64\bin\instrument.dll
Event: 0.634 Loaded shared library C:\Users\Windows\.vscode\extensions\redhat.java-1.52.0-win32-x64\jre\21.0.9-win32-x86_64\bin\net.dll
Event: 0.639 Loaded shared library C:\Users\Windows\.vscode\extensions\redhat.java-1.52.0-win32-x64\jre\21.0.9-win32-x86_64\bin\nio.dll
Event: 0.649 Loaded shared library C:\Users\Windows\.vscode\extensions\redhat.java-1.52.0-win32-x64\jre\21.0.9-win32-x86_64\bin\zip.dll
Event: 0.819 Loaded shared library C:\Users\Windows\.vscode\extensions\redhat.java-1.52.0-win32-x64\jre\21.0.9-win32-x86_64\bin\jimage.dll
Event: 1.342 Loaded shared library c:\Users\Windows\.vscode\extensions\redhat.java-1.52.0-win32-x64\jre\21.0.9-win32-x86_64\bin\verify.dll
Event: 4.913 Loaded shared library C:\Users\Windows\AppData\Roaming\Code\User\globalStorage\redhat.java\1.52.0\config_win\org.eclipse.equinox.launcher\org.eclipse.equinox.launcher.win32.win32.x86_64_1.2.1500.v20260121-1430\eclipse_11919.dll
Event: 11.029 Loaded shared library C:\Users\Windows\AppData\Local\Temp\jna--1280820637\jna4624506803296576303.dll

Deoptimization events (20 events):
Event: 15.510 Thread 0x000001c61da0a330 Uncommon trap: trap_request=0xffffffde fr.pc=0x000001c5ca839238 relative=0x00000000000000f8
Event: 15.510 Thread 0x000001c61da0a330 Uncommon trap: reason=class_check action=maybe_recompile pc=0x000001c5ca839238 method=java.lang.Character.codePointAt(Ljava/lang/CharSequence;I)I @ 2 c2
Event: 15.510 Thread 0x000001c61da0a330 DEOPT PACKING pc=0x000001c5ca839238 sp=0x0000005ab57febc0
Event: 15.510 Thread 0x000001c61da0a330 DEOPT UNPACKING pc=0x000001c5ca123aa2 sp=0x0000005ab57feb48 mode 2
Event: 15.510 Thread 0x000001c61da0a330 Uncommon trap: trap_request=0xffffff76 fr.pc=0x000001c5ca7f9d00 relative=0x0000000000000380
Event: 15.510 Thread 0x000001c61da0a330 Uncommon trap: reason=predicate action=maybe_recompile pc=0x000001c5ca7f9d00 method=java.util.regex.Pattern$BmpCharPropertyGreedy.match(Ljava/util/regex/Matcher;ILjava/lang/CharSequence;)Z @ 12 c2
Event: 15.510 Thread 0x000001c61da0a330 DEOPT PACKING pc=0x000001c5ca7f9d00 sp=0x0000005ab57feb00
Event: 15.510 Thread 0x000001c61da0a330 DEOPT UNPACKING pc=0x000001c5ca123aa2 sp=0x0000005ab57feaa8 mode 2
Event: 15.522 Thread 0x000001c61da0a330 Uncommon trap: trap_request=0xffffffde fr.pc=0x000001c5ca835964 relative=0x00000000000008e4
Event: 15.522 Thread 0x000001c61da0a330 Uncommon trap: reason=class_check action=maybe_recompile pc=0x000001c5ca835964 method=java.io.BufferedInputStream.implRead([BII)I @ 100 c2
Event: 15.522 Thread 0x000001c61da0a330 DEOPT PACKING pc=0x000001c5ca835964 sp=0x0000005ab57fe800
Event: 15.522 Thread 0x000001c61da0a330 DEOPT UNPACKING pc=0x000001c5ca123aa2 sp=0x0000005ab57fe7d8 mode 2
Event: 15.525 Thread 0x000001c61da0a330 Uncommon trap: trap_request=0xffffffde fr.pc=0x000001c5ca835a5c relative=0x00000000000009dc
Event: 15.525 Thread 0x000001c61da0a330 Uncommon trap: reason=class_check action=maybe_recompile pc=0x000001c5ca835a5c method=java.io.BufferedInputStream.read1([BII)I @ 52 c2
Event: 15.525 Thread 0x000001c61da0a330 DEOPT PACKING pc=0x000001c5ca835a5c sp=0x0000005ab57fe830
Event: 15.525 Thread 0x000001c61da0a330 DEOPT UNPACKING pc=0x000001c5ca123aa2 sp=0x0000005ab57fe768 mode 2
Event: 15.623 Thread 0x000001c61d945c20 Uncommon trap: trap_request=0xffffff45 fr.pc=0x000001c5ca828ae8 relative=0x00000000000001c8
Event: 15.623 Thread 0x000001c61d945c20 Uncommon trap: reason=unstable_if action=reinterpret pc=0x000001c5ca828ae8 method=java.util.concurrent.locks.ReentrantReadWriteLock$Sync.tryAcquireShared(I)I @ 81 c2
Event: 15.623 Thread 0x000001c61d945c20 DEOPT PACKING pc=0x000001c5ca828ae8 sp=0x0000005ab51f58b0
Event: 15.623 Thread 0x000001c61d945c20 DEOPT UNPACKING pc=0x000001c5ca123aa2 sp=0x0000005ab51f57d0 mode 2

Classes loaded (20 events):
Event: 13.653 Loading class java/lang/ThreadLocal$SuppliedThreadLocal
Event: 13.653 Loading class java/lang/ThreadLocal$SuppliedThreadLocal done
Event: 13.777 Loading class java/io/FileWriter
Event: 13.777 Loading class java/io/FileWriter done
Event: 13.780 Loading class java/lang/NegativeArraySizeException
Event: 13.780 Loading class java/lang/NegativeArraySizeException done
Event: 15.509 Loading class java/io/FileReader
Event: 15.509 Loading class java/io/FileReader done
Event: 15.579 Loading class java/util/concurrent/atomic/AtomicReferenceFieldUpdater
Event: 15.580 Loading class java/util/concurrent/atomic/AtomicReferenceFieldUpdater done
Event: 15.580 Loading class java/util/concurrent/atomic/AtomicReferenceFieldUpdater$AtomicReferenceFieldUpdaterImpl
Event: 15.580 Loading class java/util/concurrent/atomic/AtomicReferenceFieldUpdater$AtomicReferenceFieldUpdaterImpl done
Event: 15.580 Loading class java/util/concurrent/atomic/AtomicReferenceFieldUpdater$AtomicReferenceFieldUpdaterImpl$1
Event: 15.580 Loading class java/util/concurrent/atomic/AtomicReferenceFieldUpdater$AtomicReferenceFieldUpdaterImpl$1 done
Event: 15.623 Loading class java/util/concurrent/locks/ReentrantReadWriteLock$Sync$HoldCounter
Event: 15.624 Loading class java/util/concurrent/locks/ReentrantReadWriteLock$Sync$HoldCounter done
Event: 15.637 Loading class org/w3c/dom/DOMException
Event: 15.638 Loading class org/w3c/dom/DOMException done
Event: 15.676 Loading class java/io/FilterReader
Event: 15.676 Loading class java/io/FilterReader done

Classes unloaded (7 events):
Event: 13.033 Thread 0x000001c5bfa5e670 Unloading class 0x000001c5d81ad400 'java/lang/invoke/LambdaForm$MH+0x000001c5d81ad400'
Event: 13.033 Thread 0x000001c5bfa5e670 Unloading class 0x000001c5d81ad000 'java/lang/invoke/LambdaForm$MH+0x000001c5d81ad000'
Event: 13.033 Thread 0x000001c5bfa5e670 Unloading class 0x000001c5d81acc00 'java/lang/invoke/LambdaForm$MH+0x000001c5d81acc00'
Event: 13.033 Thread 0x000001c5bfa5e670 Unloading class 0x000001c5d81ac800 'java/lang/invoke/LambdaForm$MH+0x000001c5d81ac800'
Event: 13.033 Thread 0x000001c5bfa5e670 Unloading class 0x000001c5d81ac400 'java/lang/invoke/LambdaForm$BMH+0x000001c5d81ac400'
Event: 13.033 Thread 0x000001c5bfa5e670 Unloading class 0x000001c5d81ac000 'java/lang/invoke/LambdaForm$DMH+0x000001c5d81ac000'
Event: 13.033 Thread 0x000001c5bfa5e670 Unloading class 0x000001c5d81aac00 'java/lang/invoke/LambdaForm$DMH+0x000001c5d81aac00'

Classes redefined (0 events):
No events

Internal exceptions (20 events):
Event: 12.948 Thread 0x000001c61d945c20 Exception <a 'java/lang/NoSuchMethodError'{0x00000000d6639080}: 'int java.lang.invoke.DirectMethodHandle$Holder.invokeStaticInit(java.lang.Object, int, int)'> (0x00000000d6639080) 
thrown [s\src\hotspot\share\interpreter\linkResolver.cpp, line 773]
Event: 12.956 Thread 0x000001c61d945c20 Exception <a 'java/lang/NoSuchMethodError'{0x00000000d6641408}: 'int java.lang.invoke.DirectMethodHandle$Holder.invokeStaticInit(java.lang.Object, long, long)'> (0x00000000d6641408) 
thrown [s\src\hotspot\share\interpreter\linkResolver.cpp, line 773]
Event: 12.960 Thread 0x000001c61d945c20 Exception <a 'java/lang/NoSuchMethodError'{0x00000000d6648dc0}: 'int java.lang.invoke.DirectMethodHandle$Holder.invokeStaticInit(java.lang.Object, float, float)'> (0x00000000d6648dc0) 
thrown [s\src\hotspot\share\interpreter\linkResolver.cpp, line 773]
Event: 12.963 Thread 0x000001c61d945c20 Exception <a 'java/lang/NoSuchMethodError'{0x00000000d6650770}: 'int java.lang.invoke.DirectMethodHandle$Holder.invokeStaticInit(java.lang.Object, double, double)'> (0x00000000d6650770) 
thrown [s\src\hotspot\share\interpreter\linkResolver.cpp, line 773]
Event: 12.964 Thread 0x000001c61d945c20 Exception <a 'java/lang/NoSuchMethodError'{0x00000000d6655c30}: 'int java.lang.invoke.DirectMethodHandle$Holder.invokeStatic(java.lang.Object, long)'> (0x00000000d6655c30) 
thrown [s\src\hotspot\share\interpreter\linkResolver.cpp, line 773]
Event: 12.970 Thread 0x000001c61d945c20 Exception <a 'java/lang/NoSuchMethodError'{0x00000000d66677c8}: 'int java.lang.invoke.DirectMethodHandle$Holder.invokeSpecial(java.lang.Object, java.lang.Object, int, int)'> (0x00000000d66677c8) 
thrown [s\src\hotspot\share\interpreter\linkResolver.cpp, line 773]
Event: 12.975 Thread 0x000001c61d945c20 Exception <a 'java/lang/NoSuchMethodError'{0x00000000d6694f48}: 'int java.lang.invoke.Invokers$Holder.linkToTargetMethod(java.lang.Object, java.lang.Object)'> (0x00000000d6694f48) 
thrown [s\src\hotspot\share\interpreter\linkResolver.cpp, line 773]
Event: 13.134 Thread 0x000001c61d945c20 Exception <a 'java/lang/NoSuchMethodError'{0x00000000d55b23f0}: 'java.lang.Object java.lang.invoke.Invokers$Holder.invoke_MT(java.lang.Object, java.lang.Object, java.lang.Object, java.lang.Object, java.lang.Object, java.lang.Object, java.lang.Object, java.lang.Object, java.lang.Object, java.lang.Object, java.lang.Object)'> (0x00000000d55b23f0) 
thrown [s\src\hotspot\share\interpreter\linkResolver.cpp, line 773]
Event: 13.174 Thread 0x000001c61d945c20 Exception <a 'java/lang/NoSuchMethodError'{0x00000000d5651b80}: 'java.lang.Object java.lang.invoke.Invokers$Holder.invoke_MT(java.lang.Object, java.lang.Object, java.lang.Object, java.lang.Object, java.lang.Object, java.lang.Object, java.lang.Object, java.lang.Object, java.lang.Object, java.lang.Object)'> (0x00000000d5651b80) 
thrown [s\src\hotspot\share\interpreter\linkResolver.cpp, line 773]
Event: 13.209 Thread 0x000001c61d945c20 Exception <a 'java/lang/NoSuchMethodError'{0x00000000d5707188}: 'java.lang.Object java.lang.invoke.DirectMethodHandle$Holder.newInvokeSpecial(java.lang.Object, java.lang.Object, java.lang.Object, java.lang.Object, java.lang.Object, java.lang.Object, java.lang.Object)'> (0x00000000d5707188) 
thrown [s\src\hotspot\share\interpreter\linkResolver.cpp, line 773]
Event: 13.249 Thread 0x000001c61d945c20 Exception <a 'java/lang/NoSuchMethodError'{0x00000000d577ea48}: 'java.lang.Object java.lang.invoke.Invokers$Holder.invoker(java.lang.Object, java.lang.Object, java.lang.Object, java.lang.Object, java.lang.Object, java.lang.Object, java.lang.Object, java.lang.Object, java.lang.Object, java.lang.Object, java.lang.Object, java.lang.Object, java.lang.Object)'> (0x00000000d577ea48) 
thrown [s\src\hotspot\share\interpreter\linkResolver.cpp, line 773]
Event: 13.253 Thread 0x000001c61d945c20 Exception <a 'java/lang/NoSuchMethodError'{0x00000000d5788ee0}: 'java.lang.Object java.lang.invoke.DelegatingMethodHandle$Holder.delegate(java.lang.Object, java.lang.Object, java.lang.Object, java.lang.Object, java.lang.Object, java.lang.Object, java.lang.Object, java.lang.Object, java.lang.Object, java.lang.Object, java.lang.Object, java.lang.Object, java.lang.Object)'> (0x00000000d5788ee0) 
thrown [s\src\hotspot\share\interpreter\linkResolver.cpp, line 773]
Event: 13.275 Thread 0x000001c61d945c20 Exception <a 'java/lang/NoSuchMethodError'{0x00000000d57f5148}: static Lorg/eclipse/m2e/core/internal/lifecyclemapping/model/PluginExecutionMetadata;.<clinit>()V> (0x00000000d57f5148) 
thrown [s\src\hotspot\share\prims\jni.cpp, line 1111]
Event: 13.297 Thread 0x000001c61d945c20 Exception <a 'java/lang/NoSuchMethodError'{0x00000000d5854db8}: static Lorg/eclipse/m2e/core/internal/lifecyclemapping/model/PluginExecutionFilter;.<clinit>()V> (0x00000000d5854db8) 
thrown [s\src\hotspot\share\prims\jni.cpp, line 1111]
Event: 13.305 Thread 0x000001c61d945c20 Exception <a 'java/lang/NoSuchMethodError'{0x00000000d5884760}: static Lorg/eclipse/m2e/core/internal/project/registry/MavenProjectFacade$MavenProjectConfiguration;.<clinit>()V> (0x00000000d5884760) 
thrown [s\src\hotspot\share\prims\jni.cpp, line 1111]
Event: 13.505 Thread 0x000001c61d945c20 Exception <a 'java/lang/NoSuchMethodError'{0x00000000d5dfdf78}: 'double java.lang.invoke.DirectMethodHandle$Holder.invokeStatic(java.lang.Object, java.lang.Object)'> (0x00000000d5dfdf78) 
thrown [s\src\hotspot\share\interpreter\linkResolver.cpp, line 773]
Event: 13.506 Thread 0x000001c61d945c20 Exception <a 'java/lang/NoSuchMethodError'{0x00000000d5e01638}: 'double java.lang.invoke.DirectMethodHandle$Holder.invokeStaticInit(java.lang.Object, java.lang.Object)'> (0x00000000d5e01638) 
thrown [s\src\hotspot\share\interpreter\linkResolver.cpp, line 773]
Event: 14.268 Thread 0x000001c61d945c20 Implicit null exception at 0x000001c5ca83b6f5 to 0x000001c5ca83b7d0
Event: 15.546 Thread 0x000001c61da0a330 Exception <a 'java/lang/NoSuchMethodError'{0x00000000d5cdb3a0}: 'java.lang.Object java.lang.invoke.DirectMethodHandle$Holder.invokeSpecialIFC(java.lang.Object, java.lang.Object, java.lang.Object, java.lang.Object)'> (0x00000000d5cdb3a0) 
thrown [s\src\hotspot\share\interpreter\linkResolver.cpp, line 773]
Event: 15.570 Thread 0x000001c61d945c20 Exception <a 'java/lang/NoSuchMethodError'{0x00000000d661bc38}: 'java.lang.Object java.lang.invoke.DirectMethodHandle$Holder.newInvokeSpecial(java.lang.Object, int, java.lang.Object, java.lang.Object)'> (0x00000000d661bc38) 
thrown [s\src\hotspot\share\interpreter\linkResolver.cpp, line 773]

ZGC Phase Switch (0 events):
No events

VM Operations (20 events):
Event: 11.732 Executing VM operation: HandshakeAllThreads (Deoptimize)
Event: 11.732 Executing VM operation: HandshakeAllThreads (Deoptimize) done
Event: 11.930 Executing VM operation: ICBufferFull
Event: 11.930 Executing VM operation: ICBufferFull done
Event: 12.099 Executing VM operation: ParallelGCFailedAllocation (Allocation Failure)
Event: 12.105 Executing VM operation: ParallelGCFailedAllocation (Allocation Failure) done
Event: 12.890 Executing VM operation: HandshakeAllThreads (Deoptimize)
Event: 12.890 Executing VM operation: HandshakeAllThreads (Deoptimize) done
Event: 13.016 Executing VM operation: CollectForMetadataAllocation (Metadata GC Threshold)
Event: 13.111 Executing VM operation: CollectForMetadataAllocation (Metadata GC Threshold) done
Event: 13.757 Executing VM operation: ParallelGCFailedAllocation (Allocation Failure)
Event: 13.760 Executing VM operation: ParallelGCFailedAllocation (Allocation Failure) done
Event: 14.401 Executing VM operation: ParallelGCFailedAllocation (Allocation Failure)
Event: 14.403 Executing VM operation: ParallelGCFailedAllocation (Allocation Failure) done
Event: 15.488 Executing VM operation: HandshakeAllThreads (Deoptimize)
Event: 15.488 Executing VM operation: HandshakeAllThreads (Deoptimize) done
Event: 15.488 Executing VM operation: Cleanup
Event: 15.488 Executing VM operation: Cleanup done
Event: 15.716 Executing VM operation: ParallelGCFailedAllocation (Allocation Failure)
Event: 15.720 Executing VM operation: ParallelGCFailedAllocation (Allocation Failure) done

Memory protections (0 events):
No events

Nmethod flushes (0 events):
No events

Events (20 events):
Event: 0.170 Thread 0x000001c5bf99bb70 Thread added: 0x000001c5d640d3b0
Event: 0.171 Thread 0x000001c5bf99bb70 Thread added: 0x000001c5d6412470
Event: 0.171 Thread 0x000001c5bf99bb70 Thread added: 0x000001c5d64130d0
Event: 0.171 Thread 0x000001c5bf99bb70 Thread added: 0x000001c5d6415c30
Event: 0.171 Thread 0x000001c5bf99bb70 Thread added: 0x000001c5d6416680
Event: 0.172 Thread 0x000001c5bf99bb70 Thread added: 0x000001c5d64194c0
Event: 0.174 Thread 0x000001c5bf99bb70 Thread added: 0x000001c61d010060
Event: 0.541 Thread 0x000001c5bf99bb70 Thread added: 0x000001c61d20f4d0
Event: 1.882 Thread 0x000001c5bf99bb70 Thread added: 0x000001c61d31ae20
Event: 4.096 Thread 0x000001c5bf99bb70 Thread added: 0x000001c61d73a870
Event: 4.870 Thread 0x000001c5bf99bb70 Thread added: 0x000001c61d9209b0
Event: 4.993 Thread 0x000001c61d9209b0 Thread added: 0x000001c61d935c40
Event: 5.002 Thread 0x000001c5bf99bb70 Thread added: 0x000001c61d945c20
Event: 6.040 Thread 0x000001c61d945c20 Thread added: 0x000001c61dea4270
Event: 7.314 Thread 0x000001c61d945c20 Thread added: 0x000001c61dcd4780
Event: 8.187 Thread 0x000001c61d945c20 Thread added: 0x000001c61e0cd6e0
Event: 11.119 Thread 0x000001c61d945c20 Thread added: 0x000001c61d5216a0
Event: 11.280 Thread 0x000001c61d945c20 Thread added: 0x000001c61da09610
Event: 11.377 Thread 0x000001c61d945c20 Thread added: 0x000001c61da0a330
Event: 15.474 Thread 0x000001c61da09610 Thread added: 0x000001c61da0a9c0


Dynamic libraries:
0x00007ff686070000 - 0x00007ff68607e000 	c:\Users\Windows\.vscode\extensions\redhat.java-1.52.0-win32-x64\jre\21.0.9-win32-x86_64\bin\java.exe
0x00007ffff0da0000 - 0x00007ffff1007000 	C:\WINDOWS\SYSTEM32\ntdll.dll
0x00007fffefe10000 - 0x00007fffefed9000 	C:\WINDOWS\System32\KERNEL32.DLL
0x00007fffedfa0000 - 0x00007fffee38f000 	C:\WINDOWS\System32\KERNELBASE.dll
0x00007fffee940000 - 0x00007fffeea8b000 	C:\WINDOWS\System32\ucrtbase.dll
0x00007fffd4860000 - 0x00007fffd487e000 	c:\Users\Windows\.vscode\extensions\redhat.java-1.52.0-win32-x64\jre\21.0.9-win32-x86_64\bin\VCRUNTIME140.dll
0x00007fffd83a0000 - 0x00007fffd83b8000 	c:\Users\Windows\.vscode\extensions\redhat.java-1.52.0-win32-x64\jre\21.0.9-win32-x86_64\bin\jli.dll
0x00007ffff0860000 - 0x00007ffff0a25000 	C:\WINDOWS\System32\USER32.dll
0x00007fffd5540000 - 0x00007fffd57d3000 	C:\WINDOWS\WinSxS\amd64_microsoft.windows.common-controls_6595b64144ccf1df_6.0.26100.7309_none_3e05feeae336a044\COMCTL32.dll
0x00007fffee510000 - 0x00007fffee537000 	C:\WINDOWS\System32\win32u.dll
0x00007ffff0ac0000 - 0x00007ffff0aeb000 	C:\WINDOWS\System32\GDI32.dll
0x00007fffee540000 - 0x00007fffee66c000 	C:\WINDOWS\System32\gdi32full.dll
0x00007fffef270000 - 0x00007fffef319000 	C:\WINDOWS\System32\msvcrt.dll
0x00007fffedef0000 - 0x00007fffedf93000 	C:\WINDOWS\System32\msvcp_win.dll
0x00007ffff0820000 - 0x00007ffff0851000 	C:\WINDOWS\System32\IMM32.DLL
0x00007fffe9050000 - 0x00007fffe905c000 	c:\Users\Windows\.vscode\extensions\redhat.java-1.52.0-win32-x64\jre\21.0.9-win32-x86_64\bin\vcruntime140_1.dll
0x00007fffc7f60000 - 0x00007fffc7fed000 	c:\Users\Windows\.vscode\extensions\redhat.java-1.52.0-win32-x64\jre\21.0.9-win32-x86_64\bin\msvcp140.dll
0x00007fff5f190000 - 0x00007fff5ff30000 	c:\Users\Windows\.vscode\extensions\redhat.java-1.52.0-win32-x64\jre\21.0.9-win32-x86_64\bin\server\jvm.dll
0x00007fffef0b0000 - 0x00007fffef164000 	C:\WINDOWS\System32\ADVAPI32.dll
0x00007ffff0cb0000 - 0x00007ffff0d56000 	C:\WINDOWS\System32\sechost.dll
0x00007ffff0560000 - 0x00007ffff0678000 	C:\WINDOWS\System32\RPCRT4.dll
0x00007fffefd90000 - 0x00007fffefe04000 	C:\WINDOWS\System32\WS2_32.dll
0x00007fffedd50000 - 0x00007fffeddae000 	C:\WINDOWS\SYSTEM32\POWRPROF.dll
0x00007fffe7c80000 - 0x00007fffe7cb5000 	C:\WINDOWS\SYSTEM32\WINMM.dll
0x00007fffe7cc0000 - 0x00007fffe7ccb000 	C:\WINDOWS\SYSTEM32\VERSION.dll
0x00007fffedd30000 - 0x00007fffedd44000 	C:\WINDOWS\SYSTEM32\UMPDC.dll
0x00007fffecc60000 - 0x00007fffecc7b000 	C:\WINDOWS\SYSTEM32\kernel.appcore.dll
0x00007fffe8b10000 - 0x00007fffe8b1a000 	c:\Users\Windows\.vscode\extensions\redhat.java-1.52.0-win32-x64\jre\21.0.9-win32-x86_64\bin\jimage.dll
0x00007fffe2b10000 - 0x00007fffe2d52000 	C:\WINDOWS\SYSTEM32\DBGHELP.DLL
0x00007fffeeb40000 - 0x00007fffeeec6000 	C:\WINDOWS\System32\combase.dll
0x00007fffeefb0000 - 0x00007fffef086000 	C:\WINDOWS\System32\OLEAUT32.dll
0x00007fffd3c00000 - 0x00007fffd3c3c000 	C:\WINDOWS\SYSTEM32\dbgcore.DLL
0x00007fffeea90000 - 0x00007fffeeb35000 	C:\WINDOWS\System32\bcryptPrimitives.dll
0x00007fffe8b00000 - 0x00007fffe8b0f000 	c:\Users\Windows\.vscode\extensions\redhat.java-1.52.0-win32-x64\jre\21.0.9-win32-x86_64\bin\instrument.dll
0x00007fffd1320000 - 0x00007fffd1340000 	c:\Users\Windows\.vscode\extensions\redhat.java-1.52.0-win32-x64\jre\21.0.9-win32-x86_64\bin\java.dll
0x00007fffef550000 - 0x00007fffefca3000 	C:\WINDOWS\System32\SHELL32.dll
0x00007fffee3a0000 - 0x00007fffee50a000 	C:\WINDOWS\System32\wintypes.dll
0x00007fffebab0000 - 0x00007fffec30e000 	C:\WINDOWS\SYSTEM32\windows.storage.dll
0x00007fffef170000 - 0x00007fffef265000 	C:\WINDOWS\System32\SHCORE.dll
0x00007fffeef40000 - 0x00007fffeefa6000 	C:\WINDOWS\System32\shlwapi.dll
0x00007fffede10000 - 0x00007fffede39000 	C:\WINDOWS\SYSTEM32\profapi.dll
0x00007fffcd1f0000 - 0x00007fffcd208000 	c:\Users\Windows\.vscode\extensions\redhat.java-1.52.0-win32-x64\jre\21.0.9-win32-x86_64\bin\zip.dll
0x00007fffe4f50000 - 0x00007fffe4f60000 	C:\Users\Windows\.vscode\extensions\redhat.java-1.52.0-win32-x64\jre\21.0.9-win32-x86_64\bin\net.dll
0x00007fffe8050000 - 0x00007fffe8178000 	C:\WINDOWS\SYSTEM32\WINHTTP.dll
0x00007fffed1b0000 - 0x00007fffed21b000 	C:\WINDOWS\system32\mswsock.dll
0x00007fffcd1d0000 - 0x00007fffcd1e6000 	C:\Users\Windows\.vscode\extensions\redhat.java-1.52.0-win32-x64\jre\21.0.9-win32-x86_64\bin\nio.dll
0x00007fffe1690000 - 0x00007fffe16a0000 	c:\Users\Windows\.vscode\extensions\redhat.java-1.52.0-win32-x64\jre\21.0.9-win32-x86_64\bin\verify.dll
0x00007fffcd0d0000 - 0x00007fffcd115000 	C:\Users\Windows\AppData\Roaming\Code\User\globalStorage\redhat.java\1.52.0\config_win\org.eclipse.equinox.launcher\org.eclipse.equinox.launcher.win32.win32.x86_64_1.2.1500.v20260121-1430\eclipse_11919.dll
0x00007fffef320000 - 0x00007fffef4b7000 	C:\WINDOWS\System32\ole32.dll
0x00007fffed5a0000 - 0x00007fffed5bb000 	C:\WINDOWS\SYSTEM32\CRYPTSP.dll
0x00007fffecbc0000 - 0x00007fffecbfa000 	C:\WINDOWS\system32\rsaenh.dll
0x00007fffed260000 - 0x00007fffed28b000 	C:\WINDOWS\SYSTEM32\USERENV.dll
0x00007fffedde0000 - 0x00007fffede0a000 	C:\WINDOWS\SYSTEM32\bcrypt.dll
0x00007fffed580000 - 0x00007fffed58c000 	C:\WINDOWS\SYSTEM32\CRYPTBASE.dll
0x00007fffec6a0000 - 0x00007fffec6d4000 	C:\WINDOWS\SYSTEM32\IPHLPAPI.DLL
0x00007fffef0a0000 - 0x00007fffef0aa000 	C:\WINDOWS\System32\NSI.dll
0x00007fffc8180000 - 0x00007fffc81c9000 	C:\Users\Windows\AppData\Local\Temp\jna--1280820637\jna4624506803296576303.dll
0x00007fffefee0000 - 0x00007fffefee8000 	C:\WINDOWS\System32\PSAPI.DLL

JVMTI agents:
c:\Users\Windows\.vscode\extensions\redhat.java-1.52.0-win32-x64\lombok\lombok-1.18.39-4050.jar path:c:\Users\Windows\.vscode\extensions\redhat.java-1.52.0-win32-x64\jre\21.0.9-win32-x86_64\bin\instrument.dll, loaded, initialized, instrumentlib options:none

dbghelp: loaded successfully - version: 4.0.5 - missing functions: none
symbol engine: initialized successfully - sym options: 0x614 - pdb path: .;c:\Users\Windows\.vscode\extensions\redhat.java-1.52.0-win32-x64\jre\21.0.9-win32-x86_64\bin;C:\WINDOWS\SYSTEM32;C:\WINDOWS\WinSxS\amd64_microsoft.windows.common-controls_6595b64144ccf1df_6.0.26100.7309_none_3e05feeae336a044;c:\Users\Windows\.vscode\extensions\redhat.java-1.52.0-win32-x64\jre\21.0.9-win32-x86_64\bin\server;C:\Users\Windows\AppData\Roaming\Code\User\globalStorage\redhat.java\1.52.0\config_win\org.eclipse.equinox.launcher\org.eclipse.equinox.launcher.win32.win32.x86_64_1.2.1500.v20260121-1430;C:\Users\Windows\AppData\Local\Temp\jna--1280820637

VM Arguments:
jvm_args: --add-modules=ALL-SYSTEM --add-opens=java.base/java.util=ALL-UNNAMED --add-opens=java.base/java.lang=ALL-UNNAMED --add-opens=java.base/sun.nio.fs=ALL-UNNAMED -Declipse.application=org.eclipse.jdt.ls.core.id1 -Dosgi.bundles.defaultStartLevel=4 -Declipse.product=org.eclipse.jdt.ls.core.product -Djava.import.generatesMetadataFilesAtProjectRoot=false -DDetectVMInstallationsJob.disabled=true -Dfile.encoding=utf8 -XX:+UseParallelGC -XX:GCTimeRatio=4 -XX:AdaptiveSizePolicyWeight=90 -Dsun.zip.disableMemoryMapping=true -Xmx2G -Xms100m -Xlog:disable -javaagent:c:\Users\Windows\.vscode\extensions\redhat.java-1.52.0-win32-x64\lombok\lombok-1.18.39-4050.jar -XX:+HeapDumpOnOutOfMemoryError -XX:HeapDumpPath=c:\Users\Windows\AppData\Roaming\Code\User\workspaceStorage\e480482f75b6172b075ba95faa9af60b\redhat.java -Daether.dependencyCollector.impl=bf 
java_command: c:\Users\Windows\.vscode\extensions\redhat.java-1.52.0-win32-x64\server\plugins\org.eclipse.equinox.launcher_1.7.100.v20251111-0406.jar -configuration c:\Users\Windows\AppData\Roaming\Code\User\globalStorage\redhat.java\1.52.0\config_win -data c:\Users\Windows\AppData\Roaming\Code\User\workspaceStorage\e480482f75b6172b075ba95faa9af60b\redhat.java\jdt_ws --pipe=\\.\pipe\lsp-2e9cd6ba3226be8b72bff1875ff89751-sock
java_class_path (initial): c:\Users\Windows\.vscode\extensions\redhat.java-1.52.0-win32-x64\server\plugins\org.eclipse.equinox.launcher_1.7.100.v20251111-0406.jar
Launcher Type: SUN_STANDARD

[Global flags]
    uintx AdaptiveSizePolicyWeight                 = 90                                        {product} {command line}
     intx CICompilerCount                          = 4                                         {product} {ergonomic}
    uintx GCTimeRatio                              = 4                                         {product} {command line}
     bool HeapDumpOnOutOfMemoryError               = true                                   {manageable} {command line}
    ccstr HeapDumpPath                             = c:\Users\Windows\AppData\Roaming\Code\User\workspaceStorage\e480482f75b6172b075ba95faa9af60b\redhat.java         {manageable} {command line}
   size_t InitialHeapSize                          = 104857600                                 {product} {command line}
   size_t MaxHeapSize                              = 2147483648                                {product} {command line}
   size_t MaxNewSize                               = 715653120                                 {product} {ergonomic}
   size_t MinHeapDeltaBytes                        = 524288                                    {product} {ergonomic}
   size_t MinHeapSize                              = 104857600                                 {product} {command line}
   size_t NewSize                                  = 34603008                                  {product} {ergonomic}
    uintx NonNMethodCodeHeapSize                   = 5839372                                {pd product} {ergonomic}
    uintx NonProfiledCodeHeapSize                  = 122909434                              {pd product} {ergonomic}
   size_t OldSize                                  = 70254592                                  {product} {ergonomic}
    uintx ProfiledCodeHeapSize                     = 122909434                              {pd product} {ergonomic}
    uintx ReservedCodeCacheSize                    = 251658240                              {pd product} {ergonomic}
     bool SegmentedCodeCache                       = true                                      {product} {ergonomic}
   size_t SoftMaxHeapSize                          = 2147483648                             {manageable} {ergonomic}
     bool UseCompressedOops                        = true                           {product lp64_product} {ergonomic}
     bool UseLargePagesIndividualAllocation        = false                                  {pd product} {ergonomic}
     bool UseParallelGC                            = true                                      {product} {command line}

Logging:
Log output configuration:
 #0: stdout all=off uptime,level,tags foldmultilines=false
 #1: stderr all=off uptime,level,tags foldmultilines=false

Release file:
JAVA_VERSION="21.0.9" 
MODULES="java.base java.compiler java.datatransfer java.xml java.prefs java.desktop java.instrument java.logging java.management java.security.sasl java.naming java.rmi java.management.rmi java.net.http java.scripting java.security.jgss java.transaction.xa java.sql java.sql.rowset java.xml.crypto java.se java.smartcardio jdk.accessibility jdk.internal.jvmstat jdk.attach jdk.charsets jdk.internal.opt jdk.zipfs jdk.compiler jdk.crypto.ec jdk.crypto.cryptoki jdk.crypto.mscapi jdk.dynalink jdk.internal.ed jdk.editpad jdk.hotspot.agent jdk.httpserver jdk.internal.le jdk.internal.vm.ci jdk.internal.vm.compiler jdk.internal.vm.compiler.management jdk.jartool jdk.javadoc jdk.jcmd jdk.management jdk.management.agent jdk.jconsole jdk.jdeps jdk.jdwp.agent jdk.jdi jdk.jfr jdk.jshell jdk.jsobject jdk.jstatd jdk.localedata jdk.management.jfr jdk.naming.dns jdk.naming.rmi jdk.net jdk.nio.mapmode jdk.random jdk.sctp jdk.security.auth jdk.security.jgss jdk.unsupported jdk.unsupported.desktop jdk.xml.dom" 

Environment Variables:
PATH=C:\Program Files (x86)\Common Files\Oracle\Java\java8path;C:\Program Files (x86)\Common Files\Oracle\Java\javapath;C:\WINDOWS\system32;C:\WINDOWS;C:\WINDOWS\System32\Wbem;C:\WINDOWS\System32\WindowsPowerShell\v1.0\;C:\WINDOWS\System32\OpenSSH\;C:\Program Files\dotnet\;C:\Program Files\Git\cmd;C:\Program Files\Docker\Docker\resources\bin;C:\Program Files\MySQL\MySQL Shell 8.0\bin\;C:\Users\Windows\AppData\Local\Programs\Python\Python313\Scripts\;C:\Users\Windows\AppData\Local\Programs\Python\Python313\;C:\Users\Windows\AppData\Local\Programs\Python\Launcher\;C:\Users\Windows\AppData\Local\Microsoft\WindowsApps;C:\Users\Windows\AppData\Local\Programs\Microsoft VS Code\bin;C:\Program Files\Git\bin;
USERNAME=Windows
OS=Windows_NT
PROCESSOR_IDENTIFIER=AMD64 Family 23 Model 104 Stepping 1, AuthenticAMD
TMP=C:\Users\Windows\AppData\Local\Temp
TEMP=C:\Users\Windows\AppData\Local\Temp




Periodic native trim disabled

---------------  S Y S T E M  ---------------

OS:
 Windows 11 , 64 bit Build 26100 (10.0.26100.7623)
OS uptime: 0 days 21:56 hours
Hyper-V role detected

CPU: total 8 (initial active 8) (8 cores per cpu, 2 threads per core) family 23 model 104 stepping 1 microcode 0x8608104, cx8, cmov, fxsr, ht, mmx, 3dnowpref, sse, sse2, sse3, ssse3, sse4a, sse4.1, sse4.2, popcnt, lzcnt, tsc, tscinvbit, avx, avx2, aes, clmul, bmi1, bmi2, adx, sha, fma, vzeroupper, clflush, clflushopt, hv, rdtscp, rdpid, f16c
Processor Information for the first 8 processors :
  Max Mhz: 2600, Current Mhz: 2600, Mhz Limit: 2600

Memory: 4k page, system-wide physical 3406M (133M free)
TotalPageFile size 13646M (AvailPageFile size 23M)
current process WorkingSet (physical memory assigned to process): 147M, peak: 147M
current process commit charge ("private bytes"): 292M, peak: 292M

vm_info: OpenJDK 64-Bit Server VM (21.0.9+10-LTS) for windows-amd64 JRE (21.0.9+10-LTS), built on 2025-10-21T00:00:00Z by "admin" with unknown MS VC++:1942

END.
