#
# There is insufficient memory for the Java Runtime Environment to continue.
# Native memory allocation (malloc) failed to allocate 1048576 bytes. Error detail: AllocateHeap
# Possible reasons:
#   The system is out of physical RAM or swap space
#   This process is running with CompressedOops enabled, and the Java Heap may be blocking the growth of the native heap
# Possible solutions:
#   Reduce memory load on the system
#   Increase physical memory or swap space
#   Check if swap backing store is full
#   Decrease Java heap size (-Xmx/-Xms)
#   Decrease number of Java threads
#   Decrease Java thread stack sizes (-Xss)
#   Set larger code cache with -XX:ReservedCodeCacheSize=
#   JVM is running with Unscaled Compressed Oops mode in which the Java heap is
#     placed in the first 4GB address space. The Java Heap base address is the
#     maximum limit for the native heap growth. Please use -XX:HeapBaseMinAddress
#     to set the Java Heap base and to place the Java Heap above 4GB virtual address.
# This output file may be truncated or incomplete.
#
#  Out of Memory Error (allocation.cpp:44), pid=10820, tid=13440
#
# JRE version: OpenJDK Runtime Environment Temurin-21.0.9+10 (21.0.9+10) (build 21.0.9+10-LTS)
# Java VM: OpenJDK 64-Bit Server VM Temurin-21.0.9+10 (21.0.9+10-LTS, mixed mode, sharing, tiered, compressed oops, compressed class ptrs, parallel gc, windows-amd64)
# No core dump will be written. Minidumps are not enabled by default on client versions of Windows
#

---------------  S U M M A R Y ------------

Command Line: --add-modules=ALL-SYSTEM --add-opens=java.base/java.util=ALL-UNNAMED --add-opens=java.base/java.lang=ALL-UNNAMED --add-opens=java.base/sun.nio.fs=ALL-UNNAMED -Declipse.application=org.eclipse.jdt.ls.core.id1 -Dosgi.bundles.defaultStartLevel=4 -Declipse.product=org.eclipse.jdt.ls.core.product -Djava.import.generatesMetadataFilesAtProjectRoot=false -DDetectVMInstallationsJob.disabled=true -Dfile.encoding=utf8 -XX:+UseParallelGC -XX:GCTimeRatio=4 -XX:AdaptiveSizePolicyWeight=90 -Dsun.zip.disableMemoryMapping=true -Xmx2G -Xms100m -Xlog:disable -javaagent:c:\Users\Windows\.vscode\extensions\redhat.java-1.52.0-win32-x64\lombok\lombok-1.18.39-4050.jar -XX:+HeapDumpOnOutOfMemoryError -XX:HeapDumpPath=c:\Users\Windows\AppData\Roaming\Code\User\workspaceStorage\dfdc2452a5078a7f15487c969d3a8cff\redhat.java -Daether.dependencyCollector.impl=bf c:\Users\Windows\.vscode\extensions\redhat.java-1.52.0-win32-x64\server\plugins\org.eclipse.equinox.launcher_1.7.100.v20251111-0406.jar -configuration c:\Users\Windows\AppData\Roaming\Code\User\globalStorage\redhat.java\1.52.0\config_win -data c:\Users\Windows\AppData\Roaming\Code\User\workspaceStorage\dfdc2452a5078a7f15487c969d3a8cff\redhat.java\jdt_ws --pipe=\\.\pipe\lsp-43fe6a5d7ace6be88355fe768cd5e24e-sock

Host: AMD Ryzen 3 5300U with Radeon Graphics         , 8 cores, 3G,  Windows 11 , 64 bit Build 26100 (10.0.26100.7623)
Time: Sun Feb  8 22:56:02 2026 Hora est. Pacífico, Sudamérica elapsed time: 326.724192 seconds (0d 0h 5m 26s)

---------------  T H R E A D  ---------------

Current thread (0x00000168308480e0):  JavaThread "Attach Listener" daemon [_thread_in_vm, id=13440, stack(0x000000039a000000,0x000000039a100000) (1024K)]

Stack: [0x000000039a000000,0x000000039a100000]
Native frames: (J=compiled Java code, j=interpreted, Vv=VM code, C=native code)
V  [jvm.dll+0x6d6e29]
V  [jvm.dll+0x8b4b76]
V  [jvm.dll+0x8b712e]
V  [jvm.dll+0x8b7813]
V  [jvm.dll+0x283d86]
V  [jvm.dll+0xc1277]
V  [jvm.dll+0x6d76d9]
V  [jvm.dll+0x133466]
V  [jvm.dll+0x3f7ea6]
V  [jvm.dll+0x85e9ad]
V  [jvm.dll+0x6d565d]
C  [ucrtbase.dll+0x37b0]
C  [KERNEL32.DLL+0x2e8d7]
C  [ntdll.dll+0x8c53c]


---------------  P R O C E S S  ---------------

Threads class SMR info:
_java_thread_list=0x000001689192afc0, length=46, elements={
0x00000168308cc810, 0x000001683083e860, 0x000001683083f770, 0x00000168308450b0,
0x00000168308480e0, 0x000001683084a480, 0x0000016830858890, 0x000001683086c0a0,
0x000001683086c890, 0x0000016889e38a10, 0x0000016889efaef0, 0x000001688e59eb50,
0x000001688e633df0, 0x000001688eb48fa0, 0x000001688ead1d90, 0x000001688ededc50,
0x000001688eddcef0, 0x000001688f0662c0, 0x000001688eee4f00, 0x000001688f18a140,
0x000001688f18ae60, 0x000001688f18bb80, 0x000001688f189420, 0x0000016890ddaa80,
0x0000016890dd96d0, 0x0000016890dd9d60, 0x0000016890dd89b0, 0x0000016890dda3f0,
0x0000016890ddb7a0, 0x0000016890dd9040, 0x0000016890ddb110, 0x0000016890ddbe30,
0x00000168916f9390, 0x00000168916f9a20, 0x00000168916f8d00, 0x00000168916fb460,
0x00000168916f8670, 0x00000168916fa740, 0x00000168916fdbc0, 0x00000168916fadd0,
0x00000168916fc180, 0x00000168916fd530, 0x00000168904e7290, 0x00000168904e7920,
0x0000016891109300, 0x000001689110b3d0
}

Java Threads: ( => current thread )
  0x00000168308cc810 JavaThread "main"                              [_thread_blocked, id=15152, stack(0x0000000399900000,0x0000000399a00000) (1024K)]
  0x000001683083e860 JavaThread "Reference Handler"          daemon [_thread_blocked, id=7380, stack(0x0000000399d00000,0x0000000399e00000) (1024K)]
  0x000001683083f770 JavaThread "Finalizer"                  daemon [_thread_blocked, id=12560, stack(0x0000000399e00000,0x0000000399f00000) (1024K)]
  0x00000168308450b0 JavaThread "Signal Dispatcher"          daemon [_thread_blocked, id=1820, stack(0x0000000399f00000,0x000000039a000000) (1024K)]
=>0x00000168308480e0 JavaThread "Attach Listener"            daemon [_thread_in_vm, id=13440, stack(0x000000039a000000,0x000000039a100000) (1024K)]
  0x000001683084a480 JavaThread "Service Thread"             daemon [_thread_blocked, id=12088, stack(0x000000039a100000,0x000000039a200000) (1024K)]
  0x0000016830858890 JavaThread "Monitor Deflation Thread"   daemon [_thread_blocked, id=7976, stack(0x000000039a200000,0x000000039a300000) (1024K)]
  0x000001683086c0a0 JavaThread "C2 CompilerThread0"         daemon [_thread_blocked, id=352, stack(0x000000039a300000,0x000000039a400000) (1024K)]
  0x000001683086c890 JavaThread "C1 CompilerThread0"         daemon [_thread_blocked, id=12636, stack(0x000000039a400000,0x000000039a500000) (1024K)]
  0x0000016889e38a10 JavaThread "Common-Cleaner"             daemon [_thread_blocked, id=10828, stack(0x000000039a600000,0x000000039a700000) (1024K)]
  0x0000016889efaef0 JavaThread "Notification Thread"        daemon [_thread_blocked, id=10888, stack(0x000000039a700000,0x000000039a800000) (1024K)]
  0x000001688e59eb50 JavaThread "Active Thread: Equinox Container: c0c570d8-5c16-4903-8ee2-8b63cc23802c"        [_thread_blocked, id=2956, stack(0x000000039a500000,0x000000039a600000) (1024K)]
  0x000001688e633df0 JavaThread "Refresh Thread: Equinox Container: c0c570d8-5c16-4903-8ee2-8b63cc23802c" daemon [_thread_blocked, id=11376, stack(0x000000039af00000,0x000000039b000000) (1024K)]
  0x000001688eb48fa0 JavaThread "Framework Event Dispatcher: Equinox Container: c0c570d8-5c16-4903-8ee2-8b63cc23802c" daemon [_thread_blocked, id=6524, stack(0x000000039b000000,0x000000039b100000) (1024K)]
  0x000001688ead1d90 JavaThread "Start Level: Equinox Container: c0c570d8-5c16-4903-8ee2-8b63cc23802c" daemon [_thread_blocked, id=9344, stack(0x000000039b100000,0x000000039b200000) (1024K)]
  0x000001688ededc50 JavaThread "Bundle File Closer"         daemon [_thread_blocked, id=1144, stack(0x000000039b200000,0x000000039b300000) (1024K)]
  0x000001688eddcef0 JavaThread "SCR Component Actor"        daemon [_thread_blocked, id=14384, stack(0x000000039b300000,0x000000039b400000) (1024K)]
  0x000001688f0662c0 JavaThread "Worker-JM"                         [_thread_blocked, id=11396, stack(0x000000039b400000,0x000000039b500000) (1024K)]
  0x000001688eee4f00 JavaThread "JNA Cleaner"                daemon [_thread_blocked, id=15296, stack(0x000000039b500000,0x000000039b600000) (1024K)]
  0x000001688f18a140 JavaThread "Worker-2"                          [_thread_blocked, id=3832, stack(0x000000039b800000,0x000000039b900000) (1024K)]
  0x000001688f18ae60 JavaThread "Java indexing"              daemon [_thread_blocked, id=13232, stack(0x000000039b900000,0x000000039ba00000) (1024K)]
  0x000001688f18bb80 JavaThread "Worker-5"                          [_thread_blocked, id=12120, stack(0x000000039be00000,0x000000039bf00000) (1024K)]
  0x000001688f189420 JavaThread "Thread-1"                   daemon [_thread_in_native, id=14564, stack(0x000000039bf00000,0x000000039c000000) (1024K)]
  0x0000016890ddaa80 JavaThread "Thread-2"                   daemon [_thread_in_native, id=1372, stack(0x000000039c000000,0x000000039c100000) (1024K)]
  0x0000016890dd96d0 JavaThread "Thread-3"                   daemon [_thread_in_native, id=11032, stack(0x000000039c100000,0x000000039c200000) (1024K)]
  0x0000016890dd9d60 JavaThread "Thread-4"                   daemon [_thread_in_native, id=10480, stack(0x000000039c200000,0x000000039c300000) (1024K)]
  0x0000016890dd89b0 JavaThread "Thread-5"                   daemon [_thread_in_native, id=3188, stack(0x000000039c300000,0x000000039c400000) (1024K)]
  0x0000016890dda3f0 JavaThread "Thread-6"                   daemon [_thread_in_native, id=12184, stack(0x000000039c400000,0x000000039c500000) (1024K)]
  0x0000016890ddb7a0 JavaThread "Thread-7"                   daemon [_thread_in_native, id=320, stack(0x000000039c500000,0x000000039c600000) (1024K)]
  0x0000016890dd9040 JavaThread "Thread-8"                   daemon [_thread_in_native, id=12676, stack(0x000000039c600000,0x000000039c700000) (1024K)]
  0x0000016890ddb110 JavaThread "Thread-9"                   daemon [_thread_in_native, id=14092, stack(0x000000039c700000,0x000000039c800000) (1024K)]
  0x0000016890ddbe30 JavaThread "pool-2-thread-1"                   [_thread_blocked, id=11180, stack(0x000000039c800000,0x000000039c900000) (1024K)]
  0x00000168916f9390 JavaThread "WorkspaceEventsHandler"            [_thread_blocked, id=13432, stack(0x000000039c900000,0x000000039ca00000) (1024K)]
  0x00000168916f9a20 JavaThread "pool-1-thread-1"                   [_thread_blocked, id=7256, stack(0x000000039ca00000,0x000000039cb00000) (1024K)]
  0x00000168916f8d00 JavaThread "ForkJoinPool.commonPool-worker-2" daemon [_thread_blocked, id=7048, stack(0x000000039cc00000,0x000000039cd00000) (1024K)]
  0x00000168916fb460 JavaThread "ForkJoinPool.commonPool-worker-3" daemon [_thread_blocked, id=10320, stack(0x000000039cd00000,0x000000039ce00000) (1024K)]
  0x00000168916f8670 JavaThread "ForkJoinPool.commonPool-worker-4" daemon [_thread_blocked, id=13548, stack(0x000000039ce00000,0x000000039cf00000) (1024K)]
  0x00000168916fa740 JavaThread "ForkJoinPool.commonPool-worker-5" daemon [_thread_blocked, id=13740, stack(0x000000039cf00000,0x000000039d000000) (1024K)]
  0x00000168916fdbc0 JavaThread "ForkJoinPool.commonPool-worker-7" daemon [_thread_blocked, id=14652, stack(0x000000039d100000,0x000000039d200000) (1024K)]
  0x00000168916fadd0 JavaThread "LocalFile Deleter"          daemon [_thread_blocked, id=1960, stack(0x000000039d300000,0x000000039d400000) (1024K)]
  0x00000168916fc180 JavaThread "LocalFile Deleter"          daemon [_thread_blocked, id=14216, stack(0x000000039d500000,0x000000039d600000) (1024K)]
  0x00000168916fd530 JavaThread "LocalFile Deleter"          daemon [_thread_blocked, id=10636, stack(0x000000039d800000,0x000000039d900000) (1024K)]
  0x00000168904e7290 JavaThread "Compiler Source File Reader" daemon [_thread_blocked, id=10104, stack(0x000000039dd00000,0x000000039de00000) (1024K)]
  0x00000168904e7920 JavaThread "Compiler Source File Reader" daemon [_thread_blocked, id=4636, stack(0x000000039df00000,0x000000039e000000) (1024K)]
  0x0000016891109300 JavaThread "HttpClient-1-SelectorManager" daemon [_thread_in_native, id=6260, stack(0x000000039e700000,0x000000039e800000) (1024K)]
  0x000001689110b3d0 JavaThread "Worker-6"                          [_thread_blocked, id=1724, stack(0x0000000399700000,0x0000000399800000) (1024K)]
Total: 46

Other Threads:
  0x000001683098ead0 VMThread "VM Thread"                           [id=14560, stack(0x0000000399c00000,0x0000000399d00000) (1024K)]
  0x000001683075ca00 WatcherThread "VM Periodic Task Thread"        [id=13148, stack(0x0000000399b00000,0x0000000399c00000) (1024K)]
  0x00000168308ea910 WorkerThread "GC Thread#0"                     [id=13944, stack(0x0000000399a00000,0x0000000399b00000) (1024K)]
  0x000001688e1e3ff0 WorkerThread "GC Thread#1"                     [id=15304, stack(0x000000039a800000,0x000000039a900000) (1024K)]
  0x000001688e1e4390 WorkerThread "GC Thread#2"                     [id=11432, stack(0x000000039a900000,0x000000039aa00000) (1024K)]
  0x000001688e1e4730 WorkerThread "GC Thread#3"                     [id=4392, stack(0x000000039aa00000,0x000000039ab00000) (1024K)]
  0x000001688ea0e0c0 WorkerThread "GC Thread#4"                     [id=13948, stack(0x000000039ab00000,0x000000039ac00000) (1024K)]
  0x000001688ea0e460 WorkerThread "GC Thread#5"                     [id=14936, stack(0x000000039ac00000,0x000000039ad00000) (1024K)]
  0x000001688ea0e800 WorkerThread "GC Thread#6"                     [id=12824, stack(0x000000039ad00000,0x000000039ae00000) (1024K)]
  0x000001688e5c6410 WorkerThread "GC Thread#7"                     [id=10432, stack(0x000000039ae00000,0x000000039af00000) (1024K)]
Total: 10

Threads with active compile tasks:
Total: 0

VM state: not at safepoint (normal execution)

VM Mutex/Monitor currently owned by a thread: None

Heap address: 0x0000000080000000, size: 2048 MB, Compressed Oops mode: 32-bit

CDS archive(s) mapped at: [0x0000016848000000-0x0000016848ba0000-0x0000016848ba0000), size 12189696, SharedBaseAddress: 0x0000016848000000, ArchiveRelocationMode: 1.
Compressed class space mapped at: 0x0000016849000000-0x0000016889000000, reserved size: 1073741824
Narrow klass base: 0x0000016848000000, Narrow klass shift: 0, Narrow klass range: 0x100000000

GC Precious Log:
 CardTable entry size: 512
 CPUs: 8 total, 8 available
 Memory: 3406M
 Large Page Support: Disabled
 NUMA Support: Disabled
 Compressed Oops: Enabled (32-bit)
 Alignments: Space 512K, Generation 512K, Heap 2M
 Heap Min Capacity: 100M
 Heap Initial Capacity: 100M
 Heap Max Capacity: 2G
 Pre-touch: Disabled
 Parallel Workers: 8

Heap:
 PSYoungGen      total 5120K, used 1698K [0x00000000d5580000, 0x00000000d5b00000, 0x0000000100000000)
  eden space 4096K, 35% used [0x00000000d5580000,0x00000000d56e8880,0x00000000d5980000)
  from space 1024K, 25% used [0x00000000d5980000,0x00000000d59c0000,0x00000000d5a80000)
  to   space 512K, 0% used [0x00000000d5a80000,0x00000000d5a80000,0x00000000d5b00000)
 ParOldGen       total 413184K, used 412897K [0x0000000080000000, 0x0000000099380000, 0x00000000d5580000)
  object space 413184K, 99% used [0x0000000080000000,0x0000000099338510,0x0000000099380000)
 Metaspace       used 78224K, committed 79872K, reserved 1179648K
  class space    used 8268K, committed 8960K, reserved 1048576K

Card table byte_map: [0x0000016830270000,0x0000016830680000] _byte_map_base: 0x000001682fe70000

Marking Bits: (ParMarkBitMap*) 0x00007ffd9eaf2460
 Begin Bits: [0x0000016842d80000, 0x0000016844d80000)
 End Bits:   [0x0000016844d80000, 0x0000016846d80000)

Polling page: 0x000001682e6c0000

Metaspace:

Usage:
  Non-class:     68.32 MB used.
      Class:      8.07 MB used.
       Both:     76.39 MB used.

Virtual space:
  Non-class space:      128.00 MB reserved,      69.25 MB ( 54%) committed,  2 nodes.
      Class space:        1.00 GB reserved,       8.75 MB ( <1%) committed,  1 nodes.
             Both:        1.12 GB reserved,      78.00 MB (  7%) committed. 

Chunk freelists:
   Non-Class:  9.97 MB
       Class:  7.07 MB
        Both:  17.04 MB

MaxMetaspaceSize: unlimited
CompressedClassSpaceSize: 1.00 GB
Initial GC threshold: 21.00 MB
Current GC threshold: 97.31 MB
CDS: on
 - commit_granule_bytes: 65536.
 - commit_granule_words: 8192.
 - virtual_space_node_default_size: 8388608.
 - enlarge_chunks_in_place: 1.
 - use_allocation_guard: 0.


Internal statistics:

num_allocs_failed_limit: 9.
num_arena_births: 1372.
num_arena_deaths: 14.
num_vsnodes_births: 3.
num_vsnodes_deaths: 0.
num_space_committed: 1248.
num_space_uncommitted: 0.
num_chunks_returned_to_freelist: 23.
num_chunks_taken_from_freelist: 5077.
num_chunk_merges: 15.
num_chunk_splits: 3028.
num_chunks_enlarged: 1605.
num_inconsistent_stats: 0.

CodeHeap 'non-profiled nmethods': size=120000Kb used=7870Kb max_used=7870Kb free=112129Kb
 bounds [0x000001683b5a0000, 0x000001683bd50000, 0x0000016842ad0000]
CodeHeap 'profiled nmethods': size=120000Kb used=32724Kb max_used=32724Kb free=87276Kb
 bounds [0x0000016833ad0000, 0x0000016835ad0000, 0x000001683b000000]
CodeHeap 'non-nmethods': size=5760Kb used=1489Kb max_used=1534Kb free=4270Kb
 bounds [0x000001683b000000, 0x000001683b270000, 0x000001683b5a0000]
CodeCache: size=245760Kb, used=42083Kb, max_used=42128Kb, free=203675Kb
 total_blobs=15810, nmethods=15003, adapters=712, full_count=0
Compilation: enabled, stopped_count=0, restarted_count=0

Compilation events (20 events):
Event: 313.754 Thread 0x000001683086c890 15679       3       com.sun.org.apache.xerces.internal.util.XMLAttributesImpl::getIndexFast (38 bytes)
Event: 313.755 Thread 0x000001683086c890 nmethod 15679 0x0000016835ab8f10 code [0x0000016835ab90c0, 0x0000016835ab9310]
Event: 313.755 Thread 0x000001683086c890 15678       3       com.sun.org.apache.xerces.internal.util.XMLAttributesImpl::addAttribute (679 bytes)
Event: 313.762 Thread 0x000001683086c890 nmethod 15678 0x0000016835ab9490 code [0x0000016835ab99c0, 0x0000016835abd0d8]
Event: 313.762 Thread 0x000001683086c890 15683   !   3       org.eclipse.jdt.internal.core.builder.ClasspathJar::cleanup (175 bytes)
Event: 313.780 Thread 0x000001683086c890 nmethod 15683 0x0000016835abe590 code [0x0000016835abe960, 0x0000016835abfe50]
Event: 313.780 Thread 0x000001683086c890 15685       3       org.eclipse.core.internal.dtree.AbstractDataTreeNode::compareWith (364 bytes)
Event: 313.782 Thread 0x000001683086c890 nmethod 15685 0x0000016835ac0710 code [0x0000016835ac0a80, 0x0000016835ac2ac0]
Event: 313.782 Thread 0x000001683086c890 15684       3       org.eclipse.core.internal.dtree.DataTreeNode::compareWith (74 bytes)
Event: 313.783 Thread 0x000001683086c890 nmethod 15684 0x0000016835ac3410 code [0x0000016835ac3600, 0x0000016835ac3b70]
Event: 313.783 Thread 0x000001683086c890 15677       3       com.sun.org.apache.xerces.internal.util.XMLAttributesImpl::addAttribute (9 bytes)
Event: 313.784 Thread 0x000001683086c890 nmethod 15677 0x0000016835ac3e10 code [0x0000016835ac3fc0, 0x0000016835ac4188]
Event: 313.784 Thread 0x000001683086c890 15680       3       com.sun.org.apache.xerces.internal.util.XMLAttributesImpl::getQName (38 bytes)
Event: 313.784 Thread 0x000001683086c890 nmethod 15680 0x0000016835ac4290 code [0x0000016835ac4460, 0x0000016835ac46b0]
Event: 313.784 Thread 0x000001683086c890 15681       3       com.sun.org.apache.xerces.internal.util.XMLAttributesImpl::getURI (29 bytes)
Event: 313.785 Thread 0x000001683086c890 nmethod 15681 0x0000016835ac4810 code [0x0000016835ac49c0, 0x0000016835ac4ba0]
Event: 313.785 Thread 0x000001683086c890 15686       1       org.eclipse.lsp4j.WindowClientCapabilities::getWorkDoneProgress (5 bytes)
Event: 313.786 Thread 0x000001683086c890 nmethod 15686 0x000001683bd4f690 code [0x000001683bd4f820, 0x000001683bd4f8e8]
Event: 320.919 Thread 0x000001683086c890 15687       3       java.nio.channels.spi.AbstractSelector::isOpen (13 bytes)
Event: 320.920 Thread 0x000001683086c890 nmethod 15687 0x0000016835ac4c90 code [0x0000016835ac4e20, 0x0000016835ac4f80]

GC Heap History (20 events):
Event: 217.138 GC heap before
{Heap before GC invocations=323 (full 3):
 PSYoungGen      total 5120K, used 4602K [0x00000000d5580000, 0x00000000d5c80000, 0x0000000100000000)
  eden space 4096K, 100% used [0x00000000d5580000,0x00000000d5980000,0x00000000d5980000)
  from space 1024K, 49% used [0x00000000d5a80000,0x00000000d5afe900,0x00000000d5b80000)
  to   space 1024K, 0% used [0x00000000d5b80000,0x00000000d5b80000,0x00000000d5c80000)
 ParOldGen       total 412160K, used 411836K [0x0000000080000000, 0x0000000099280000, 0x00000000d5580000)
  object space 412160K, 99% used [0x0000000080000000,0x000000009922f2f0,0x0000000099280000)
 Metaspace       used 77727K, committed 79360K, reserved 1179648K
  class space    used 8221K, committed 8896K, reserved 1048576K
}
Event: 217.141 GC heap after
{Heap after GC invocations=323 (full 3):
 PSYoungGen      total 4608K, used 282K [0x00000000d5580000, 0x00000000d5c00000, 0x0000000100000000)
  eden space 4096K, 0% used [0x00000000d5580000,0x00000000d5580000,0x00000000d5980000)
  from space 512K, 55% used [0x00000000d5b80000,0x00000000d5bc6900,0x00000000d5c00000)
  to   space 512K, 0% used [0x00000000d5b00000,0x00000000d5b00000,0x00000000d5b80000)
 ParOldGen       total 412160K, used 411876K [0x0000000080000000, 0x0000000099280000, 0x00000000d5580000)
  object space 412160K, 99% used [0x0000000080000000,0x00000000992392f0,0x0000000099280000)
 Metaspace       used 77727K, committed 79360K, reserved 1179648K
  class space    used 8221K, committed 8896K, reserved 1048576K
}
Event: 217.291 GC heap before
{Heap before GC invocations=324 (full 3):
 PSYoungGen      total 4608K, used 4356K [0x00000000d5580000, 0x00000000d5c00000, 0x0000000100000000)
  eden space 4096K, 99% used [0x00000000d5580000,0x00000000d597a798,0x00000000d5980000)
  from space 512K, 55% used [0x00000000d5b80000,0x00000000d5bc6900,0x00000000d5c00000)
  to   space 512K, 0% used [0x00000000d5b00000,0x00000000d5b00000,0x00000000d5b80000)
 ParOldGen       total 412160K, used 411876K [0x0000000080000000, 0x0000000099280000, 0x00000000d5580000)
  object space 412160K, 99% used [0x0000000080000000,0x00000000992392f0,0x0000000099280000)
 Metaspace       used 77840K, committed 79488K, reserved 1179648K
  class space    used 8232K, committed 8960K, reserved 1048576K
}
Event: 217.294 GC heap after
{Heap after GC invocations=324 (full 3):
 PSYoungGen      total 4608K, used 160K [0x00000000d5580000, 0x00000000d5c00000, 0x0000000100000000)
  eden space 4096K, 0% used [0x00000000d5580000,0x00000000d5580000,0x00000000d5980000)
  from space 512K, 31% used [0x00000000d5b00000,0x00000000d5b28000,0x00000000d5b80000)
  to   space 512K, 0% used [0x00000000d5b80000,0x00000000d5b80000,0x00000000d5c00000)
 ParOldGen       total 412160K, used 411924K [0x0000000080000000, 0x0000000099280000, 0x00000000d5580000)
  object space 412160K, 99% used [0x0000000080000000,0x00000000992452f0,0x0000000099280000)
 Metaspace       used 77840K, committed 79488K, reserved 1179648K
  class space    used 8232K, committed 8960K, reserved 1048576K
}
Event: 217.364 GC heap before
{Heap before GC invocations=325 (full 3):
 PSYoungGen      total 4608K, used 4256K [0x00000000d5580000, 0x00000000d5c00000, 0x0000000100000000)
  eden space 4096K, 100% used [0x00000000d5580000,0x00000000d5980000,0x00000000d5980000)
  from space 512K, 31% used [0x00000000d5b00000,0x00000000d5b28000,0x00000000d5b80000)
  to   space 512K, 0% used [0x00000000d5b80000,0x00000000d5b80000,0x00000000d5c00000)
 ParOldGen       total 412160K, used 411924K [0x0000000080000000, 0x0000000099280000, 0x00000000d5580000)
  object space 412160K, 99% used [0x0000000080000000,0x00000000992452f0,0x0000000099280000)
 Metaspace       used 77871K, committed 79552K, reserved 1179648K
  class space    used 8235K, committed 8960K, reserved 1048576K
}
Event: 217.368 GC heap after
{Heap after GC invocations=325 (full 3):
 PSYoungGen      total 4608K, used 506K [0x00000000d5580000, 0x00000000d5c00000, 0x0000000100000000)
  eden space 4096K, 0% used [0x00000000d5580000,0x00000000d5580000,0x00000000d5980000)
  from space 512K, 98% used [0x00000000d5b80000,0x00000000d5bfe900,0x00000000d5c00000)
  to   space 1024K, 0% used [0x00000000d5a00000,0x00000000d5a00000,0x00000000d5b00000)
 ParOldGen       total 412160K, used 412028K [0x0000000080000000, 0x0000000099280000, 0x00000000d5580000)
  object space 412160K, 99% used [0x0000000080000000,0x000000009925f2f0,0x0000000099280000)
 Metaspace       used 77871K, committed 79552K, reserved 1179648K
  class space    used 8235K, committed 8960K, reserved 1048576K
}
Event: 217.391 GC heap before
{Heap before GC invocations=326 (full 3):
 PSYoungGen      total 4608K, used 4602K [0x00000000d5580000, 0x00000000d5c00000, 0x0000000100000000)
  eden space 4096K, 100% used [0x00000000d5580000,0x00000000d5980000,0x00000000d5980000)
  from space 512K, 98% used [0x00000000d5b80000,0x00000000d5bfe900,0x00000000d5c00000)
  to   space 1024K, 0% used [0x00000000d5a00000,0x00000000d5a00000,0x00000000d5b00000)
 ParOldGen       total 412160K, used 412028K [0x0000000080000000, 0x0000000099280000, 0x00000000d5580000)
  object space 412160K, 99% used [0x0000000080000000,0x000000009925f2f0,0x0000000099280000)
 Metaspace       used 77871K, committed 79552K, reserved 1179648K
  class space    used 8235K, committed 8960K, reserved 1048576K
}
Event: 217.395 GC heap after
{Heap after GC invocations=326 (full 3):
 PSYoungGen      total 5120K, used 762K [0x00000000d5580000, 0x00000000d5c00000, 0x0000000100000000)
  eden space 4096K, 0% used [0x00000000d5580000,0x00000000d5580000,0x00000000d5980000)
  from space 1024K, 74% used [0x00000000d5a00000,0x00000000d5abe900,0x00000000d5b00000)
  to   space 1024K, 0% used [0x00000000d5b00000,0x00000000d5b00000,0x00000000d5c00000)
 ParOldGen       total 412672K, used 412505K [0x0000000080000000, 0x0000000099300000, 0x00000000d5580000)
  object space 412672K, 99% used [0x0000000080000000,0x00000000992d64f0,0x0000000099300000)
 Metaspace       used 77871K, committed 79552K, reserved 1179648K
  class space    used 8235K, committed 8960K, reserved 1048576K
}
Event: 236.957 GC heap before
{Heap before GC invocations=327 (full 3):
 PSYoungGen      total 5120K, used 4858K [0x00000000d5580000, 0x00000000d5c00000, 0x0000000100000000)
  eden space 4096K, 100% used [0x00000000d5580000,0x00000000d5980000,0x00000000d5980000)
  from space 1024K, 74% used [0x00000000d5a00000,0x00000000d5abe900,0x00000000d5b00000)
  to   space 1024K, 0% used [0x00000000d5b00000,0x00000000d5b00000,0x00000000d5c00000)
 ParOldGen       total 412672K, used 412505K [0x0000000080000000, 0x0000000099300000, 0x00000000d5580000)
  object space 412672K, 99% used [0x0000000080000000,0x00000000992d64f0,0x0000000099300000)
 Metaspace       used 77874K, committed 79552K, reserved 1179648K
  class space    used 8235K, committed 8960K, reserved 1048576K
}
Event: 236.960 GC heap after
{Heap after GC invocations=327 (full 3):
 PSYoungGen      total 5120K, used 730K [0x00000000d5580000, 0x00000000d5c00000, 0x0000000100000000)
  eden space 4096K, 0% used [0x00000000d5580000,0x00000000d5580000,0x00000000d5980000)
  from space 1024K, 71% used [0x00000000d5b00000,0x00000000d5bb6900,0x00000000d5c00000)
  to   space 1024K, 0% used [0x00000000d5a00000,0x00000000d5a00000,0x00000000d5b00000)
 ParOldGen       total 412672K, used 412641K [0x0000000080000000, 0x0000000099300000, 0x00000000d5580000)
  object space 412672K, 99% used [0x0000000080000000,0x00000000992f84f0,0x0000000099300000)
 Metaspace       used 77874K, committed 79552K, reserved 1179648K
  class space    used 8235K, committed 8960K, reserved 1048576K
}
Event: 236.993 GC heap before
{Heap before GC invocations=328 (full 3):
 PSYoungGen      total 5120K, used 4826K [0x00000000d5580000, 0x00000000d5c00000, 0x0000000100000000)
  eden space 4096K, 100% used [0x00000000d5580000,0x00000000d5980000,0x00000000d5980000)
  from space 1024K, 71% used [0x00000000d5b00000,0x00000000d5bb6900,0x00000000d5c00000)
  to   space 1024K, 0% used [0x00000000d5a00000,0x00000000d5a00000,0x00000000d5b00000)
 ParOldGen       total 412672K, used 412641K [0x0000000080000000, 0x0000000099300000, 0x00000000d5580000)
  object space 412672K, 99% used [0x0000000080000000,0x00000000992f84f0,0x0000000099300000)
 Metaspace       used 77880K, committed 79552K, reserved 1179648K
  class space    used 8235K, committed 8960K, reserved 1048576K
}
Event: 236.996 GC heap after
{Heap after GC invocations=328 (full 3):
 PSYoungGen      total 5120K, used 602K [0x00000000d5580000, 0x00000000d5b80000, 0x0000000100000000)
  eden space 4096K, 0% used [0x00000000d5580000,0x00000000d5580000,0x00000000d5980000)
  from space 1024K, 58% used [0x00000000d5a00000,0x00000000d5a96900,0x00000000d5b00000)
  to   space 512K, 0% used [0x00000000d5b00000,0x00000000d5b00000,0x00000000d5b80000)
 ParOldGen       total 413184K, used 412689K [0x0000000080000000, 0x0000000099380000, 0x00000000d5580000)
  object space 413184K, 99% used [0x0000000080000000,0x00000000993044f0,0x0000000099380000)
 Metaspace       used 77880K, committed 79552K, reserved 1179648K
  class space    used 8235K, committed 8960K, reserved 1048576K
}
Event: 251.458 GC heap before
{Heap before GC invocations=329 (full 3):
 PSYoungGen      total 5120K, used 4698K [0x00000000d5580000, 0x00000000d5b80000, 0x0000000100000000)
  eden space 4096K, 100% used [0x00000000d5580000,0x00000000d5980000,0x00000000d5980000)
  from space 1024K, 58% used [0x00000000d5a00000,0x00000000d5a96900,0x00000000d5b00000)
  to   space 512K, 0% used [0x00000000d5b00000,0x00000000d5b00000,0x00000000d5b80000)
 ParOldGen       total 413184K, used 412689K [0x0000000080000000, 0x0000000099380000, 0x00000000d5580000)
  object space 413184K, 99% used [0x0000000080000000,0x00000000993044f0,0x0000000099380000)
 Metaspace       used 77892K, committed 79552K, reserved 1179648K
  class space    used 8236K, committed 8960K, reserved 1048576K
}
Event: 251.480 GC heap after
{Heap after GC invocations=329 (full 3):
 PSYoungGen      total 4608K, used 474K [0x00000000d5580000, 0x00000000d5b80000, 0x0000000100000000)
  eden space 4096K, 0% used [0x00000000d5580000,0x00000000d5580000,0x00000000d5980000)
  from space 512K, 92% used [0x00000000d5b00000,0x00000000d5b76900,0x00000000d5b80000)
  to   space 1024K, 0% used [0x00000000d5980000,0x00000000d5980000,0x00000000d5a80000)
 ParOldGen       total 413184K, used 412689K [0x0000000080000000, 0x0000000099380000, 0x00000000d5580000)
  object space 413184K, 99% used [0x0000000080000000,0x00000000993044f0,0x0000000099380000)
 Metaspace       used 77892K, committed 79552K, reserved 1179648K
  class space    used 8236K, committed 8960K, reserved 1048576K
}
Event: 251.563 GC heap before
{Heap before GC invocations=330 (full 3):
 PSYoungGen      total 4608K, used 4570K [0x00000000d5580000, 0x00000000d5b80000, 0x0000000100000000)
  eden space 4096K, 100% used [0x00000000d5580000,0x00000000d5980000,0x00000000d5980000)
  from space 512K, 92% used [0x00000000d5b00000,0x00000000d5b76900,0x00000000d5b80000)
  to   space 1024K, 0% used [0x00000000d5980000,0x00000000d5980000,0x00000000d5a80000)
 ParOldGen       total 413184K, used 412689K [0x0000000080000000, 0x0000000099380000, 0x00000000d5580000)
  object space 413184K, 99% used [0x0000000080000000,0x00000000993044f0,0x0000000099380000)
 Metaspace       used 77897K, committed 79552K, reserved 1179648K
  class space    used 8236K, committed 8960K, reserved 1048576K
}
Event: 251.567 GC heap after
{Heap after GC invocations=330 (full 3):
 PSYoungGen      total 5120K, used 564K [0x00000000d5580000, 0x00000000d5b80000, 0x0000000100000000)
  eden space 4096K, 0% used [0x00000000d5580000,0x00000000d5580000,0x00000000d5980000)
  from space 1024K, 55% used [0x00000000d5980000,0x00000000d5a0d200,0x00000000d5a80000)
  to   space 1024K, 0% used [0x00000000d5a80000,0x00000000d5a80000,0x00000000d5b80000)
 ParOldGen       total 413184K, used 412753K [0x0000000080000000, 0x0000000099380000, 0x00000000d5580000)
  object space 413184K, 99% used [0x0000000080000000,0x00000000993144f0,0x0000000099380000)
 Metaspace       used 77897K, committed 79552K, reserved 1179648K
  class space    used 8236K, committed 8960K, reserved 1048576K
}
Event: 252.608 GC heap before
{Heap before GC invocations=331 (full 3):
 PSYoungGen      total 5120K, used 4660K [0x00000000d5580000, 0x00000000d5b80000, 0x0000000100000000)
  eden space 4096K, 100% used [0x00000000d5580000,0x00000000d5980000,0x00000000d5980000)
  from space 1024K, 55% used [0x00000000d5980000,0x00000000d5a0d200,0x00000000d5a80000)
  to   space 1024K, 0% used [0x00000000d5a80000,0x00000000d5a80000,0x00000000d5b80000)
 ParOldGen       total 413184K, used 412753K [0x0000000080000000, 0x0000000099380000, 0x00000000d5580000)
  object space 413184K, 99% used [0x0000000080000000,0x00000000993144f0,0x0000000099380000)
 Metaspace       used 77903K, committed 79552K, reserved 1179648K
  class space    used 8236K, committed 8960K, reserved 1048576K
}
Event: 252.611 GC heap after
{Heap after GC invocations=331 (full 3):
 PSYoungGen      total 5120K, used 570K [0x00000000d5580000, 0x00000000d5b80000, 0x0000000100000000)
  eden space 4096K, 0% used [0x00000000d5580000,0x00000000d5580000,0x00000000d5980000)
  from space 1024K, 55% used [0x00000000d5a80000,0x00000000d5b0e920,0x00000000d5b80000)
  to   space 1024K, 0% used [0x00000000d5980000,0x00000000d5980000,0x00000000d5a80000)
 ParOldGen       total 413184K, used 412793K [0x0000000080000000, 0x0000000099380000, 0x00000000d5580000)
  object space 413184K, 99% used [0x0000000080000000,0x000000009931e4f0,0x0000000099380000)
 Metaspace       used 77903K, committed 79552K, reserved 1179648K
  class space    used 8236K, committed 8960K, reserved 1048576K
}
Event: 313.111 GC heap before
{Heap before GC invocations=332 (full 3):
 PSYoungGen      total 5120K, used 4661K [0x00000000d5580000, 0x00000000d5b80000, 0x0000000100000000)
  eden space 4096K, 99% used [0x00000000d5580000,0x00000000d597eb78,0x00000000d5980000)
  from space 1024K, 55% used [0x00000000d5a80000,0x00000000d5b0e920,0x00000000d5b80000)
  to   space 1024K, 0% used [0x00000000d5980000,0x00000000d5980000,0x00000000d5a80000)
 ParOldGen       total 413184K, used 412793K [0x0000000080000000, 0x0000000099380000, 0x00000000d5580000)
  object space 413184K, 99% used [0x0000000080000000,0x000000009931e4f0,0x0000000099380000)
 Metaspace       used 78211K, committed 79808K, reserved 1179648K
  class space    used 8268K, committed 8960K, reserved 1048576K
}
Event: 313.239 GC heap after
{Heap after GC invocations=332 (full 3):
 PSYoungGen      total 5120K, used 256K [0x00000000d5580000, 0x00000000d5b00000, 0x0000000100000000)
  eden space 4096K, 0% used [0x00000000d5580000,0x00000000d5580000,0x00000000d5980000)
  from space 1024K, 25% used [0x00000000d5980000,0x00000000d59c0000,0x00000000d5a80000)
  to   space 512K, 0% used [0x00000000d5a80000,0x00000000d5a80000,0x00000000d5b00000)
 ParOldGen       total 413184K, used 412897K [0x0000000080000000, 0x0000000099380000, 0x00000000d5580000)
  object space 413184K, 99% used [0x0000000080000000,0x0000000099338510,0x0000000099380000)
 Metaspace       used 78211K, committed 79808K, reserved 1179648K
  class space    used 8268K, committed 8960K, reserved 1048576K
}

Dll operation events (12 events):
Event: 0.018 Loaded shared library c:\Users\Windows\.vscode\extensions\redhat.java-1.52.0-win32-x64\jre\21.0.9-win32-x86_64\bin\java.dll
Event: 0.095 Loaded shared library c:\Users\Windows\.vscode\extensions\redhat.java-1.52.0-win32-x64\jre\21.0.9-win32-x86_64\bin\zip.dll
Event: 0.118 Loaded shared library C:\Users\Windows\.vscode\extensions\redhat.java-1.52.0-win32-x64\jre\21.0.9-win32-x86_64\bin\instrument.dll
Event: 0.124 Loaded shared library C:\Users\Windows\.vscode\extensions\redhat.java-1.52.0-win32-x64\jre\21.0.9-win32-x86_64\bin\net.dll
Event: 0.129 Loaded shared library C:\Users\Windows\.vscode\extensions\redhat.java-1.52.0-win32-x64\jre\21.0.9-win32-x86_64\bin\nio.dll
Event: 0.132 Loaded shared library C:\Users\Windows\.vscode\extensions\redhat.java-1.52.0-win32-x64\jre\21.0.9-win32-x86_64\bin\zip.dll
Event: 0.155 Loaded shared library C:\Users\Windows\.vscode\extensions\redhat.java-1.52.0-win32-x64\jre\21.0.9-win32-x86_64\bin\jimage.dll
Event: 0.287 Loaded shared library c:\Users\Windows\.vscode\extensions\redhat.java-1.52.0-win32-x64\jre\21.0.9-win32-x86_64\bin\verify.dll
Event: 2.209 Loaded shared library C:\Users\Windows\AppData\Roaming\Code\User\globalStorage\redhat.java\1.52.0\config_win\org.eclipse.equinox.launcher\org.eclipse.equinox.launcher.win32.win32.x86_64_1.2.1500.v20260121-1430\eclipse_11919.dll
Event: 5.309 Loaded shared library C:\Users\Windows\AppData\Local\Temp\jna--1280820637\jna17621583641984709387.dll
Event: 21.997 Loaded shared library C:\Users\Windows\.vscode\extensions\redhat.java-1.52.0-win32-x64\jre\21.0.9-win32-x86_64\bin\sunmscapi.dll
Event: 22.308 Loaded shared library C:\Users\Windows\.vscode\extensions\redhat.java-1.52.0-win32-x64\jre\21.0.9-win32-x86_64\bin\extnet.dll

Deoptimization events (20 events):
Event: 312.985 Thread 0x000001688f18bb80 Uncommon trap: trap_request=0xffffffde fr.pc=0x000001683bd3e064 relative=0x0000000000000b04
Event: 312.985 Thread 0x000001688f18bb80 Uncommon trap: reason=class_check action=maybe_recompile pc=0x000001683bd3e064 method=java.io.DataOutputStream.write([BII)V @ 7 c2
Event: 312.985 Thread 0x000001688f18bb80 DEOPT PACKING pc=0x000001683bd3e064 sp=0x000000039befef30
Event: 312.985 Thread 0x000001688f18bb80 DEOPT UNPACKING pc=0x000001683b053aa2 sp=0x000000039befee60 mode 2
Event: 312.985 Thread 0x000001688f18bb80 Uncommon trap: trap_request=0xffffffde fr.pc=0x000001683bafe474 relative=0x00000000000003b4
Event: 312.986 Thread 0x000001688f18bb80 Uncommon trap: reason=class_check action=maybe_recompile pc=0x000001683bafe474 method=java.io.DataOutputStream.writeInt(I)V @ 19 c2
Event: 312.986 Thread 0x000001688f18bb80 DEOPT PACKING pc=0x000001683bafe474 sp=0x000000039befeeb0
Event: 312.986 Thread 0x000001688f18bb80 DEOPT UNPACKING pc=0x000001683b053aa2 sp=0x000000039befee58 mode 2
Event: 312.986 Thread 0x000001688f18bb80 Uncommon trap: trap_request=0xffffffde fr.pc=0x000001683baf85fc relative=0x0000000000000c9c
Event: 312.986 Thread 0x000001688f18bb80 Uncommon trap: reason=class_check action=maybe_recompile pc=0x000001683baf85fc method=java.io.DataOutputStream.write([BII)V @ 7 c2
Event: 312.986 Thread 0x000001688f18bb80 DEOPT PACKING pc=0x000001683baf85fc sp=0x000000039befeba0
Event: 312.987 Thread 0x000001688f18bb80 DEOPT UNPACKING pc=0x000001683b053aa2 sp=0x000000039befeac0 mode 2
Event: 313.242 Thread 0x000001688f18bb80 Uncommon trap: trap_request=0xffffffbe fr.pc=0x000001683bbfb9cc relative=0x00000000000007cc
Event: 313.242 Thread 0x000001688f18bb80 Uncommon trap: reason=profile_predicate action=maybe_recompile pc=0x000001683bbfb9cc method=java.io.InputStream.read([BII)I @ 40 c2
Event: 313.242 Thread 0x000001688f18bb80 DEOPT PACKING pc=0x000001683bbfb9cc sp=0x000000039beff000
Event: 313.242 Thread 0x000001688f18bb80 DEOPT UNPACKING pc=0x000001683b053aa2 sp=0x000000039befef80 mode 2
Event: 313.242 Thread 0x000001688f18bb80 Uncommon trap: trap_request=0xffffffbe fr.pc=0x000001683b9aebd8 relative=0x00000000000005f8
Event: 313.242 Thread 0x000001688f18bb80 Uncommon trap: reason=profile_predicate action=maybe_recompile pc=0x000001683b9aebd8 method=java.io.InputStream.read([BII)I @ 37 c2
Event: 313.242 Thread 0x000001688f18bb80 DEOPT PACKING pc=0x000001683b9aebd8 sp=0x000000039befefd0
Event: 313.242 Thread 0x000001688f18bb80 DEOPT UNPACKING pc=0x000001683b053aa2 sp=0x000000039befef90 mode 2

Classes loaded (20 events):
Event: 63.672 Loading class java/util/stream/ReduceOps$CountingSink done
Event: 63.672 Loading class java/util/stream/ReduceOps$CountingSink$OfRef done
Event: 77.193 Loading class jdk/internal/module/IllegalAccessLogger
Event: 77.193 Loading class jdk/internal/module/IllegalAccessLogger done
Event: 309.208 Loading class java/util/stream/Nodes$CollectorTask$OfRef
Event: 309.281 Loading class java/util/stream/Nodes$CollectorTask
Event: 309.317 Loading class java/util/stream/Nodes$CollectorTask done
Event: 309.318 Loading class java/util/stream/Nodes$CollectorTask$OfRef done
Event: 310.408 Loading class java/util/function/LongFunction
Event: 310.413 Loading class java/util/function/LongFunction done
Event: 310.469 Loading class java/util/stream/Nodes$ConcNode
Event: 310.490 Loading class java/util/stream/Nodes$AbstractConcNode
Event: 310.513 Loading class java/util/stream/Nodes$AbstractConcNode done
Event: 310.514 Loading class java/util/stream/Nodes$ConcNode done
Event: 312.484 Loading class java/io/ObjectOutputStream$BlockDataOutputStream
Event: 312.496 Loading class java/io/ObjectOutputStream$BlockDataOutputStream done
Event: 312.496 Loading class java/io/ObjectOutputStream$HandleTable
Event: 312.507 Loading class java/io/ObjectOutputStream$HandleTable done
Event: 312.508 Loading class java/io/ObjectOutputStream$ReplaceTable
Event: 312.514 Loading class java/io/ObjectOutputStream$ReplaceTable done

Classes unloaded (7 events):
Event: 6.100 Thread 0x000001683098ead0 Unloading class 0x00000168491aac00 'java/lang/invoke/LambdaForm$MH+0x00000168491aac00'
Event: 6.100 Thread 0x000001683098ead0 Unloading class 0x00000168491aa800 'java/lang/invoke/LambdaForm$MH+0x00000168491aa800'
Event: 6.100 Thread 0x000001683098ead0 Unloading class 0x00000168491aa400 'java/lang/invoke/LambdaForm$MH+0x00000168491aa400'
Event: 6.100 Thread 0x000001683098ead0 Unloading class 0x00000168491aa000 'java/lang/invoke/LambdaForm$MH+0x00000168491aa000'
Event: 6.100 Thread 0x000001683098ead0 Unloading class 0x00000168491a9c00 'java/lang/invoke/LambdaForm$BMH+0x00000168491a9c00'
Event: 6.100 Thread 0x000001683098ead0 Unloading class 0x00000168491a9800 'java/lang/invoke/LambdaForm$DMH+0x00000168491a9800'
Event: 6.100 Thread 0x000001683098ead0 Unloading class 0x00000168491a8400 'java/lang/invoke/LambdaForm$DMH+0x00000168491a8400'

Classes redefined (0 events):
No events

Internal exceptions (20 events):
Event: 19.721 Thread 0x000001688f18b4f0 Exception <a 'java/lang/NoSuchMethodError'{0x00000000d55e8da8}: 'java.lang.Object java.lang.invoke.DirectMethodHandle$Holder.invokeStatic(java.lang.Object, java.lang.Object, int, java.lang.Object)'> (0x00000000d55e8da8) 
thrown [s\src\hotspot\share\interpreter\linkResolver.cpp, line 773]
Event: 21.958 Thread 0x00000168916fdbc0 Exception <a 'java/lang/NoSuchMethodError'{0x00000000d55c1e20}: 'java.lang.Object java.lang.invoke.DirectMethodHandle$Holder.invokeStaticInit(java.lang.Object, java.lang.Object, int)'> (0x00000000d55c1e20) 
thrown [s\src\hotspot\share\interpreter\linkResolver.cpp, line 773]
Event: 22.029 Thread 0x00000168916fdbc0 Exception <a 'sun/nio/fs/WindowsException'{0x00000000d55ef158}> (0x00000000d55ef158) 
thrown [s\src\hotspot\share\prims\jni.cpp, line 520]
Event: 22.323 Thread 0x00000168916fdbc0 Exception <a 'java/lang/NoSuchMethodError'{0x00000000d55d9110}: 'void java.lang.invoke.DirectMethodHandle$Holder.invokeStatic(java.lang.Object, java.lang.Object, java.lang.Object, java.lang.Object, java.lang.Object, java.lang.Object, java.lang.Object)'> (0x00000000d55d9110) 
thrown [s\src\hotspot\share\interpreter\linkResolver.cpp, line 773]
Event: 22.585 Thread 0x0000016891109300 Exception <a 'java/lang/NoSuchMethodError'{0x00000000d5641310}: 'void java.lang.invoke.DirectMethodHandle$Holder.invokeStatic(java.lang.Object, java.lang.Object, int)'> (0x00000000d5641310) 
thrown [s\src\hotspot\share\interpreter\linkResolver.cpp, line 773]
Event: 59.680 Thread 0x00000168916f9a20 Exception <a 'java/lang/IncompatibleClassChangeError'{0x00000000d5626c18}: Found class java.lang.Object, but interface was expected> (0x00000000d5626c18) 
thrown [s\src\hotspot\share\interpreter\linkResolver.cpp, line 840]
Event: 59.870 Thread 0x00000168916fdbc0 Exception <a 'java/lang/NoSuchMethodError'{0x00000000d571b278}: 'java.lang.Object java.lang.invoke.DirectMethodHandle$Holder.invokeSpecial(java.lang.Object, java.lang.Object, java.lang.Object, java.lang.Object, int, java.lang.Object, java.lang.Object)'> (0x00000000d571b278) 
thrown [s\src\hotspot\share\interpreter\linkResolver.cpp, line 773]
Event: 60.276 Thread 0x00000168916f9a20 Exception <a 'java/lang/IncompatibleClassChangeError'{0x00000000d5589e98}: Found class java.lang.Object, but interface was expected> (0x00000000d5589e98) 
thrown [s\src\hotspot\share\interpreter\linkResolver.cpp, line 840]
Event: 60.277 Thread 0x00000168916f9a20 Exception <a 'java/lang/IncompatibleClassChangeError'{0x00000000d558ea98}: Found class java.lang.Object, but interface was expected> (0x00000000d558ea98) 
thrown [s\src\hotspot\share\interpreter\linkResolver.cpp, line 840]
Event: 62.703 Thread 0x000001688f18ae60 Exception <a 'sun/nio/fs/WindowsException'{0x00000000d559bbc8}> (0x00000000d559bbc8) 
thrown [s\src\hotspot\share\prims\jni.cpp, line 520]
Event: 63.266 Thread 0x00000168916fdbc0 Exception <a 'java/lang/NoSuchMethodError'{0x00000000d5759e50}: 'int java.lang.invoke.Invokers$Holder.invokeExact_MT(java.lang.Object, java.lang.Object)'> (0x00000000d5759e50) 
thrown [s\src\hotspot\share\interpreter\linkResolver.cpp, line 773]
Event: 64.065 Thread 0x000001688f18ae60 Exception <a 'sun/nio/fs/WindowsException'{0x00000000d5712108}> (0x00000000d5712108) 
thrown [s\src\hotspot\share\prims\jni.cpp, line 520]
Event: 76.928 Thread 0x000001688f18ae60 Exception <a 'sun/nio/fs/WindowsException'{0x00000000d563ec90}> (0x00000000d563ec90) 
thrown [s\src\hotspot\share\prims\jni.cpp, line 520]
Event: 77.474 Thread 0x000001688f18ae60 Exception <a 'sun/nio/fs/WindowsException'{0x00000000d55d7258}> (0x00000000d55d7258) 
thrown [s\src\hotspot\share\prims\jni.cpp, line 520]
Event: 217.245 Thread 0x00000168916fdbc0 Exception <a 'java/lang/NoSuchMethodError'{0x00000000d590c418}: 'java.lang.Object java.lang.invoke.DirectMethodHandle$Holder.invokeStatic(java.lang.Object, int, java.lang.Object)'> (0x00000000d590c418) 
thrown [s\src\hotspot\share\interpreter\linkResolver.cpp, line 773]
Event: 312.137 Thread 0x000001688f18bb80 Exception <a 'sun/nio/fs/WindowsException'{0x00000000d588c2a8}> (0x00000000d588c2a8) 
thrown [s\src\hotspot\share\prims\jni.cpp, line 520]
Event: 312.167 Thread 0x000001688f18bb80 Exception <a 'sun/nio/fs/WindowsException'{0x00000000d588cdc0}> (0x00000000d588cdc0) 
thrown [s\src\hotspot\share\prims\jni.cpp, line 520]
Event: 312.279 Thread 0x000001688f18bb80 Implicit null exception at 0x000001683ba470a1 to 0x000001683ba47400
Event: 312.902 Thread 0x000001688f18bb80 Exception <a 'java/lang/NoSuchMethodError'{0x00000000d5925f20}: static [J.<clinit>()V> (0x00000000d5925f20) 
thrown [s\src\hotspot\share\prims\jni.cpp, line 1111]
Event: 313.029 Thread 0x000001688f18bb80 Exception <a 'java/lang/NoSuchMethodError'{0x00000000d59618c8}: 'java.lang.Object java.lang.invoke.DirectMethodHandle$Holder.newInvokeSpecial(java.lang.Object, java.lang.Object, java.lang.Object, java.lang.Object, java.lang.Object, java.lang.Object, java.lang.Object, java.lang.Object)'> (0x00000000d59618c8) 
thrown [s\src\hotspot\share\interpreter\linkResolver.cpp, line 773]

ZGC Phase Switch (0 events):
No events

VM Operations (20 events):
Event: 306.717 Executing VM operation: Cleanup
Event: 306.763 Executing VM operation: Cleanup done
Event: 307.768 Executing VM operation: Cleanup
Event: 307.769 Executing VM operation: Cleanup done
Event: 308.772 Executing VM operation: Cleanup
Event: 308.788 Executing VM operation: Cleanup done
Event: 309.798 Executing VM operation: Cleanup
Event: 310.377 Executing VM operation: Cleanup done
Event: 310.377 Executing VM operation: HandshakeAllThreads (Deoptimize)
Event: 310.397 Executing VM operation: HandshakeAllThreads (Deoptimize) done
Event: 312.420 Executing VM operation: Cleanup
Event: 312.421 Executing VM operation: Cleanup done
Event: 312.945 Executing VM operation: HandshakeAllThreads (Deoptimize)
Event: 312.946 Executing VM operation: HandshakeAllThreads (Deoptimize) done
Event: 313.073 Executing VM operation: HandshakeAllThreads (Deoptimize)
Event: 313.074 Executing VM operation: HandshakeAllThreads (Deoptimize) done
Event: 313.111 Executing VM operation: ParallelGCFailedAllocation (Allocation Failure)
Event: 313.239 Executing VM operation: ParallelGCFailedAllocation (Allocation Failure) done
Event: 314.252 Executing VM operation: Cleanup
Event: 314.252 Executing VM operation: Cleanup done

Memory protections (0 events):
No events

Nmethod flushes (20 events):
Event: 13.451 Thread 0x000001683098ead0 flushing  nmethod 0x000001683430c690
Event: 13.451 Thread 0x000001683098ead0 flushing  nmethod 0x0000016834338b10
Event: 13.451 Thread 0x000001683098ead0 flushing  nmethod 0x0000016834339090
Event: 13.451 Thread 0x000001683098ead0 flushing  nmethod 0x0000016834344090
Event: 13.451 Thread 0x000001683098ead0 flushing osr nmethod 0x0000016834381a90
Event: 13.451 Thread 0x000001683098ead0 flushing osr nmethod 0x00000168343d7b90
Event: 13.451 Thread 0x000001683098ead0 flushing  nmethod 0x00000168343e1210
Event: 13.451 Thread 0x000001683098ead0 flushing  nmethod 0x000001683440bd90
Event: 13.451 Thread 0x000001683098ead0 flushing  nmethod 0x0000016834412410
Event: 13.451 Thread 0x000001683098ead0 flushing  nmethod 0x0000016834446a10
Event: 13.451 Thread 0x000001683098ead0 flushing  nmethod 0x0000016834458390
Event: 13.451 Thread 0x000001683098ead0 flushing  nmethod 0x0000016834458810
Event: 13.451 Thread 0x000001683098ead0 flushing  nmethod 0x0000016834458d90
Event: 13.451 Thread 0x000001683098ead0 flushing  nmethod 0x000001683445ab90
Event: 13.451 Thread 0x000001683098ead0 flushing  nmethod 0x000001683445af10
Event: 13.451 Thread 0x000001683098ead0 flushing  nmethod 0x000001683445d290
Event: 13.451 Thread 0x000001683098ead0 flushing  nmethod 0x000001683445d790
Event: 13.451 Thread 0x000001683098ead0 flushing  nmethod 0x000001683447fe90
Event: 13.451 Thread 0x000001683098ead0 flushing  nmethod 0x0000016834480190
Event: 13.451 Thread 0x000001683098ead0 flushing  nmethod 0x0000016834480a90

Events (20 events):
Event: 187.930 Thread 0x00000168916fa0b0 Thread exited: 0x00000168916fa0b0
Event: 193.920 Thread 0x00000168916ffc90 Thread exited: 0x00000168916ffc90
Event: 253.921 Thread 0x00000168916fe8e0 Thread exited: 0x00000168916fe8e0
Event: 306.718 Thread 0x000001688f18bb80 Thread added: 0x000001689110b3d0
Event: 309.020 Thread 0x000001688f18bb80 Thread added: 0x0000016891109990
Event: 310.541 Thread 0x0000016891109990 Thread exited: 0x0000016891109990
Event: 311.990 Thread 0x00000168916fc810 Thread exited: 0x00000168916fc810
Event: 311.996 Thread 0x00000168904e6c00 Thread exited: 0x00000168904e6c00
Event: 311.997 Thread 0x00000168904e8cd0 Thread exited: 0x00000168904e8cd0
Event: 312.368 Thread 0x000001688f18bb80 Thread added: 0x0000016891109990
Event: 312.418 Thread 0x0000016891109990 Thread exited: 0x0000016891109990
Event: 312.663 Thread 0x00000168916fbaf0 Thread exited: 0x00000168916fbaf0
Event: 313.671 Thread 0x00000168904ec150 Thread exited: 0x00000168904ec150
Event: 313.725 Thread 0x00000168904eada0 Thread exited: 0x00000168904eada0
Event: 313.791 Thread 0x00000168904ebac0 Thread exited: 0x00000168904ebac0
Event: 313.820 Thread 0x00000168904e8640 Thread exited: 0x00000168904e8640
Event: 313.850 Thread 0x00000168904ea710 Thread exited: 0x00000168904ea710
Event: 313.914 Thread 0x00000168916fcea0 Thread exited: 0x00000168916fcea0
Event: 313.923 Thread 0x00000168916ff600 Thread exited: 0x00000168916ff600
Event: 314.030 Thread 0x00000168904e5ee0 Thread exited: 0x00000168904e5ee0


Dynamic libraries:
0x00007ff6ff850000 - 0x00007ff6ff85e000 	c:\Users\Windows\.vscode\extensions\redhat.java-1.52.0-win32-x64\jre\21.0.9-win32-x86_64\bin\java.exe
0x00007ffe199e0000 - 0x00007ffe19c47000 	C:\WINDOWS\SYSTEM32\ntdll.dll
0x00007ffe185e0000 - 0x00007ffe186a9000 	C:\WINDOWS\System32\KERNEL32.DLL
0x00007ffe17290000 - 0x00007ffe1767f000 	C:\WINDOWS\System32\KERNELBASE.dll
0x00007ffe17000000 - 0x00007ffe1714b000 	C:\WINDOWS\System32\ucrtbase.dll
0x00007ffdf75e0000 - 0x00007ffdf75f8000 	c:\Users\Windows\.vscode\extensions\redhat.java-1.52.0-win32-x64\jre\21.0.9-win32-x86_64\bin\jli.dll
0x00007ffdf6170000 - 0x00007ffdf618e000 	c:\Users\Windows\.vscode\extensions\redhat.java-1.52.0-win32-x64\jre\21.0.9-win32-x86_64\bin\VCRUNTIME140.dll
0x00007ffe19160000 - 0x00007ffe19325000 	C:\WINDOWS\System32\USER32.dll
0x00007ffdfbd20000 - 0x00007ffdfbfb3000 	C:\WINDOWS\WinSxS\amd64_microsoft.windows.common-controls_6595b64144ccf1df_6.0.26100.7309_none_3e05feeae336a044\COMCTL32.dll
0x00007ffe17690000 - 0x00007ffe176b7000 	C:\WINDOWS\System32\win32u.dll
0x00007ffe17780000 - 0x00007ffe17829000 	C:\WINDOWS\System32\msvcrt.dll
0x00007ffe186b0000 - 0x00007ffe186db000 	C:\WINDOWS\System32\GDI32.dll
0x00007ffe16ed0000 - 0x00007ffe16ffc000 	C:\WINDOWS\System32\gdi32full.dll
0x00007ffe16cb0000 - 0x00007ffe16d53000 	C:\WINDOWS\System32\msvcp_win.dll
0x00007ffe198e0000 - 0x00007ffe19911000 	C:\WINDOWS\System32\IMM32.DLL
0x00007ffdff4c0000 - 0x00007ffdff4cc000 	c:\Users\Windows\.vscode\extensions\redhat.java-1.52.0-win32-x64\jre\21.0.9-win32-x86_64\bin\vcruntime140_1.dll
0x00007ffdc1be0000 - 0x00007ffdc1c6d000 	c:\Users\Windows\.vscode\extensions\redhat.java-1.52.0-win32-x64\jre\21.0.9-win32-x86_64\bin\msvcp140.dll
0x00007ffd9de30000 - 0x00007ffd9ebd0000 	c:\Users\Windows\.vscode\extensions\redhat.java-1.52.0-win32-x64\jre\21.0.9-win32-x86_64\bin\server\jvm.dll
0x00007ffe17830000 - 0x00007ffe178e4000 	C:\WINDOWS\System32\ADVAPI32.dll
0x00007ffe195a0000 - 0x00007ffe19646000 	C:\WINDOWS\System32\sechost.dll
0x00007ffe19650000 - 0x00007ffe19768000 	C:\WINDOWS\System32\RPCRT4.dll
0x00007ffe17920000 - 0x00007ffe17994000 	C:\WINDOWS\System32\WS2_32.dll
0x00007ffe16990000 - 0x00007ffe169ee000 	C:\WINDOWS\SYSTEM32\POWRPROF.dll
0x00007ffe10570000 - 0x00007ffe105a5000 	C:\WINDOWS\SYSTEM32\WINMM.dll
0x00007ffe105b0000 - 0x00007ffe105bb000 	C:\WINDOWS\SYSTEM32\VERSION.dll
0x00007ffe16970000 - 0x00007ffe16984000 	C:\WINDOWS\SYSTEM32\UMPDC.dll
0x00007ffe158a0000 - 0x00007ffe158bb000 	C:\WINDOWS\SYSTEM32\kernel.appcore.dll
0x00007ffdfeef0000 - 0x00007ffdfeefa000 	c:\Users\Windows\.vscode\extensions\redhat.java-1.52.0-win32-x64\jre\21.0.9-win32-x86_64\bin\jimage.dll
0x00007ffe0a890000 - 0x00007ffe0aad2000 	C:\WINDOWS\SYSTEM32\DBGHELP.DLL
0x00007ffe18cd0000 - 0x00007ffe19056000 	C:\WINDOWS\System32\combase.dll
0x00007ffe19430000 - 0x00007ffe19506000 	C:\WINDOWS\System32\OLEAUT32.dll
0x00007ffdfb480000 - 0x00007ffdfb4bc000 	C:\WINDOWS\SYSTEM32\dbgcore.DLL
0x00007ffe171e0000 - 0x00007ffe17285000 	C:\WINDOWS\System32\bcryptPrimitives.dll
0x00007ffdfeec0000 - 0x00007ffdfeecf000 	c:\Users\Windows\.vscode\extensions\redhat.java-1.52.0-win32-x64\jre\21.0.9-win32-x86_64\bin\instrument.dll
0x00007ffdf74e0000 - 0x00007ffdf7500000 	c:\Users\Windows\.vscode\extensions\redhat.java-1.52.0-win32-x64\jre\21.0.9-win32-x86_64\bin\java.dll
0x00007ffe17e80000 - 0x00007ffe185d3000 	C:\WINDOWS\System32\SHELL32.dll
0x00007ffe16d60000 - 0x00007ffe16eca000 	C:\WINDOWS\System32\wintypes.dll
0x00007ffe146f0000 - 0x00007ffe14f4e000 	C:\WINDOWS\SYSTEM32\windows.storage.dll
0x00007ffe19330000 - 0x00007ffe19425000 	C:\WINDOWS\System32\SHCORE.dll
0x00007ffe19530000 - 0x00007ffe19596000 	C:\WINDOWS\System32\shlwapi.dll
0x00007ffe16a50000 - 0x00007ffe16a79000 	C:\WINDOWS\SYSTEM32\profapi.dll
0x00007ffdf6060000 - 0x00007ffdf6078000 	c:\Users\Windows\.vscode\extensions\redhat.java-1.52.0-win32-x64\jre\21.0.9-win32-x86_64\bin\zip.dll
0x00007ffdfee70000 - 0x00007ffdfee80000 	C:\Users\Windows\.vscode\extensions\redhat.java-1.52.0-win32-x64\jre\21.0.9-win32-x86_64\bin\net.dll
0x00007ffe10440000 - 0x00007ffe10568000 	C:\WINDOWS\SYSTEM32\WINHTTP.dll
0x00007ffe15df0000 - 0x00007ffe15e5b000 	C:\WINDOWS\system32\mswsock.dll
0x00007ffdf5e40000 - 0x00007ffdf5e56000 	C:\Users\Windows\.vscode\extensions\redhat.java-1.52.0-win32-x64\jre\21.0.9-win32-x86_64\bin\nio.dll
0x00007ffdfb9c0000 - 0x00007ffdfb9d0000 	c:\Users\Windows\.vscode\extensions\redhat.java-1.52.0-win32-x64\jre\21.0.9-win32-x86_64\bin\verify.dll
0x00007ffde2760000 - 0x00007ffde27a5000 	C:\Users\Windows\AppData\Roaming\Code\User\globalStorage\redhat.java\1.52.0\config_win\org.eclipse.equinox.launcher\org.eclipse.equinox.launcher.win32.win32.x86_64_1.2.1500.v20260121-1430\eclipse_11919.dll
0x00007ffe179f0000 - 0x00007ffe17b87000 	C:\WINDOWS\System32\ole32.dll
0x00007ffe161e0000 - 0x00007ffe161fb000 	C:\WINDOWS\SYSTEM32\CRYPTSP.dll
0x00007ffe15800000 - 0x00007ffe1583a000 	C:\WINDOWS\system32\rsaenh.dll
0x00007ffe15ea0000 - 0x00007ffe15ecb000 	C:\WINDOWS\SYSTEM32\USERENV.dll
0x00007ffe16a20000 - 0x00007ffe16a4a000 	C:\WINDOWS\SYSTEM32\bcrypt.dll
0x00007ffe161c0000 - 0x00007ffe161cc000 	C:\WINDOWS\SYSTEM32\CRYPTBASE.dll
0x00007ffe152e0000 - 0x00007ffe15314000 	C:\WINDOWS\SYSTEM32\IPHLPAPI.DLL
0x00007ffe19520000 - 0x00007ffe1952a000 	C:\WINDOWS\System32\NSI.dll
0x00007ffdf5ef0000 - 0x00007ffdf5f39000 	C:\Users\Windows\AppData\Local\Temp\jna--1280820637\jna17621583641984709387.dll
0x00007ffe19510000 - 0x00007ffe19518000 	C:\WINDOWS\System32\PSAPI.DLL
0x00007ffe10850000 - 0x00007ffe1086e000 	C:\WINDOWS\SYSTEM32\dhcpcsvc6.DLL
0x00007ffe10820000 - 0x00007ffe10843000 	C:\WINDOWS\SYSTEM32\dhcpcsvc.DLL
0x00007ffe159c0000 - 0x00007ffe159f6000 	C:\WINDOWS\SYSTEM32\ntmarta.dll
0x00007ffe10880000 - 0x00007ffe1088e000 	C:\Users\Windows\.vscode\extensions\redhat.java-1.52.0-win32-x64\jre\21.0.9-win32-x86_64\bin\sunmscapi.dll
0x00007ffe16b30000 - 0x00007ffe16ca7000 	C:\WINDOWS\System32\CRYPT32.dll
0x00007ffe16330000 - 0x00007ffe16360000 	C:\WINDOWS\SYSTEM32\ncrypt.dll
0x00007ffe162e0000 - 0x00007ffe1631f000 	C:\WINDOWS\SYSTEM32\NTASN1.dll
0x00007ffdfb980000 - 0x00007ffdfb988000 	C:\WINDOWS\system32\wshunix.dll
0x00007ffdfb970000 - 0x00007ffdfb979000 	C:\Users\Windows\.vscode\extensions\redhat.java-1.52.0-win32-x64\jre\21.0.9-win32-x86_64\bin\extnet.dll
0x00007ffe15380000 - 0x00007ffe154ac000 	C:\WINDOWS\SYSTEM32\DNSAPI.dll
0x00007ffe0d930000 - 0x00007ffe0d93b000 	C:\Windows\System32\rasadhlp.dll
0x00007ffe10bb0000 - 0x00007ffe10c36000 	C:\WINDOWS\System32\fwpuclnt.dll

JVMTI agents:
c:\Users\Windows\.vscode\extensions\redhat.java-1.52.0-win32-x64\lombok\lombok-1.18.39-4050.jar path:c:\Users\Windows\.vscode\extensions\redhat.java-1.52.0-win32-x64\jre\21.0.9-win32-x86_64\bin\instrument.dll, loaded, initialized, instrumentlib options:none

dbghelp: loaded successfully - version: 4.0.5 - missing functions: none
symbol engine: initialized successfully - sym options: 0x614 - pdb path: .;c:\Users\Windows\.vscode\extensions\redhat.java-1.52.0-win32-x64\jre\21.0.9-win32-x86_64\bin;C:\WINDOWS\SYSTEM32;C:\WINDOWS\WinSxS\amd64_microsoft.windows.common-controls_6595b64144ccf1df_6.0.26100.7309_none_3e05feeae336a044;c:\Users\Windows\.vscode\extensions\redhat.java-1.52.0-win32-x64\jre\21.0.9-win32-x86_64\bin\server;C:\Users\Windows\AppData\Roaming\Code\User\globalStorage\redhat.java\1.52.0\config_win\org.eclipse.equinox.launcher\org.eclipse.equinox.launcher.win32.win32.x86_64_1.2.1500.v20260121-1430;C:\Users\Windows\AppData\Local\Temp\jna--1280820637

VM Arguments:
jvm_args: --add-modules=ALL-SYSTEM --add-opens=java.base/java.util=ALL-UNNAMED --add-opens=java.base/java.lang=ALL-UNNAMED --add-opens=java.base/sun.nio.fs=ALL-UNNAMED -Declipse.application=org.eclipse.jdt.ls.core.id1 -Dosgi.bundles.defaultStartLevel=4 -Declipse.product=org.eclipse.jdt.ls.core.product -Djava.import.generatesMetadataFilesAtProjectRoot=false -DDetectVMInstallationsJob.disabled=true -Dfile.encoding=utf8 -XX:+UseParallelGC -XX:GCTimeRatio=4 -XX:AdaptiveSizePolicyWeight=90 -Dsun.zip.disableMemoryMapping=true -Xmx2G -Xms100m -Xlog:disable -javaagent:c:\Users\Windows\.vscode\extensions\redhat.java-1.52.0-win32-x64\lombok\lombok-1.18.39-4050.jar -XX:+HeapDumpOnOutOfMemoryError -XX:HeapDumpPath=c:\Users\Windows\AppData\Roaming\Code\User\workspaceStorage\dfdc2452a5078a7f15487c969d3a8cff\redhat.java -Daether.dependencyCollector.impl=bf 
java_command: c:\Users\Windows\.vscode\extensions\redhat.java-1.52.0-win32-x64\server\plugins\org.eclipse.equinox.launcher_1.7.100.v20251111-0406.jar -configuration c:\Users\Windows\AppData\Roaming\Code\User\globalStorage\redhat.java\1.52.0\config_win -data c:\Users\Windows\AppData\Roaming\Code\User\workspaceStorage\dfdc2452a5078a7f15487c969d3a8cff\redhat.java\jdt_ws --pipe=\\.\pipe\lsp-43fe6a5d7ace6be88355fe768cd5e24e-sock
java_class_path (initial): c:\Users\Windows\.vscode\extensions\redhat.java-1.52.0-win32-x64\server\plugins\org.eclipse.equinox.launcher_1.7.100.v20251111-0406.jar
Launcher Type: SUN_STANDARD

[Global flags]
    uintx AdaptiveSizePolicyWeight                 = 90                                        {product} {command line}
     intx CICompilerCount                          = 4                                         {product} {ergonomic}
    uintx GCTimeRatio                              = 4                                         {product} {command line}
     bool HeapDumpOnOutOfMemoryError               = true                                   {manageable} {command line}
    ccstr HeapDumpPath                             = c:\Users\Windows\AppData\Roaming\Code\User\workspaceStorage\dfdc2452a5078a7f15487c969d3a8cff\redhat.java         {manageable} {command line}
   size_t InitialHeapSize                          = 104857600                                 {product} {command line}
   size_t MaxHeapSize                              = 2147483648                                {product} {command line}
   size_t MaxNewSize                               = 715653120                                 {product} {ergonomic}
   size_t MinHeapDeltaBytes                        = 524288                                    {product} {ergonomic}
   size_t MinHeapSize                              = 104857600                                 {product} {command line}
   size_t NewSize                                  = 34603008                                  {product} {ergonomic}
    uintx NonNMethodCodeHeapSize                   = 5839372                                {pd product} {ergonomic}
    uintx NonProfiledCodeHeapSize                  = 122909434                              {pd product} {ergonomic}
   size_t OldSize                                  = 70254592                                  {product} {ergonomic}
    uintx ProfiledCodeHeapSize                     = 122909434                              {pd product} {ergonomic}
    uintx ReservedCodeCacheSize                    = 251658240                              {pd product} {ergonomic}
     bool SegmentedCodeCache                       = true                                      {product} {ergonomic}
   size_t SoftMaxHeapSize                          = 2147483648                             {manageable} {ergonomic}
     bool UseCompressedOops                        = true                           {product lp64_product} {ergonomic}
     bool UseLargePagesIndividualAllocation        = false                                  {pd product} {ergonomic}
     bool UseParallelGC                            = true                                      {product} {command line}

Logging:
Log output configuration:
 #0: stdout all=off uptime,level,tags foldmultilines=false
 #1: stderr all=off uptime,level,tags foldmultilines=false

Release file:
JAVA_VERSION="21.0.9" 
MODULES="java.base java.compiler java.datatransfer java.xml java.prefs java.desktop java.instrument java.logging java.management java.security.sasl java.naming java.rmi java.management.rmi java.net.http java.scripting java.security.jgss java.transaction.xa java.sql java.sql.rowset java.xml.crypto java.se java.smartcardio jdk.accessibility jdk.internal.jvmstat jdk.attach jdk.charsets jdk.internal.opt jdk.zipfs jdk.compiler jdk.crypto.ec jdk.crypto.cryptoki jdk.crypto.mscapi jdk.dynalink jdk.internal.ed jdk.editpad jdk.hotspot.agent jdk.httpserver jdk.internal.le jdk.internal.vm.ci jdk.internal.vm.compiler jdk.internal.vm.compiler.management jdk.jartool jdk.javadoc jdk.jcmd jdk.management jdk.management.agent jdk.jconsole jdk.jdeps jdk.jdwp.agent jdk.jdi jdk.jfr jdk.jshell jdk.jsobject jdk.jstatd jdk.localedata jdk.management.jfr jdk.naming.dns jdk.naming.rmi jdk.net jdk.nio.mapmode jdk.random jdk.sctp jdk.security.auth jdk.security.jgss jdk.unsupported jdk.unsupported.desktop jdk.xml.dom" 

Environment Variables:
PATH=C:\Program Files (x86)\Common Files\Oracle\Java\java8path;C:\Program Files (x86)\Common Files\Oracle\Java\javapath;C:\WINDOWS\system32;C:\WINDOWS;C:\WINDOWS\System32\Wbem;C:\WINDOWS\System32\WindowsPowerShell\v1.0\;C:\WINDOWS\System32\OpenSSH\;C:\Program Files\dotnet\;C:\Program Files\Git\cmd;C:\Program Files\Docker\Docker\resources\bin;C:\Program Files\MySQL\MySQL Shell 8.0\bin\;C:\Users\Windows\AppData\Local\Programs\Python\Python313\Scripts\;C:\Users\Windows\AppData\Local\Programs\Python\Python313\;C:\Users\Windows\AppData\Local\Programs\Python\Launcher\;C:\Users\Windows\AppData\Local\Microsoft\WindowsApps;C:\Users\Windows\AppData\Local\Programs\Microsoft VS Code\bin;C:\Program Files\Git\bin;
USERNAME=Windows
OS=Windows_NT
PROCESSOR_IDENTIFIER=AMD64 Family 23 Model 104 Stepping 1, AuthenticAMD
TMP=C:\Users\Windows\AppData\Local\Temp
TEMP=C:\Users\Windows\AppData\Local\Temp




Periodic native trim disabled

---------------  S Y S T E M  ---------------

OS:
 Windows 11 , 64 bit Build 26100 (10.0.26100.7623)
OS uptime: 0 days 5:43 hours
Hyper-V role detected

CPU: total 8 (initial active 8) (8 cores per cpu, 2 threads per core) family 23 model 104 stepping 1 microcode 0x8608104, cx8, cmov, fxsr, ht, mmx, 3dnowpref, sse, sse2, sse3, ssse3, sse4a, sse4.1, sse4.2, popcnt, lzcnt, tsc, tscinvbit, avx, avx2, aes, clmul, bmi1, bmi2, adx, sha, fma, vzeroupper, clflush, clflushopt, hv, rdtscp, rdpid, f16c
Processor Information for processor 0
  Max Mhz: 2600, Current Mhz: 2600, Mhz Limit: 2600
Processor Information for processor 1
  Max Mhz: 2600, Current Mhz: 2600, Mhz Limit: 2600
Processor Information for processor 2
  Max Mhz: 2600, Current Mhz: 2600, Mhz Limit: 2600
Processor Information for processor 3
  Max Mhz: 2600, Current Mhz: 1789, Mhz Limit: 2600
Processor Information for processor 4
  Max Mhz: 2600, Current Mhz: 2600, Mhz Limit: 2600
Processor Information for processor 5
  Max Mhz: 2600, Current Mhz: 2600, Mhz Limit: 2600
Processor Information for processor 6
  Max Mhz: 2600, Current Mhz: 1789, Mhz Limit: 2600
Processor Information for processor 7
  Max Mhz: 2600, Current Mhz: 1789, Mhz Limit: 2600

Memory: 4k page, system-wide physical 3406M (182M free)
TotalPageFile size 13646M (AvailPageFile size 2M)
current process WorkingSet (physical memory assigned to process): 88M, peak: 293M
current process commit charge ("private bytes"): 697M, peak: 723M

vm_info: OpenJDK 64-Bit Server VM (21.0.9+10-LTS) for windows-amd64 JRE (21.0.9+10-LTS), built on 2025-10-21T00:00:00Z by "admin" with unknown MS VC++:1942

END.
